                              1 ;--------------------------------------------------------
                              2 ; File Created by SDCC : free open source ANSI-C Compiler
                              3 ; Version 3.6.0 #9615 (MINGW32)
                              4 ;--------------------------------------------------------
                              5 	.module StateCredits
                              6 	.optsdcc -mgbz80
                              7 	
                              8 ;--------------------------------------------------------
                              9 ; Public variables in this module
                             10 ;--------------------------------------------------------
                             11 	.globl _Update_STATE_CREDITS
                             12 	.globl _Start_STATE_CREDITS
                             13 	.globl _bank_STATE_CREDITS
                             14 ;--------------------------------------------------------
                             15 ; ram data
                             16 ;--------------------------------------------------------
                             17 	.area _DATA
   0000                      18 _bank_STATE_CREDITS::
   0000                      19 	.ds 1
                             20 ;--------------------------------------------------------
                             21 ; absolute external ram data
                             22 ;--------------------------------------------------------
                             23 	.area _DABS (ABS)
                             24 ;--------------------------------------------------------
                             25 ; global & static initialisations
                             26 ;--------------------------------------------------------
                             27 	.area _HOME
                             28 	.area _GSINIT
                             29 	.area _GSFINAL
                             30 	.area _GSINIT
                             31 ;StateCredits.c:6: UINT8 bank_STATE_CREDITS = 2;
   0000 21r00r00             32 	ld	hl,#_bank_STATE_CREDITS
   0003 36 02                33 	ld	(hl),#0x02
                             34 ;--------------------------------------------------------
                             35 ; Home
                             36 ;--------------------------------------------------------
                             37 	.area _HOME
                             38 	.area _HOME
                             39 ;--------------------------------------------------------
                             40 ; code
                             41 ;--------------------------------------------------------
                             42 	.area _CODE_2
                             43 ;StateCredits.c:15: void Start_STATE_CREDITS() {
                             44 ;	---------------------------------
                             45 ; Function Start_STATE_CREDITS
                             46 ; ---------------------------------
   0000                      47 _Start_STATE_CREDITS::
                             48 ;StateCredits.c:17: }
   0000 C9                   49 	ret
                             50 ;StateCredits.c:19: void Update_STATE_CREDITS() {
                             51 ;	---------------------------------
                             52 ; Function Update_STATE_CREDITS
                             53 ; ---------------------------------
   0001                      54 _Update_STATE_CREDITS::
                             55 ;StateCredits.c:22: }
   0001 C9                   56 	ret
                             57 	.area _CODE_2
                             58 	.area _CABS (ABS)
