                              1 ;--------------------------------------------------------
                              2 ; File Created by SDCC : free open source ANSI-C Compiler
                              3 ; Version 3.6.0 #9615 (MINGW32)
                              4 ;--------------------------------------------------------
                              5 	.module map_flogo_b3
                              6 	.optsdcc -mgbz80
                              7 	
                              8 ;--------------------------------------------------------
                              9 ; Public variables in this module
                             10 ;--------------------------------------------------------
                             11 	.globl _map_flogoPLN1
                             12 	.globl _map_flogoPLN0
                             13 ;--------------------------------------------------------
                             14 ; ram data
                             15 ;--------------------------------------------------------
                             16 	.area _DATA
                             17 ;--------------------------------------------------------
                             18 ; absolute external ram data
                             19 ;--------------------------------------------------------
                             20 	.area _DABS (ABS)
                             21 ;--------------------------------------------------------
                             22 ; global & static initialisations
                             23 ;--------------------------------------------------------
                             24 	.area _HOME
                             25 	.area _GSINIT
                             26 	.area _GSFINAL
                             27 	.area _GSINIT
                             28 ;--------------------------------------------------------
                             29 ; Home
                             30 ;--------------------------------------------------------
                             31 	.area _HOME
                             32 	.area _HOME
                             33 ;--------------------------------------------------------
                             34 ; code
                             35 ;--------------------------------------------------------
                             36 	.area _CODE
                             37 	.area _CODE
                             38 	.area _CODE_3
   0000                      39 _map_flogoPLN0:
   0000 00                   40 	.db #0x00	; 0
   0001 00                   41 	.db #0x00	; 0
   0002 00                   42 	.db #0x00	; 0
   0003 00                   43 	.db #0x00	; 0
   0004 00                   44 	.db #0x00	; 0
   0005 00                   45 	.db #0x00	; 0
   0006 00                   46 	.db #0x00	; 0
   0007 00                   47 	.db #0x00	; 0
   0008 00                   48 	.db #0x00	; 0
   0009 00                   49 	.db #0x00	; 0
   000A 62                   50 	.db #0x62	; 98	'b'
   000B 00                   51 	.db #0x00	; 0
   000C 00                   52 	.db #0x00	; 0
   000D 00                   53 	.db #0x00	; 0
   000E 00                   54 	.db #0x00	; 0
   000F 00                   55 	.db #0x00	; 0
   0010 00                   56 	.db #0x00	; 0
   0011 00                   57 	.db #0x00	; 0
   0012 00                   58 	.db #0x00	; 0
   0013 2A                   59 	.db #0x2a	; 42
   0014 00                   60 	.db #0x00	; 0
   0015 00                   61 	.db #0x00	; 0
   0016 00                   62 	.db #0x00	; 0
   0017 00                   63 	.db #0x00	; 0
   0018 00                   64 	.db #0x00	; 0
   0019 00                   65 	.db #0x00	; 0
   001A 61                   66 	.db #0x61	; 97	'a'
   001B 00                   67 	.db #0x00	; 0
   001C 00                   68 	.db #0x00	; 0
   001D 00                   69 	.db #0x00	; 0
   001E 00                   70 	.db #0x00	; 0
   001F 00                   71 	.db #0x00	; 0
   0020 00                   72 	.db #0x00	; 0
   0021 32                   73 	.db #0x32	; 50	'2'
   0022 33                   74 	.db #0x33	; 51	'3'
   0023 44                   75 	.db #0x44	; 68	'D'
   0024 00                   76 	.db #0x00	; 0
   0025 16                   77 	.db #0x16	; 22
   0026 00                   78 	.db #0x00	; 0
   0027 00                   79 	.db #0x00	; 0
   0028 00                   80 	.db #0x00	; 0
   0029 17                   81 	.db #0x17	; 23
   002A 00                   82 	.db #0x00	; 0
   002B 00                   83 	.db #0x00	; 0
   002C 00                   84 	.db #0x00	; 0
   002D 00                   85 	.db #0x00	; 0
   002E 00                   86 	.db #0x00	; 0
   002F 43                   87 	.db #0x43	; 67	'C'
   0030 38                   88 	.db #0x38	; 56	'8'
   0031 39                   89 	.db #0x39	; 57	'9'
   0032 32                   90 	.db #0x32	; 50	'2'
   0033 39                   91 	.db #0x39	; 57	'9'
   0034 43                   92 	.db #0x43	; 67	'C'
   0035 50                   93 	.db #0x50	; 80	'P'
   0036 4C                   94 	.db #0x4c	; 76	'L'
   0037 3E                   95 	.db #0x3e	; 62
   0038 00                   96 	.db #0x00	; 0
   0039 00                   97 	.db #0x00	; 0
   003A 00                   98 	.db #0x00	; 0
   003B 60                   99 	.db #0x60	; 96
   003C 00                  100 	.db #0x00	; 0
   003D 00                  101 	.db #0x00	; 0
   003E 00                  102 	.db #0x00	; 0
   003F 00                  103 	.db #0x00	; 0
   0040 43                  104 	.db #0x43	; 67	'C'
   0041 44                  105 	.db #0x44	; 68	'D'
   0042 43                  106 	.db #0x43	; 67	'C'
   0043 5F                  107 	.db #0x5f	; 95
   0044 51                  108 	.db #0x51	; 81	'Q'
   0045 52                  109 	.db #0x52	; 82	'R'
   0046 50                  110 	.db #0x50	; 80	'P'
   0047 52                  111 	.db #0x52	; 82	'R'
   0048 5F                  112 	.db #0x5f	; 95
   0049 1C                  113 	.db #0x1c	; 28
   004A 5C                  114 	.db #0x5c	; 92
   004B 3D                  115 	.db #0x3d	; 61
   004C 16                  116 	.db #0x16	; 22
   004D 00                  117 	.db #0x00	; 0
   004E 00                  118 	.db #0x00	; 0
   004F 00                  119 	.db #0x00	; 0
   0050 00                  120 	.db #0x00	; 0
   0051 00                  121 	.db #0x00	; 0
   0052 16                  122 	.db #0x16	; 22
   0053 43                  123 	.db #0x43	; 67	'C'
   0054 5F                  124 	.db #0x5f	; 95
   0055 51                  125 	.db #0x51	; 81	'Q'
   0056 4F                  126 	.db #0x4f	; 79	'O'
   0057 1C                  127 	.db #0x1c	; 28
   0058 1C                  128 	.db #0x1c	; 28
   0059 1C                  129 	.db #0x1c	; 28
   005A 1C                  130 	.db #0x1c	; 28
   005B 1C                  131 	.db #0x1c	; 28
   005C 1C                  132 	.db #0x1c	; 28
   005D 5B                  133 	.db #0x5b	; 91
   005E 3E                  134 	.db #0x3e	; 62
   005F 00                  135 	.db #0x00	; 0
   0060 00                  136 	.db #0x00	; 0
   0061 00                  137 	.db #0x00	; 0
   0062 00                  138 	.db #0x00	; 0
   0063 00                  139 	.db #0x00	; 0
   0064 00                  140 	.db #0x00	; 0
   0065 00                  141 	.db #0x00	; 0
   0066 00                  142 	.db #0x00	; 0
   0067 40                  143 	.db #0x40	; 64
   0068 55                  144 	.db #0x55	; 85	'U'
   0069 1C                  145 	.db #0x1c	; 28
   006A 91                  146 	.db #0x91	; 145
   006B 92                  147 	.db #0x92	; 146
   006C 93                  148 	.db #0x93	; 147
   006D 94                  149 	.db #0x94	; 148
   006E 95                  150 	.db #0x95	; 149
   006F 96                  151 	.db #0x96	; 150
   0070 97                  152 	.db #0x97	; 151
   0071 5C                  153 	.db #0x5c	; 92
   0072 3D                  154 	.db #0x3d	; 61
   0073 7D                  155 	.db #0x7d	; 125
   0074 7E                  156 	.db #0x7e	; 126
   0075 00                  157 	.db #0x00	; 0
   0076 00                  158 	.db #0x00	; 0
   0077 00                  159 	.db #0x00	; 0
   0078 79                  160 	.db #0x79	; 121	'y'
   0079 00                  161 	.db #0x00	; 0
   007A 00                  162 	.db #0x00	; 0
   007B 3F                  163 	.db #0x3f	; 63
   007C 56                  164 	.db #0x56	; 86	'V'
   007D 1C                  165 	.db #0x1c	; 28
   007E 98                  166 	.db #0x98	; 152
   007F 99                  167 	.db #0x99	; 153
   0080 9A                  168 	.db #0x9a	; 154
   0081 9B                  169 	.db #0x9b	; 155
   0082 9C                  170 	.db #0x9c	; 156
   0083 9D                  171 	.db #0x9d	; 157
   0084 9E                  172 	.db #0x9e	; 158
   0085 47                  173 	.db #0x47	; 71	'G'
   0086 7A                  174 	.db #0x7a	; 122	'z'
   0087 7F                  175 	.db #0x7f	; 127
   0088 80                  176 	.db #0x80	; 128
   0089 79                  177 	.db #0x79	; 121	'y'
   008A 00                  178 	.db #0x00	; 0
   008B 00                  179 	.db #0x00	; 0
   008C 78                  180 	.db #0x78	; 120	'x'
   008D 7A                  181 	.db #0x7a	; 122	'z'
   008E 7A                  182 	.db #0x7a	; 122	'z'
   008F 79                  183 	.db #0x79	; 121	'y'
   0090 46                  184 	.db #0x46	; 70	'F'
   0091 5E                  185 	.db #0x5e	; 94
   0092 9F                  186 	.db #0x9f	; 159
   0093 A0                  187 	.db #0xa0	; 160
   0094 A1                  188 	.db #0xa1	; 161
   0095 A2                  189 	.db #0xa2	; 162
   0096 A3                  190 	.db #0xa3	; 163
   0097 A4                  191 	.db #0xa4	; 164
   0098 77                  192 	.db #0x77	; 119	'w'
   0099 5A                  193 	.db #0x5a	; 90	'Z'
   009A 3B                  194 	.db #0x3b	; 59
   009B 81                  195 	.db #0x81	; 129
   009C 82                  196 	.db #0x82	; 130
   009D 78                  197 	.db #0x78	; 120	'x'
   009E 79                  198 	.db #0x79	; 121	'y'
   009F 64                  199 	.db #0x64	; 100	'd'
   00A0 00                  200 	.db #0x00	; 0
   00A1 00                  201 	.db #0x00	; 0
   00A2 16                  202 	.db #0x16	; 22
   00A3 78                  203 	.db #0x78	; 120	'x'
   00A4 7A                  204 	.db #0x7a	; 122	'z'
   00A5 8F                  205 	.db #0x8f	; 143
   00A6 1C                  206 	.db #0x1c	; 28
   00A7 1C                  207 	.db #0x1c	; 28
   00A8 1C                  208 	.db #0x1c	; 28
   00A9 1C                  209 	.db #0x1c	; 28
   00AA 1C                  210 	.db #0x1c	; 28
   00AB 1C                  211 	.db #0x1c	; 28
   00AC 1C                  212 	.db #0x1c	; 28
   00AD 59                  213 	.db #0x59	; 89	'Y'
   00AE 3C                  214 	.db #0x3c	; 60
   00AF 00                  215 	.db #0x00	; 0
   00B0 00                  216 	.db #0x00	; 0
   00B1 00                  217 	.db #0x00	; 0
   00B2 78                  218 	.db #0x78	; 120	'x'
   00B3 7A                  219 	.db #0x7a	; 122	'z'
   00B4 00                  220 	.db #0x00	; 0
   00B5 00                  221 	.db #0x00	; 0
   00B6 00                  222 	.db #0x00	; 0
   00B7 00                  223 	.db #0x00	; 0
   00B8 00                  224 	.db #0x00	; 0
   00B9 8F                  225 	.db #0x8f	; 143
   00BA A5                  226 	.db #0xa5	; 165
   00BB A6                  227 	.db #0xa6	; 166
   00BC A7                  228 	.db #0xa7	; 167
   00BD A8                  229 	.db #0xa8	; 168
   00BE A9                  230 	.db #0xa9	; 169
   00BF AA                  231 	.db #0xaa	; 170
   00C0 AB                  232 	.db #0xab	; 171
   00C1 1C                  233 	.db #0x1c	; 28
   00C2 5A                  234 	.db #0x5a	; 90	'Z'
   00C3 3B                  235 	.db #0x3b	; 59
   00C4 00                  236 	.db #0x00	; 0
   00C5 00                  237 	.db #0x00	; 0
   00C6 00                  238 	.db #0x00	; 0
   00C7 00                  239 	.db #0x00	; 0
   00C8 00                  240 	.db #0x00	; 0
   00C9 00                  241 	.db #0x00	; 0
   00CA 00                  242 	.db #0x00	; 0
   00CB 00                  243 	.db #0x00	; 0
   00CC 43                  244 	.db #0x43	; 67	'C'
   00CD 5F                  245 	.db #0x5f	; 95
   00CE AC                  246 	.db #0xac	; 172
   00CF AD                  247 	.db #0xad	; 173
   00D0 AE                  248 	.db #0xae	; 174
   00D1 AF                  249 	.db #0xaf	; 175
   00D2 B0                  250 	.db #0xb0	; 176
   00D3 B1                  251 	.db #0xb1	; 177
   00D4 B2                  252 	.db #0xb2	; 178
   00D5 1C                  253 	.db #0x1c	; 28
   00D6 59                  254 	.db #0x59	; 89	'Y'
   00D7 3C                  255 	.db #0x3c	; 60
   00D8 00                  256 	.db #0x00	; 0
   00D9 00                  257 	.db #0x00	; 0
   00DA 00                  258 	.db #0x00	; 0
   00DB 7D                  259 	.db #0x7d	; 125
   00DC 00                  260 	.db #0x00	; 0
   00DD 17                  261 	.db #0x17	; 23
   00DE 00                  262 	.db #0x00	; 0
   00DF 41                  263 	.db #0x41	; 65	'A'
   00E0 58                  264 	.db #0x58	; 88	'X'
   00E1 1C                  265 	.db #0x1c	; 28
   00E2 1C                  266 	.db #0x1c	; 28
   00E3 77                  267 	.db #0x77	; 119	'w'
   00E4 1C                  268 	.db #0x1c	; 28
   00E5 4D                  269 	.db #0x4d	; 77	'M'
   00E6 54                  270 	.db #0x54	; 84	'T'
   00E7 4D                  271 	.db #0x4d	; 77	'M'
   00E8 4E                  272 	.db #0x4e	; 78	'N'
   00E9 48                  273 	.db #0x48	; 72	'H'
   00EA 48                  274 	.db #0x48	; 72	'H'
   00EB 45                  275 	.db #0x45	; 69	'E'
   00EC 7B                  276 	.db #0x7b	; 123
   00ED 7A                  277 	.db #0x7a	; 122	'z'
   00EE 7A                  278 	.db #0x7a	; 122	'z'
   00EF 7F                  279 	.db #0x7f	; 127
   00F0 00                  280 	.db #0x00	; 0
   00F1 00                  281 	.db #0x00	; 0
   00F2 17                  282 	.db #0x17	; 23
   00F3 42                  283 	.db #0x42	; 66	'B'
   00F4 56                  284 	.db #0x56	; 86	'V'
   00F5 1C                  285 	.db #0x1c	; 28
   00F6 77                  286 	.db #0x77	; 119	'w'
   00F7 1C                  287 	.db #0x1c	; 28
   00F8 5D                  288 	.db #0x5d	; 93
   00F9 35                  289 	.db #0x35	; 53	'5'
   00FA 37                  290 	.db #0x37	; 55	'7'
   00FB 35                  291 	.db #0x35	; 53	'5'
   00FC 34                  292 	.db #0x34	; 52	'4'
   00FD CE                  293 	.db #0xce	; 206
   00FE 00                  294 	.db #0x00	; 0
   00FF 7B                  295 	.db #0x7b	; 123
   0100 7C                  296 	.db #0x7c	; 124
   0101 1D                  297 	.db #0x1d	; 29
   0102 24                  298 	.db #0x24	; 36
   0103 81                  299 	.db #0x81	; 129
   0104 00                  300 	.db #0x00	; 0
   0105 00                  301 	.db #0x00	; 0
   0106 00                  302 	.db #0x00	; 0
   0107 36                  303 	.db #0x36	; 54	'6'
   0108 37                  304 	.db #0x37	; 55	'7'
   0109 48                  305 	.db #0x48	; 72	'H'
   010A 48                  306 	.db #0x48	; 72	'H'
   010B 48                  307 	.db #0x48	; 72	'H'
   010C 45                  308 	.db #0x45	; 69	'E'
   010D 00                  309 	.db #0x00	; 0
   010E 00                  310 	.db #0x00	; 0
   010F 00                  311 	.db #0x00	; 0
   0110 00                  312 	.db #0x00	; 0
   0111 78                  313 	.db #0x78	; 120	'x'
   0112 7A                  314 	.db #0x7a	; 122	'z'
   0113 7C                  315 	.db #0x7c	; 124
   0114 2E                  316 	.db #0x2e	; 46
   0115 20                  317 	.db #0x20	; 32
   0116 22                  318 	.db #0x22	; 34
   0117 26                  319 	.db #0x26	; 38
   0118 00                  320 	.db #0x00	; 0
   0119 00                  321 	.db #0x00	; 0
   011A 00                  322 	.db #0x00	; 0
   011B 00                  323 	.db #0x00	; 0
   011C 00                  324 	.db #0x00	; 0
   011D CE                  325 	.db #0xce	; 206
   011E 00                  326 	.db #0x00	; 0
   011F 31                  327 	.db #0x31	; 49	'1'
   0120 23                  328 	.db #0x23	; 35
   0121 1E                  329 	.db #0x1e	; 30
   0122 2F                  330 	.db #0x2f	; 47
   0123 1D                  331 	.db #0x1d	; 29
   0124 1E                  332 	.db #0x1e	; 30
   0125 2F                  333 	.db #0x2f	; 47
   0126 00                  334 	.db #0x00	; 0
   0127 2C                  335 	.db #0x2c	; 44
   0128 29                  336 	.db #0x29	; 41
   0129 00                  337 	.db #0x00	; 0
   012A 2E                  338 	.db #0x2e	; 46
   012B 27                  339 	.db #0x27	; 39
   012C 7F                  340 	.db #0x7f	; 127
   012D 80                  341 	.db #0x80	; 128
   012E 7A                  342 	.db #0x7a	; 122	'z'
   012F 7A                  343 	.db #0x7a	; 122	'z'
   0130 7A                  344 	.db #0x7a	; 122	'z'
   0131 7C                  345 	.db #0x7c	; 124
   0132 00                  346 	.db #0x00	; 0
   0133 00                  347 	.db #0x00	; 0
   0134 21                  348 	.db #0x21	; 33
   0135 1F                  349 	.db #0x1f	; 31
   0136 21                  350 	.db #0x21	; 33
   0137 22                  351 	.db #0x22	; 34
   0138 30                  352 	.db #0x30	; 48	'0'
   0139 31                  353 	.db #0x31	; 49	'1'
   013A 2F                  354 	.db #0x2f	; 47
   013B 2A                  355 	.db #0x2a	; 42
   013C 27                  356 	.db #0x27	; 39
   013D 00                  357 	.db #0x00	; 0
   013E 21                  358 	.db #0x21	; 33
   013F 1F                  359 	.db #0x1f	; 31
   0140 81                  360 	.db #0x81	; 129
   0141 82                  361 	.db #0x82	; 130
   0142 00                  362 	.db #0x00	; 0
   0143 00                  363 	.db #0x00	; 0
   0144 00                  364 	.db #0x00	; 0
   0145 00                  365 	.db #0x00	; 0
   0146 61                  366 	.db #0x61	; 97	'a'
   0147 00                  367 	.db #0x00	; 0
   0148 00                  368 	.db #0x00	; 0
   0149 00                  369 	.db #0x00	; 0
   014A 00                  370 	.db #0x00	; 0
   014B 00                  371 	.db #0x00	; 0
   014C 00                  372 	.db #0x00	; 0
   014D 00                  373 	.db #0x00	; 0
   014E 2B                  374 	.db #0x2b	; 43
   014F 2F                  375 	.db #0x2f	; 47
   0150 31                  376 	.db #0x31	; 49	'1'
   0151 2F                  377 	.db #0x2f	; 47
   0152 1D                  378 	.db #0x1d	; 29
   0153 1E                  379 	.db #0x1e	; 30
   0154 61                  380 	.db #0x61	; 97	'a'
   0155 00                  381 	.db #0x00	; 0
   0156 00                  382 	.db #0x00	; 0
   0157 00                  383 	.db #0x00	; 0
   0158 00                  384 	.db #0x00	; 0
   0159 00                  385 	.db #0x00	; 0
   015A 00                  386 	.db #0x00	; 0
   015B 00                  387 	.db #0x00	; 0
   015C 60                  388 	.db #0x60	; 96
   015D 00                  389 	.db #0x00	; 0
   015E 00                  390 	.db #0x00	; 0
   015F 00                  391 	.db #0x00	; 0
   0160 00                  392 	.db #0x00	; 0
   0161 00                  393 	.db #0x00	; 0
   0162 2A                  394 	.db #0x2a	; 42
   0163 1C                  395 	.db #0x1c	; 28
   0164 26                  396 	.db #0x26	; 38
   0165 31                  397 	.db #0x31	; 49	'1'
   0166 30                  398 	.db #0x30	; 48	'0'
   0167 21                  399 	.db #0x21	; 33
   0168                     400 _map_flogoPLN1:
   0168 02                  401 	.db #0x02	; 2
   0169 02                  402 	.db #0x02	; 2
   016A 02                  403 	.db #0x02	; 2
   016B 02                  404 	.db #0x02	; 2
   016C 02                  405 	.db #0x02	; 2
   016D 02                  406 	.db #0x02	; 2
   016E 02                  407 	.db #0x02	; 2
   016F 02                  408 	.db #0x02	; 2
   0170 02                  409 	.db #0x02	; 2
   0171 02                  410 	.db #0x02	; 2
   0172 04                  411 	.db #0x04	; 4
   0173 02                  412 	.db #0x02	; 2
   0174 02                  413 	.db #0x02	; 2
   0175 02                  414 	.db #0x02	; 2
   0176 02                  415 	.db #0x02	; 2
   0177 02                  416 	.db #0x02	; 2
   0178 02                  417 	.db #0x02	; 2
   0179 02                  418 	.db #0x02	; 2
   017A 02                  419 	.db #0x02	; 2
   017B 04                  420 	.db #0x04	; 4
   017C 02                  421 	.db #0x02	; 2
   017D 02                  422 	.db #0x02	; 2
   017E 02                  423 	.db #0x02	; 2
   017F 02                  424 	.db #0x02	; 2
   0180 02                  425 	.db #0x02	; 2
   0181 02                  426 	.db #0x02	; 2
   0182 04                  427 	.db #0x04	; 4
   0183 02                  428 	.db #0x02	; 2
   0184 02                  429 	.db #0x02	; 2
   0185 02                  430 	.db #0x02	; 2
   0186 02                  431 	.db #0x02	; 2
   0187 02                  432 	.db #0x02	; 2
   0188 02                  433 	.db #0x02	; 2
   0189 06                  434 	.db #0x06	; 6
   018A 06                  435 	.db #0x06	; 6
   018B 06                  436 	.db #0x06	; 6
   018C 04                  437 	.db #0x04	; 4
   018D 04                  438 	.db #0x04	; 4
   018E 02                  439 	.db #0x02	; 2
   018F 02                  440 	.db #0x02	; 2
   0190 02                  441 	.db #0x02	; 2
   0191 02                  442 	.db #0x02	; 2
   0192 02                  443 	.db #0x02	; 2
   0193 02                  444 	.db #0x02	; 2
   0194 02                  445 	.db #0x02	; 2
   0195 02                  446 	.db #0x02	; 2
   0196 02                  447 	.db #0x02	; 2
   0197 06                  448 	.db #0x06	; 6
   0198 06                  449 	.db #0x06	; 6
   0199 06                  450 	.db #0x06	; 6
   019A 06                  451 	.db #0x06	; 6
   019B 06                  452 	.db #0x06	; 6
   019C 06                  453 	.db #0x06	; 6
   019D 06                  454 	.db #0x06	; 6
   019E 06                  455 	.db #0x06	; 6
   019F 06                  456 	.db #0x06	; 6
   01A0 04                  457 	.db #0x04	; 4
   01A1 04                  458 	.db #0x04	; 4
   01A2 02                  459 	.db #0x02	; 2
   01A3 04                  460 	.db #0x04	; 4
   01A4 02                  461 	.db #0x02	; 2
   01A5 02                  462 	.db #0x02	; 2
   01A6 02                  463 	.db #0x02	; 2
   01A7 06                  464 	.db #0x06	; 6
   01A8 06                  465 	.db #0x06	; 6
   01A9 06                  466 	.db #0x06	; 6
   01AA 06                  467 	.db #0x06	; 6
   01AB 06                  468 	.db #0x06	; 6
   01AC 06                  469 	.db #0x06	; 6
   01AD 06                  470 	.db #0x06	; 6
   01AE 06                  471 	.db #0x06	; 6
   01AF 06                  472 	.db #0x06	; 6
   01B0 06                  473 	.db #0x06	; 6
   01B1 06                  474 	.db #0x06	; 6
   01B2 06                  475 	.db #0x06	; 6
   01B3 06                  476 	.db #0x06	; 6
   01B4 04                  477 	.db #0x04	; 4
   01B5 04                  478 	.db #0x04	; 4
   01B6 02                  479 	.db #0x02	; 2
   01B7 02                  480 	.db #0x02	; 2
   01B8 02                  481 	.db #0x02	; 2
   01B9 02                  482 	.db #0x02	; 2
   01BA 04                  483 	.db #0x04	; 4
   01BB 06                  484 	.db #0x06	; 6
   01BC 06                  485 	.db #0x06	; 6
   01BD 06                  486 	.db #0x06	; 6
   01BE 06                  487 	.db #0x06	; 6
   01BF 06                  488 	.db #0x06	; 6
   01C0 06                  489 	.db #0x06	; 6
   01C1 06                  490 	.db #0x06	; 6
   01C2 06                  491 	.db #0x06	; 6
   01C3 06                  492 	.db #0x06	; 6
   01C4 06                  493 	.db #0x06	; 6
   01C5 06                  494 	.db #0x06	; 6
   01C6 06                  495 	.db #0x06	; 6
   01C7 02                  496 	.db #0x02	; 2
   01C8 02                  497 	.db #0x02	; 2
   01C9 02                  498 	.db #0x02	; 2
   01CA 02                  499 	.db #0x02	; 2
   01CB 02                  500 	.db #0x02	; 2
   01CC 02                  501 	.db #0x02	; 2
   01CD 02                  502 	.db #0x02	; 2
   01CE 02                  503 	.db #0x02	; 2
   01CF 06                  504 	.db #0x06	; 6
   01D0 06                  505 	.db #0x06	; 6
   01D1 06                  506 	.db #0x06	; 6
   01D2 06                  507 	.db #0x06	; 6
   01D3 06                  508 	.db #0x06	; 6
   01D4 06                  509 	.db #0x06	; 6
   01D5 06                  510 	.db #0x06	; 6
   01D6 06                  511 	.db #0x06	; 6
   01D7 06                  512 	.db #0x06	; 6
   01D8 06                  513 	.db #0x06	; 6
   01D9 06                  514 	.db #0x06	; 6
   01DA 06                  515 	.db #0x06	; 6
   01DB 02                  516 	.db #0x02	; 2
   01DC 02                  517 	.db #0x02	; 2
   01DD 02                  518 	.db #0x02	; 2
   01DE 02                  519 	.db #0x02	; 2
   01DF 02                  520 	.db #0x02	; 2
   01E0 07                  521 	.db #0x07	; 7
   01E1 07                  522 	.db #0x07	; 7
   01E2 07                  523 	.db #0x07	; 7
   01E3 06                  524 	.db #0x06	; 6
   01E4 06                  525 	.db #0x06	; 6
   01E5 06                  526 	.db #0x06	; 6
   01E6 06                  527 	.db #0x06	; 6
   01E7 06                  528 	.db #0x06	; 6
   01E8 06                  529 	.db #0x06	; 6
   01E9 06                  530 	.db #0x06	; 6
   01EA 06                  531 	.db #0x06	; 6
   01EB 06                  532 	.db #0x06	; 6
   01EC 06                  533 	.db #0x06	; 6
   01ED 06                  534 	.db #0x06	; 6
   01EE 03                  535 	.db #0x03	; 3
   01EF 03                  536 	.db #0x03	; 3
   01F0 03                  537 	.db #0x03	; 3
   01F1 03                  538 	.db #0x03	; 3
   01F2 02                  539 	.db #0x02	; 2
   01F3 02                  540 	.db #0x02	; 2
   01F4 07                  541 	.db #0x07	; 7
   01F5 07                  542 	.db #0x07	; 7
   01F6 07                  543 	.db #0x07	; 7
   01F7 07                  544 	.db #0x07	; 7
   01F8 06                  545 	.db #0x06	; 6
   01F9 06                  546 	.db #0x06	; 6
   01FA 06                  547 	.db #0x06	; 6
   01FB 06                  548 	.db #0x06	; 6
   01FC 06                  549 	.db #0x06	; 6
   01FD 06                  550 	.db #0x06	; 6
   01FE 06                  551 	.db #0x06	; 6
   01FF 06                  552 	.db #0x06	; 6
   0200 06                  553 	.db #0x06	; 6
   0201 06                  554 	.db #0x06	; 6
   0202 06                  555 	.db #0x06	; 6
   0203 03                  556 	.db #0x03	; 3
   0204 03                  557 	.db #0x03	; 3
   0205 03                  558 	.db #0x03	; 3
   0206 03                  559 	.db #0x03	; 3
   0207 04                  560 	.db #0x04	; 4
   0208 02                  561 	.db #0x02	; 2
   0209 02                  562 	.db #0x02	; 2
   020A 02                  563 	.db #0x02	; 2
   020B 07                  564 	.db #0x07	; 7
   020C 07                  565 	.db #0x07	; 7
   020D 06                  566 	.db #0x06	; 6
   020E 06                  567 	.db #0x06	; 6
   020F 06                  568 	.db #0x06	; 6
   0210 06                  569 	.db #0x06	; 6
   0211 06                  570 	.db #0x06	; 6
   0212 06                  571 	.db #0x06	; 6
   0213 06                  572 	.db #0x06	; 6
   0214 06                  573 	.db #0x06	; 6
   0215 06                  574 	.db #0x06	; 6
   0216 06                  575 	.db #0x06	; 6
   0217 03                  576 	.db #0x03	; 3
   0218 03                  577 	.db #0x03	; 3
   0219 03                  578 	.db #0x03	; 3
   021A 03                  579 	.db #0x03	; 3
   021B 03                  580 	.db #0x03	; 3
   021C 02                  581 	.db #0x02	; 2
   021D 02                  582 	.db #0x02	; 2
   021E 02                  583 	.db #0x02	; 2
   021F 02                  584 	.db #0x02	; 2
   0220 06                  585 	.db #0x06	; 6
   0221 06                  586 	.db #0x06	; 6
   0222 06                  587 	.db #0x06	; 6
   0223 06                  588 	.db #0x06	; 6
   0224 06                  589 	.db #0x06	; 6
   0225 06                  590 	.db #0x06	; 6
   0226 06                  591 	.db #0x06	; 6
   0227 06                  592 	.db #0x06	; 6
   0228 06                  593 	.db #0x06	; 6
   0229 06                  594 	.db #0x06	; 6
   022A 06                  595 	.db #0x06	; 6
   022B 06                  596 	.db #0x06	; 6
   022C 02                  597 	.db #0x02	; 2
   022D 02                  598 	.db #0x02	; 2
   022E 02                  599 	.db #0x02	; 2
   022F 02                  600 	.db #0x02	; 2
   0230 02                  601 	.db #0x02	; 2
   0231 02                  602 	.db #0x02	; 2
   0232 02                  603 	.db #0x02	; 2
   0233 02                  604 	.db #0x02	; 2
   0234 06                  605 	.db #0x06	; 6
   0235 06                  606 	.db #0x06	; 6
   0236 06                  607 	.db #0x06	; 6
   0237 06                  608 	.db #0x06	; 6
   0238 06                  609 	.db #0x06	; 6
   0239 06                  610 	.db #0x06	; 6
   023A 06                  611 	.db #0x06	; 6
   023B 06                  612 	.db #0x06	; 6
   023C 06                  613 	.db #0x06	; 6
   023D 06                  614 	.db #0x06	; 6
   023E 06                  615 	.db #0x06	; 6
   023F 06                  616 	.db #0x06	; 6
   0240 02                  617 	.db #0x02	; 2
   0241 02                  618 	.db #0x02	; 2
   0242 02                  619 	.db #0x02	; 2
   0243 03                  620 	.db #0x03	; 3
   0244 02                  621 	.db #0x02	; 2
   0245 02                  622 	.db #0x02	; 2
   0246 02                  623 	.db #0x02	; 2
   0247 06                  624 	.db #0x06	; 6
   0248 06                  625 	.db #0x06	; 6
   0249 06                  626 	.db #0x06	; 6
   024A 06                  627 	.db #0x06	; 6
   024B 06                  628 	.db #0x06	; 6
   024C 06                  629 	.db #0x06	; 6
   024D 06                  630 	.db #0x06	; 6
   024E 06                  631 	.db #0x06	; 6
   024F 06                  632 	.db #0x06	; 6
   0250 06                  633 	.db #0x06	; 6
   0251 06                  634 	.db #0x06	; 6
   0252 06                  635 	.db #0x06	; 6
   0253 06                  636 	.db #0x06	; 6
   0254 04                  637 	.db #0x04	; 4
   0255 04                  638 	.db #0x04	; 4
   0256 04                  639 	.db #0x04	; 4
   0257 04                  640 	.db #0x04	; 4
   0258 02                  641 	.db #0x02	; 2
   0259 02                  642 	.db #0x02	; 2
   025A 02                  643 	.db #0x02	; 2
   025B 06                  644 	.db #0x06	; 6
   025C 06                  645 	.db #0x06	; 6
   025D 06                  646 	.db #0x06	; 6
   025E 06                  647 	.db #0x06	; 6
   025F 06                  648 	.db #0x06	; 6
   0260 06                  649 	.db #0x06	; 6
   0261 06                  650 	.db #0x06	; 6
   0262 06                  651 	.db #0x06	; 6
   0263 06                  652 	.db #0x06	; 6
   0264 06                  653 	.db #0x06	; 6
   0265 04                  654 	.db #0x04	; 4
   0266 04                  655 	.db #0x04	; 4
   0267 04                  656 	.db #0x04	; 4
   0268 04                  657 	.db #0x04	; 4
   0269 04                  658 	.db #0x04	; 4
   026A 04                  659 	.db #0x04	; 4
   026B 03                  660 	.db #0x03	; 3
   026C 02                  661 	.db #0x02	; 2
   026D 02                  662 	.db #0x02	; 2
   026E 02                  663 	.db #0x02	; 2
   026F 06                  664 	.db #0x06	; 6
   0270 06                  665 	.db #0x06	; 6
   0271 06                  666 	.db #0x06	; 6
   0272 06                  667 	.db #0x06	; 6
   0273 06                  668 	.db #0x06	; 6
   0274 06                  669 	.db #0x06	; 6
   0275 02                  670 	.db #0x02	; 2
   0276 02                  671 	.db #0x02	; 2
   0277 02                  672 	.db #0x02	; 2
   0278 02                  673 	.db #0x02	; 2
   0279 04                  674 	.db #0x04	; 4
   027A 04                  675 	.db #0x04	; 4
   027B 04                  676 	.db #0x04	; 4
   027C 04                  677 	.db #0x04	; 4
   027D 04                  678 	.db #0x04	; 4
   027E 04                  679 	.db #0x04	; 4
   027F 04                  680 	.db #0x04	; 4
   0280 03                  681 	.db #0x03	; 3
   0281 03                  682 	.db #0x03	; 3
   0282 03                  683 	.db #0x03	; 3
   0283 03                  684 	.db #0x03	; 3
   0284 03                  685 	.db #0x03	; 3
   0285 03                  686 	.db #0x03	; 3
   0286 02                  687 	.db #0x02	; 2
   0287 04                  688 	.db #0x04	; 4
   0288 04                  689 	.db #0x04	; 4
   0289 04                  690 	.db #0x04	; 4
   028A 04                  691 	.db #0x04	; 4
   028B 04                  692 	.db #0x04	; 4
   028C 04                  693 	.db #0x04	; 4
   028D 04                  694 	.db #0x04	; 4
   028E 02                  695 	.db #0x02	; 2
   028F 04                  696 	.db #0x04	; 4
   0290 04                  697 	.db #0x04	; 4
   0291 02                  698 	.db #0x02	; 2
   0292 04                  699 	.db #0x04	; 4
   0293 04                  700 	.db #0x04	; 4
   0294 03                  701 	.db #0x03	; 3
   0295 03                  702 	.db #0x03	; 3
   0296 03                  703 	.db #0x03	; 3
   0297 03                  704 	.db #0x03	; 3
   0298 03                  705 	.db #0x03	; 3
   0299 03                  706 	.db #0x03	; 3
   029A 02                  707 	.db #0x02	; 2
   029B 02                  708 	.db #0x02	; 2
   029C 04                  709 	.db #0x04	; 4
   029D 04                  710 	.db #0x04	; 4
   029E 04                  711 	.db #0x04	; 4
   029F 04                  712 	.db #0x04	; 4
   02A0 04                  713 	.db #0x04	; 4
   02A1 04                  714 	.db #0x04	; 4
   02A2 04                  715 	.db #0x04	; 4
   02A3 04                  716 	.db #0x04	; 4
   02A4 04                  717 	.db #0x04	; 4
   02A5 02                  718 	.db #0x02	; 2
   02A6 04                  719 	.db #0x04	; 4
   02A7 04                  720 	.db #0x04	; 4
   02A8 02                  721 	.db #0x02	; 2
   02A9 02                  722 	.db #0x02	; 2
   02AA 02                  723 	.db #0x02	; 2
   02AB 02                  724 	.db #0x02	; 2
   02AC 02                  725 	.db #0x02	; 2
   02AD 02                  726 	.db #0x02	; 2
   02AE 04                  727 	.db #0x04	; 4
   02AF 02                  728 	.db #0x02	; 2
   02B0 06                  729 	.db #0x06	; 6
   02B1 02                  730 	.db #0x02	; 2
   02B2 02                  731 	.db #0x02	; 2
   02B3 02                  732 	.db #0x02	; 2
   02B4 02                  733 	.db #0x02	; 2
   02B5 02                  734 	.db #0x02	; 2
   02B6 04                  735 	.db #0x04	; 4
   02B7 04                  736 	.db #0x04	; 4
   02B8 04                  737 	.db #0x04	; 4
   02B9 04                  738 	.db #0x04	; 4
   02BA 04                  739 	.db #0x04	; 4
   02BB 04                  740 	.db #0x04	; 4
   02BC 04                  741 	.db #0x04	; 4
   02BD 02                  742 	.db #0x02	; 2
   02BE 02                  743 	.db #0x02	; 2
   02BF 02                  744 	.db #0x02	; 2
   02C0 02                  745 	.db #0x02	; 2
   02C1 02                  746 	.db #0x02	; 2
   02C2 02                  747 	.db #0x02	; 2
   02C3 02                  748 	.db #0x02	; 2
   02C4 04                  749 	.db #0x04	; 4
   02C5 02                  750 	.db #0x02	; 2
   02C6 02                  751 	.db #0x02	; 2
   02C7 02                  752 	.db #0x02	; 2
   02C8 02                  753 	.db #0x02	; 2
   02C9 02                  754 	.db #0x02	; 2
   02CA 04                  755 	.db #0x04	; 4
   02CB 04                  756 	.db #0x04	; 4
   02CC 04                  757 	.db #0x04	; 4
   02CD 04                  758 	.db #0x04	; 4
   02CE 04                  759 	.db #0x04	; 4
   02CF 04                  760 	.db #0x04	; 4
                            761 	.area _CABS (ABS)
