                              1 ;--------------------------------------------------------
                              2 ; File Created by SDCC : free open source ANSI-C Compiler
                              3 ; Version 3.6.0 #9615 (MINGW32)
                              4 ;--------------------------------------------------------
                              5 	.module map_menu_anim_ball_b3
                              6 	.optsdcc -mgbz80
                              7 	
                              8 ;--------------------------------------------------------
                              9 ; Public variables in this module
                             10 ;--------------------------------------------------------
                             11 	.globl _map_menu_anim_ball
                             12 ;--------------------------------------------------------
                             13 ; ram data
                             14 ;--------------------------------------------------------
                             15 	.area _DATA
                             16 ;--------------------------------------------------------
                             17 ; absolute external ram data
                             18 ;--------------------------------------------------------
                             19 	.area _DABS (ABS)
                             20 ;--------------------------------------------------------
                             21 ; global & static initialisations
                             22 ;--------------------------------------------------------
                             23 	.area _HOME
                             24 	.area _GSINIT
                             25 	.area _GSFINAL
                             26 	.area _GSINIT
                             27 ;--------------------------------------------------------
                             28 ; Home
                             29 ;--------------------------------------------------------
                             30 	.area _HOME
                             31 	.area _HOME
                             32 ;--------------------------------------------------------
                             33 ; code
                             34 ;--------------------------------------------------------
                             35 	.area _CODE
                             36 	.area _CODE
                             37 	.area _CODE_3
   0000                      38 _map_menu_anim_ball:
   0000 89                   39 	.db #0x89	; 137
   0001 8A                   40 	.db #0x8a	; 138
   0002 8B                   41 	.db #0x8b	; 139
   0003 8C                   42 	.db #0x8c	; 140
   0004 8D                   43 	.db #0x8d	; 141
   0005 8E                   44 	.db #0x8e	; 142
   0006 83                   45 	.db #0x83	; 131
   0007 84                   46 	.db #0x84	; 132
   0008 85                   47 	.db #0x85	; 133
   0009 86                   48 	.db #0x86	; 134
   000A 87                   49 	.db #0x87	; 135
   000B 88                   50 	.db #0x88	; 136
   000C 7D                   51 	.db #0x7d	; 125
   000D 7E                   52 	.db #0x7e	; 126
   000E 7F                   53 	.db #0x7f	; 127
   000F 80                   54 	.db #0x80	; 128
   0010 81                   55 	.db #0x81	; 129
   0011 82                   56 	.db #0x82	; 130
   0012 83                   57 	.db #0x83	; 131
   0013 84                   58 	.db #0x84	; 132
   0014 85                   59 	.db #0x85	; 133
   0015 86                   60 	.db #0x86	; 134
   0016 87                   61 	.db #0x87	; 135
   0017 88                   62 	.db #0x88	; 136
                             63 	.area _CABS (ABS)
