                              1 ;--------------------------------------------------------
                              2 ; File Created by SDCC : free open source ANSI-C Compiler
                              3 ; Version 3.6.0 #9615 (MINGW32)
                              4 ;--------------------------------------------------------
                              5 	.module sprite_rocket_b3
                              6 	.optsdcc -mgbz80
                              7 	
                              8 ;--------------------------------------------------------
                              9 ; Public variables in this module
                             10 ;--------------------------------------------------------
                             11 	.globl _spriterocket
                             12 	.globl _spriterocketCGB
                             13 ;--------------------------------------------------------
                             14 ; ram data
                             15 ;--------------------------------------------------------
                             16 	.area _DATA
                             17 ;--------------------------------------------------------
                             18 ; absolute external ram data
                             19 ;--------------------------------------------------------
                             20 	.area _DABS (ABS)
                             21 ;--------------------------------------------------------
                             22 ; global & static initialisations
                             23 ;--------------------------------------------------------
                             24 	.area _HOME
                             25 	.area _GSINIT
                             26 	.area _GSFINAL
                             27 	.area _GSINIT
                             28 ;--------------------------------------------------------
                             29 ; Home
                             30 ;--------------------------------------------------------
                             31 	.area _HOME
                             32 	.area _HOME
                             33 ;--------------------------------------------------------
                             34 ; code
                             35 ;--------------------------------------------------------
                             36 	.area _CODE
                             37 	.area _CODE
                             38 	.area _CODE_3
   0000                      39 _spriterocketCGB:
   0000 07                   40 	.db #0x07	; 7
   0001                      41 _spriterocket:
   0001 FF                   42 	.db #0xff	; 255
   0002 FF                   43 	.db #0xff	; 255
   0003 F0                   44 	.db #0xf0	; 240
   0004 9F                   45 	.db #0x9f	; 159
   0005 78                   46 	.db #0x78	; 120	'x'
   0006 4F                   47 	.db #0x4f	; 79	'O'
   0007 3C                   48 	.db #0x3c	; 60
   0008 27                   49 	.db #0x27	; 39
   0009 1E                   50 	.db #0x1e	; 30
   000A 13                   51 	.db #0x13	; 19
   000B 0F                   52 	.db #0x0f	; 15
   000C 09                   53 	.db #0x09	; 9
   000D 07                   54 	.db #0x07	; 7
   000E 04                   55 	.db #0x04	; 4
   000F 03                   56 	.db #0x03	; 3
   0010 03                   57 	.db #0x03	; 3
   0011 04                   58 	.db #0x04	; 4
   0012 07                   59 	.db #0x07	; 7
   0013 04                   60 	.db #0x04	; 4
   0014 07                   61 	.db #0x07	; 7
   0015 38                   62 	.db #0x38	; 56	'8'
   0016 3F                   63 	.db #0x3f	; 63
   0017 78                   64 	.db #0x78	; 120	'x'
   0018 4F                   65 	.db #0x4f	; 79	'O'
   0019 78                   66 	.db #0x78	; 120	'x'
   001A 4F                   67 	.db #0x4f	; 79	'O'
   001B F8                   68 	.db #0xf8	; 248
   001C 8F                   69 	.db #0x8f	; 143
   001D F0                   70 	.db #0xf0	; 240
   001E 9F                   71 	.db #0x9f	; 159
   001F F1                   72 	.db #0xf1	; 241
   0020 9F                   73 	.db #0x9f	; 159
   0021 E0                   74 	.db #0xe0	; 224
   0022 E0                   75 	.db #0xe0	; 224
   0023 10                   76 	.db #0x10	; 16
   0024 F0                   77 	.db #0xf0	; 240
   0025 08                   78 	.db #0x08	; 8
   0026 F8                   79 	.db #0xf8	; 248
   0027 04                   80 	.db #0x04	; 4
   0028 FC                   81 	.db #0xfc	; 252
   0029 02                   82 	.db #0x02	; 2
   002A FE                   83 	.db #0xfe	; 254
   002B 1F                   84 	.db #0x1f	; 31
   002C FF                   85 	.db #0xff	; 255
   002D FF                   86 	.db #0xff	; 255
   002E F0                   87 	.db #0xf0	; 240
   002F 3F                   88 	.db #0x3f	; 63
   0030 E0                   89 	.db #0xe0	; 224
   0031 7F                   90 	.db #0x7f	; 127
   0032 C0                   91 	.db #0xc0	; 192
   0033 7F                   92 	.db #0x7f	; 127
   0034 C0                   93 	.db #0xc0	; 192
   0035 7F                   94 	.db #0x7f	; 127
   0036 C1                   95 	.db #0xc1	; 193
   0037 FF                   96 	.db #0xff	; 255
   0038 81                   97 	.db #0x81	; 129
   0039 FF                   98 	.db #0xff	; 255
   003A 81                   99 	.db #0x81	; 129
   003B FF                  100 	.db #0xff	; 255
   003C 81                  101 	.db #0x81	; 129
   003D FF                  102 	.db #0xff	; 255
   003E 80                  103 	.db #0x80	; 128
   003F FF                  104 	.db #0xff	; 255
   0040 00                  105 	.db #0x00	; 0
   0041 F1                  106 	.db #0xf1	; 241
   0042 9F                  107 	.db #0x9f	; 159
   0043 F0                  108 	.db #0xf0	; 240
   0044 9F                  109 	.db #0x9f	; 159
   0045 F8                  110 	.db #0xf8	; 248
   0046 8F                  111 	.db #0x8f	; 143
   0047 78                  112 	.db #0x78	; 120	'x'
   0048 4F                  113 	.db #0x4f	; 79	'O'
   0049 78                  114 	.db #0x78	; 120	'x'
   004A 4F                  115 	.db #0x4f	; 79	'O'
   004B 38                  116 	.db #0x38	; 56	'8'
   004C 3F                  117 	.db #0x3f	; 63
   004D 04                  118 	.db #0x04	; 4
   004E 07                  119 	.db #0x07	; 7
   004F 04                  120 	.db #0x04	; 4
   0050 07                  121 	.db #0x07	; 7
   0051 03                  122 	.db #0x03	; 3
   0052 03                  123 	.db #0x03	; 3
   0053 07                  124 	.db #0x07	; 7
   0054 04                  125 	.db #0x04	; 4
   0055 0F                  126 	.db #0x0f	; 15
   0056 09                  127 	.db #0x09	; 9
   0057 1E                  128 	.db #0x1e	; 30
   0058 13                  129 	.db #0x13	; 19
   0059 3C                  130 	.db #0x3c	; 60
   005A 27                  131 	.db #0x27	; 39
   005B 78                  132 	.db #0x78	; 120	'x'
   005C 4F                  133 	.db #0x4f	; 79	'O'
   005D F0                  134 	.db #0xf0	; 240
   005E 9F                  135 	.db #0x9f	; 159
   005F FF                  136 	.db #0xff	; 255
   0060 FF                  137 	.db #0xff	; 255
   0061 FF                  138 	.db #0xff	; 255
   0062 00                  139 	.db #0x00	; 0
   0063 FF                  140 	.db #0xff	; 255
   0064 80                  141 	.db #0x80	; 128
   0065 FF                  142 	.db #0xff	; 255
   0066 80                  143 	.db #0x80	; 128
   0067 FF                  144 	.db #0xff	; 255
   0068 80                  145 	.db #0x80	; 128
   0069 FF                  146 	.db #0xff	; 255
   006A 80                  147 	.db #0x80	; 128
   006B 7F                  148 	.db #0x7f	; 127
   006C C0                  149 	.db #0xc0	; 192
   006D 7F                  150 	.db #0x7f	; 127
   006E C0                  151 	.db #0xc0	; 192
   006F 7F                  152 	.db #0x7f	; 127
   0070 C0                  153 	.db #0xc0	; 192
   0071 3F                  154 	.db #0x3f	; 63
   0072 E0                  155 	.db #0xe0	; 224
   0073 FF                  156 	.db #0xff	; 255
   0074 F0                  157 	.db #0xf0	; 240
   0075 1F                  158 	.db #0x1f	; 31
   0076 FF                  159 	.db #0xff	; 255
   0077 02                  160 	.db #0x02	; 2
   0078 FE                  161 	.db #0xfe	; 254
   0079 04                  162 	.db #0x04	; 4
   007A FC                  163 	.db #0xfc	; 252
   007B 08                  164 	.db #0x08	; 8
   007C F8                  165 	.db #0xf8	; 248
   007D 10                  166 	.db #0x10	; 16
   007E F0                  167 	.db #0xf0	; 240
   007F E0                  168 	.db #0xe0	; 224
   0080 E0                  169 	.db #0xe0	; 224
   0081 00                  170 	.db #0x00	; 0
   0082 00                  171 	.db #0x00	; 0
   0083 00                  172 	.db #0x00	; 0
   0084 00                  173 	.db #0x00	; 0
   0085 00                  174 	.db #0x00	; 0
   0086 00                  175 	.db #0x00	; 0
   0087 00                  176 	.db #0x00	; 0
   0088 00                  177 	.db #0x00	; 0
   0089 F0                  178 	.db #0xf0	; 240
   008A F0                  179 	.db #0xf0	; 240
   008B FE                  180 	.db #0xfe	; 254
   008C 0E                  181 	.db #0x0e	; 14
   008D FF                  182 	.db #0xff	; 255
   008E 01                  183 	.db #0x01	; 1
   008F FF                  184 	.db #0xff	; 255
   0090 00                  185 	.db #0x00	; 0
   0091 FF                  186 	.db #0xff	; 255
   0092 70                  187 	.db #0x70	; 112	'p'
   0093 FF                  188 	.db #0xff	; 255
   0094 F8                  189 	.db #0xf8	; 248
   0095 FF                  190 	.db #0xff	; 255
   0096 CC                  191 	.db #0xcc	; 204
   0097 FF                  192 	.db #0xff	; 255
   0098 F4                  193 	.db #0xf4	; 244
   0099 FF                  194 	.db #0xff	; 255
   009A 7C                  195 	.db #0x7c	; 124
   009B FF                  196 	.db #0xff	; 255
   009C 3C                  197 	.db #0x3c	; 60
   009D FF                  198 	.db #0xff	; 255
   009E 98                  199 	.db #0x98	; 152
   009F FF                  200 	.db #0xff	; 255
   00A0 70                  201 	.db #0x70	; 112	'p'
   00A1 00                  202 	.db #0x00	; 0
   00A2 00                  203 	.db #0x00	; 0
   00A3 00                  204 	.db #0x00	; 0
   00A4 00                  205 	.db #0x00	; 0
   00A5 00                  206 	.db #0x00	; 0
   00A6 00                  207 	.db #0x00	; 0
   00A7 00                  208 	.db #0x00	; 0
   00A8 00                  209 	.db #0x00	; 0
   00A9 00                  210 	.db #0x00	; 0
   00AA 00                  211 	.db #0x00	; 0
   00AB 00                  212 	.db #0x00	; 0
   00AC 00                  213 	.db #0x00	; 0
   00AD 80                  214 	.db #0x80	; 128
   00AE 80                  215 	.db #0x80	; 128
   00AF C0                  216 	.db #0xc0	; 192
   00B0 40                  217 	.db #0x40	; 64
   00B1 E0                  218 	.db #0xe0	; 224
   00B2 20                  219 	.db #0x20	; 32
   00B3 F0                  220 	.db #0xf0	; 240
   00B4 10                  221 	.db #0x10	; 16
   00B5 E8                  222 	.db #0xe8	; 232
   00B6 38                  223 	.db #0x38	; 56	'8'
   00B7 C4                  224 	.db #0xc4	; 196
   00B8 7C                  225 	.db #0x7c	; 124
   00B9 CE                  226 	.db #0xce	; 206
   00BA 7A                  227 	.db #0x7a	; 122	'z'
   00BB CE                  228 	.db #0xce	; 206
   00BC 7A                  229 	.db #0x7a	; 122	'z'
   00BD 9F                  230 	.db #0x9f	; 159
   00BE F1                  231 	.db #0xf1	; 241
   00BF 9F                  232 	.db #0x9f	; 159
   00C0 F1                  233 	.db #0xf1	; 241
   00C1 FF                  234 	.db #0xff	; 255
   00C2 00                  235 	.db #0x00	; 0
   00C3 FF                  236 	.db #0xff	; 255
   00C4 00                  237 	.db #0x00	; 0
   00C5 FF                  238 	.db #0xff	; 255
   00C6 00                  239 	.db #0x00	; 0
   00C7 FF                  240 	.db #0xff	; 255
   00C8 00                  241 	.db #0x00	; 0
   00C9 FF                  242 	.db #0xff	; 255
   00CA 00                  243 	.db #0x00	; 0
   00CB FF                  244 	.db #0xff	; 255
   00CC 00                  245 	.db #0x00	; 0
   00CD FF                  246 	.db #0xff	; 255
   00CE 00                  247 	.db #0x00	; 0
   00CF FF                  248 	.db #0xff	; 255
   00D0 00                  249 	.db #0x00	; 0
   00D1 FF                  250 	.db #0xff	; 255
   00D2 00                  251 	.db #0x00	; 0
   00D3 FF                  252 	.db #0xff	; 255
   00D4 01                  253 	.db #0x01	; 1
   00D5 FE                  254 	.db #0xfe	; 254
   00D6 0E                  255 	.db #0x0e	; 14
   00D7 F0                  256 	.db #0xf0	; 240
   00D8 F0                  257 	.db #0xf0	; 240
   00D9 00                  258 	.db #0x00	; 0
   00DA 00                  259 	.db #0x00	; 0
   00DB 00                  260 	.db #0x00	; 0
   00DC 00                  261 	.db #0x00	; 0
   00DD 00                  262 	.db #0x00	; 0
   00DE 00                  263 	.db #0x00	; 0
   00DF 00                  264 	.db #0x00	; 0
   00E0 00                  265 	.db #0x00	; 0
   00E1 9F                  266 	.db #0x9f	; 159
   00E2 F1                  267 	.db #0xf1	; 241
   00E3 9F                  268 	.db #0x9f	; 159
   00E4 F1                  269 	.db #0xf1	; 241
   00E5 CE                  270 	.db #0xce	; 206
   00E6 7A                  271 	.db #0x7a	; 122	'z'
   00E7 CE                  272 	.db #0xce	; 206
   00E8 7A                  273 	.db #0x7a	; 122	'z'
   00E9 C4                  274 	.db #0xc4	; 196
   00EA 7C                  275 	.db #0x7c	; 124
   00EB E8                  276 	.db #0xe8	; 232
   00EC 38                  277 	.db #0x38	; 56	'8'
   00ED F0                  278 	.db #0xf0	; 240
   00EE 10                  279 	.db #0x10	; 16
   00EF E0                  280 	.db #0xe0	; 224
   00F0 20                  281 	.db #0x20	; 32
   00F1 C0                  282 	.db #0xc0	; 192
   00F2 40                  283 	.db #0x40	; 64
   00F3 80                  284 	.db #0x80	; 128
   00F4 80                  285 	.db #0x80	; 128
   00F5 00                  286 	.db #0x00	; 0
   00F6 00                  287 	.db #0x00	; 0
   00F7 00                  288 	.db #0x00	; 0
   00F8 00                  289 	.db #0x00	; 0
   00F9 00                  290 	.db #0x00	; 0
   00FA 00                  291 	.db #0x00	; 0
   00FB 00                  292 	.db #0x00	; 0
   00FC 00                  293 	.db #0x00	; 0
   00FD 00                  294 	.db #0x00	; 0
   00FE 00                  295 	.db #0x00	; 0
   00FF 00                  296 	.db #0x00	; 0
   0100 00                  297 	.db #0x00	; 0
                            298 	.area _CABS (ABS)
