                              1 ;--------------------------------------------------------
                              2 ; File Created by SDCC : free open source ANSI-C Compiler
                              3 ; Version 3.6.0 #9615 (MINGW32)
                              4 ;--------------------------------------------------------
                              5 	.module spriteship_b3
                              6 	.optsdcc -mgbz80
                              7 	
                              8 ;--------------------------------------------------------
                              9 ; Public variables in this module
                             10 ;--------------------------------------------------------
                             11 	.globl _spriteship
                             12 	.globl _spriteshipCGB
                             13 ;--------------------------------------------------------
                             14 ; ram data
                             15 ;--------------------------------------------------------
                             16 	.area _DATA
                             17 ;--------------------------------------------------------
                             18 ; absolute external ram data
                             19 ;--------------------------------------------------------
                             20 	.area _DABS (ABS)
                             21 ;--------------------------------------------------------
                             22 ; global & static initialisations
                             23 ;--------------------------------------------------------
                             24 	.area _HOME
                             25 	.area _GSINIT
                             26 	.area _GSFINAL
                             27 	.area _GSINIT
                             28 ;--------------------------------------------------------
                             29 ; Home
                             30 ;--------------------------------------------------------
                             31 	.area _HOME
                             32 	.area _HOME
                             33 ;--------------------------------------------------------
                             34 ; code
                             35 ;--------------------------------------------------------
                             36 	.area _CODE
                             37 	.area _CODE
                             38 	.area _CODE_3
   0000                      39 _spriteshipCGB:
   0000 04                   40 	.db #0x04	; 4
   0001 04                   41 	.db #0x04	; 4
   0002 04                   42 	.db #0x04	; 4
   0003 04                   43 	.db #0x04	; 4
   0004                      44 _spriteship:
   0004 0F                   45 	.db #0x0f	; 15
   0005 0F                   46 	.db #0x0f	; 15
   0006 3F                   47 	.db #0x3f	; 63
   0007 30                   48 	.db #0x30	; 48	'0'
   0008 7F                   49 	.db #0x7f	; 127
   0009 40                   50 	.db #0x40	; 64
   000A 7F                   51 	.db #0x7f	; 127
   000B 40                   52 	.db #0x40	; 64
   000C FF                   53 	.db #0xff	; 255
   000D 80                   54 	.db #0x80	; 128
   000E FF                   55 	.db #0xff	; 255
   000F 81                   56 	.db #0x81	; 129
   0010 FE                   57 	.db #0xfe	; 254
   0011 C7                   58 	.db #0xc7	; 199
   0012 B8                   59 	.db #0xb8	; 184
   0013 FF                   60 	.db #0xff	; 255
   0014 80                   61 	.db #0x80	; 128
   0015 FF                   62 	.db #0xff	; 255
   0016 F8                   63 	.db #0xf8	; 248
   0017 FF                   64 	.db #0xff	; 255
   0018 87                   65 	.db #0x87	; 135
   0019 FF                   66 	.db #0xff	; 255
   001A 40                   67 	.db #0x40	; 64
   001B 7F                   68 	.db #0x7f	; 127
   001C 40                   69 	.db #0x40	; 64
   001D 7F                   70 	.db #0x7f	; 127
   001E 20                   71 	.db #0x20	; 32
   001F 3F                   72 	.db #0x3f	; 63
   0020 18                   73 	.db #0x18	; 24
   0021 1F                   74 	.db #0x1f	; 31
   0022 07                   75 	.db #0x07	; 7
   0023 07                   76 	.db #0x07	; 7
   0024 C7                   77 	.db #0xc7	; 199
   0025 C7                   78 	.db #0xc7	; 199
   0026 E7                   79 	.db #0xe7	; 231
   0027 65                   80 	.db #0x65	; 101	'e'
   0028 DF                   81 	.db #0xdf	; 223
   0029 7F                   82 	.db #0x7f	; 127
   002A C8                   83 	.db #0xc8	; 200
   002B 78                   84 	.db #0x78	; 120	'x'
   002C 8B                   85 	.db #0x8b	; 139
   002D FB                   86 	.db #0xfb	; 251
   002E 05                   87 	.db #0x05	; 5
   002F FF                   88 	.db #0xff	; 255
   0030 05                   89 	.db #0x05	; 5
   0031 FF                   90 	.db #0xff	; 255
   0032 05                   91 	.db #0x05	; 5
   0033 FF                   92 	.db #0xff	; 255
   0034 07                   93 	.db #0x07	; 7
   0035 FF                   94 	.db #0xff	; 255
   0036 3D                   95 	.db #0x3d	; 61
   0037 FF                   96 	.db #0xff	; 255
   0038 C5                   97 	.db #0xc5	; 197
   0039 FF                   98 	.db #0xff	; 255
   003A 05                   99 	.db #0x05	; 5
   003B FF                  100 	.db #0xff	; 255
   003C 0B                  101 	.db #0x0b	; 11
   003D FB                  102 	.db #0xfb	; 251
   003E 08                  103 	.db #0x08	; 8
   003F F8                  104 	.db #0xf8	; 248
   0040 30                  105 	.db #0x30	; 48	'0'
   0041 F0                  106 	.db #0xf0	; 240
   0042 C0                  107 	.db #0xc0	; 192
   0043 C0                  108 	.db #0xc0	; 192
   0044 0F                  109 	.db #0x0f	; 15
   0045 0F                  110 	.db #0x0f	; 15
   0046 3F                  111 	.db #0x3f	; 63
   0047 31                  112 	.db #0x31	; 49	'1'
   0048 7F                  113 	.db #0x7f	; 127
   0049 40                  114 	.db #0x40	; 64
   004A 7F                  115 	.db #0x7f	; 127
   004B 40                  116 	.db #0x40	; 64
   004C FF                  117 	.db #0xff	; 255
   004D 80                  118 	.db #0x80	; 128
   004E FF                  119 	.db #0xff	; 255
   004F 80                  120 	.db #0x80	; 128
   0050 FF                  121 	.db #0xff	; 255
   0051 81                  122 	.db #0x81	; 129
   0052 FE                  123 	.db #0xfe	; 254
   0053 C7                  124 	.db #0xc7	; 199
   0054 B8                  125 	.db #0xb8	; 184
   0055 FF                  126 	.db #0xff	; 255
   0056 80                  127 	.db #0x80	; 128
   0057 FF                  128 	.db #0xff	; 255
   0058 F0                  129 	.db #0xf0	; 240
   0059 FF                  130 	.db #0xff	; 255
   005A 4F                  131 	.db #0x4f	; 79	'O'
   005B 7F                  132 	.db #0x7f	; 127
   005C 40                  133 	.db #0x40	; 64
   005D 7F                  134 	.db #0x7f	; 127
   005E 20                  135 	.db #0x20	; 32
   005F 3F                  136 	.db #0x3f	; 63
   0060 18                  137 	.db #0x18	; 24
   0061 1F                  138 	.db #0x1f	; 31
   0062 07                  139 	.db #0x07	; 7
   0063 07                  140 	.db #0x07	; 7
   0064 C0                  141 	.db #0xc0	; 192
   0065 C0                  142 	.db #0xc0	; 192
   0066 A7                  143 	.db #0xa7	; 167
   0067 E7                  144 	.db #0xe7	; 231
   0068 DF                  145 	.db #0xdf	; 223
   0069 7D                  146 	.db #0x7d	; 125
   006A CF                  147 	.db #0xcf	; 207
   006B 7F                  148 	.db #0x7f	; 127
   006C CB                  149 	.db #0xcb	; 203
   006D 7B                  150 	.db #0x7b	; 123
   006E 85                  151 	.db #0x85	; 133
   006F FF                  152 	.db #0xff	; 255
   0070 05                  153 	.db #0x05	; 5
   0071 FF                  154 	.db #0xff	; 255
   0072 05                  155 	.db #0x05	; 5
   0073 FF                  156 	.db #0xff	; 255
   0074 05                  157 	.db #0x05	; 5
   0075 FF                  158 	.db #0xff	; 255
   0076 07                  159 	.db #0x07	; 7
   0077 FF                  160 	.db #0xff	; 255
   0078 1D                  161 	.db #0x1d	; 29
   0079 FF                  162 	.db #0xff	; 255
   007A E5                  163 	.db #0xe5	; 229
   007B FF                  164 	.db #0xff	; 255
   007C 0B                  165 	.db #0x0b	; 11
   007D FB                  166 	.db #0xfb	; 251
   007E 08                  167 	.db #0x08	; 8
   007F F8                  168 	.db #0xf8	; 248
   0080 30                  169 	.db #0x30	; 48	'0'
   0081 F0                  170 	.db #0xf0	; 240
   0082 C0                  171 	.db #0xc0	; 192
   0083 C0                  172 	.db #0xc0	; 192
   0084 0F                  173 	.db #0x0f	; 15
   0085 0F                  174 	.db #0x0f	; 15
   0086 3F                  175 	.db #0x3f	; 63
   0087 33                  176 	.db #0x33	; 51	'3'
   0088 7F                  177 	.db #0x7f	; 127
   0089 40                  178 	.db #0x40	; 64
   008A 7F                  179 	.db #0x7f	; 127
   008B 40                  180 	.db #0x40	; 64
   008C FF                  181 	.db #0xff	; 255
   008D 80                  182 	.db #0x80	; 128
   008E FF                  183 	.db #0xff	; 255
   008F 80                  184 	.db #0x80	; 128
   0090 FF                  185 	.db #0xff	; 255
   0091 80                  186 	.db #0x80	; 128
   0092 FF                  187 	.db #0xff	; 255
   0093 81                  188 	.db #0x81	; 129
   0094 FE                  189 	.db #0xfe	; 254
   0095 C7                  190 	.db #0xc7	; 199
   0096 B8                  191 	.db #0xb8	; 184
   0097 FF                  192 	.db #0xff	; 255
   0098 80                  193 	.db #0x80	; 128
   0099 FF                  194 	.db #0xff	; 255
   009A 70                  195 	.db #0x70	; 112	'p'
   009B 7F                  196 	.db #0x7f	; 127
   009C 4E                  197 	.db #0x4e	; 78	'N'
   009D 7F                  198 	.db #0x7f	; 127
   009E 21                  199 	.db #0x21	; 33
   009F 3F                  200 	.db #0x3f	; 63
   00A0 18                  201 	.db #0x18	; 24
   00A1 1F                  202 	.db #0x1f	; 31
   00A2 07                  203 	.db #0x07	; 7
   00A3 07                  204 	.db #0x07	; 7
   00A4 C0                  205 	.db #0xc0	; 192
   00A5 C0                  206 	.db #0xc0	; 192
   00A6 20                  207 	.db #0x20	; 32
   00A7 E0                  208 	.db #0xe0	; 224
   00A8 9F                  209 	.db #0x9f	; 159
   00A9 FF                  210 	.db #0xff	; 255
   00AA CF                  211 	.db #0xcf	; 207
   00AB 7D                  212 	.db #0x7d	; 125
   00AC CF                  213 	.db #0xcf	; 207
   00AD 7F                  214 	.db #0x7f	; 127
   00AE C5                  215 	.db #0xc5	; 197
   00AF 7F                  216 	.db #0x7f	; 127
   00B0 85                  217 	.db #0x85	; 133
   00B1 FF                  218 	.db #0xff	; 255
   00B2 05                  219 	.db #0x05	; 5
   00B3 FF                  220 	.db #0xff	; 255
   00B4 05                  221 	.db #0x05	; 5
   00B5 FF                  222 	.db #0xff	; 255
   00B6 05                  223 	.db #0x05	; 5
   00B7 FF                  224 	.db #0xff	; 255
   00B8 0F                  225 	.db #0x0f	; 15
   00B9 FF                  226 	.db #0xff	; 255
   00BA 35                  227 	.db #0x35	; 53	'5'
   00BB FF                  228 	.db #0xff	; 255
   00BC CB                  229 	.db #0xcb	; 203
   00BD FB                  230 	.db #0xfb	; 251
   00BE 08                  231 	.db #0x08	; 8
   00BF F8                  232 	.db #0xf8	; 248
   00C0 30                  233 	.db #0x30	; 48	'0'
   00C1 F0                  234 	.db #0xf0	; 240
   00C2 C0                  235 	.db #0xc0	; 192
   00C3 C0                  236 	.db #0xc0	; 192
   00C4 0F                  237 	.db #0x0f	; 15
   00C5 0F                  238 	.db #0x0f	; 15
   00C6 3F                  239 	.db #0x3f	; 63
   00C7 31                  240 	.db #0x31	; 49	'1'
   00C8 7F                  241 	.db #0x7f	; 127
   00C9 40                  242 	.db #0x40	; 64
   00CA 7F                  243 	.db #0x7f	; 127
   00CB 40                  244 	.db #0x40	; 64
   00CC FF                  245 	.db #0xff	; 255
   00CD 80                  246 	.db #0x80	; 128
   00CE FF                  247 	.db #0xff	; 255
   00CF 80                  248 	.db #0x80	; 128
   00D0 FF                  249 	.db #0xff	; 255
   00D1 81                  250 	.db #0x81	; 129
   00D2 FE                  251 	.db #0xfe	; 254
   00D3 C7                  252 	.db #0xc7	; 199
   00D4 B8                  253 	.db #0xb8	; 184
   00D5 FF                  254 	.db #0xff	; 255
   00D6 80                  255 	.db #0x80	; 128
   00D7 FF                  256 	.db #0xff	; 255
   00D8 F0                  257 	.db #0xf0	; 240
   00D9 FF                  258 	.db #0xff	; 255
   00DA 4F                  259 	.db #0x4f	; 79	'O'
   00DB 7F                  260 	.db #0x7f	; 127
   00DC 40                  261 	.db #0x40	; 64
   00DD 7F                  262 	.db #0x7f	; 127
   00DE 20                  263 	.db #0x20	; 32
   00DF 3F                  264 	.db #0x3f	; 63
   00E0 18                  265 	.db #0x18	; 24
   00E1 1F                  266 	.db #0x1f	; 31
   00E2 07                  267 	.db #0x07	; 7
   00E3 07                  268 	.db #0x07	; 7
   00E4 C0                  269 	.db #0xc0	; 192
   00E5 C0                  270 	.db #0xc0	; 192
   00E6 A7                  271 	.db #0xa7	; 167
   00E7 E7                  272 	.db #0xe7	; 231
   00E8 DF                  273 	.db #0xdf	; 223
   00E9 7D                  274 	.db #0x7d	; 125
   00EA CF                  275 	.db #0xcf	; 207
   00EB 7F                  276 	.db #0x7f	; 127
   00EC CB                  277 	.db #0xcb	; 203
   00ED 7B                  278 	.db #0x7b	; 123
   00EE 85                  279 	.db #0x85	; 133
   00EF FF                  280 	.db #0xff	; 255
   00F0 05                  281 	.db #0x05	; 5
   00F1 FF                  282 	.db #0xff	; 255
   00F2 05                  283 	.db #0x05	; 5
   00F3 FF                  284 	.db #0xff	; 255
   00F4 05                  285 	.db #0x05	; 5
   00F5 FF                  286 	.db #0xff	; 255
   00F6 07                  287 	.db #0x07	; 7
   00F7 FF                  288 	.db #0xff	; 255
   00F8 1D                  289 	.db #0x1d	; 29
   00F9 FF                  290 	.db #0xff	; 255
   00FA E5                  291 	.db #0xe5	; 229
   00FB FF                  292 	.db #0xff	; 255
   00FC 0B                  293 	.db #0x0b	; 11
   00FD FB                  294 	.db #0xfb	; 251
   00FE 08                  295 	.db #0x08	; 8
   00FF F8                  296 	.db #0xf8	; 248
   0100 30                  297 	.db #0x30	; 48	'0'
   0101 F0                  298 	.db #0xf0	; 240
   0102 C0                  299 	.db #0xc0	; 192
   0103 C0                  300 	.db #0xc0	; 192
                            301 	.area _CABS (ABS)
