                              1 ;--------------------------------------------------------
                              2 ; File Created by SDCC : free open source ANSI-C Compiler
                              3 ; Version 3.6.0 #9615 (MINGW32)
                              4 ;--------------------------------------------------------
                              5 	.module spritearrow_b3
                              6 	.optsdcc -mgbz80
                              7 	
                              8 ;--------------------------------------------------------
                              9 ; Public variables in this module
                             10 ;--------------------------------------------------------
                             11 	.globl _spritearrow
                             12 	.globl _spritearrowCGB
                             13 ;--------------------------------------------------------
                             14 ; ram data
                             15 ;--------------------------------------------------------
                             16 	.area _DATA
                             17 ;--------------------------------------------------------
                             18 ; absolute external ram data
                             19 ;--------------------------------------------------------
                             20 	.area _DABS (ABS)
                             21 ;--------------------------------------------------------
                             22 ; global & static initialisations
                             23 ;--------------------------------------------------------
                             24 	.area _HOME
                             25 	.area _GSINIT
                             26 	.area _GSFINAL
                             27 	.area _GSINIT
                             28 ;--------------------------------------------------------
                             29 ; Home
                             30 ;--------------------------------------------------------
                             31 	.area _HOME
                             32 	.area _HOME
                             33 ;--------------------------------------------------------
                             34 ; code
                             35 ;--------------------------------------------------------
                             36 	.area _CODE
                             37 	.area _CODE
                             38 	.area _CODE_3
   0000                      39 _spritearrowCGB:
   0000 07                   40 	.db #0x07	; 7
   0001 06                   41 	.db #0x06	; 6
   0002 05                   42 	.db #0x05	; 5
   0003                      43 _spritearrow:
   0003 7F                   44 	.db #0x7f	; 127
   0004 7F                   45 	.db #0x7f	; 127
   0005 BF                   46 	.db #0xbf	; 191
   0006 C0                   47 	.db #0xc0	; 192
   0007 8F                   48 	.db #0x8f	; 143
   0008 F0                   49 	.db #0xf0	; 240
   0009 87                   50 	.db #0x87	; 135
   000A F8                   51 	.db #0xf8	; 248
   000B 83                   52 	.db #0x83	; 131
   000C FC                   53 	.db #0xfc	; 252
   000D 81                   54 	.db #0x81	; 129
   000E FE                   55 	.db #0xfe	; 254
   000F 80                   56 	.db #0x80	; 128
   0010 FF                   57 	.db #0xff	; 255
   0011 80                   58 	.db #0x80	; 128
   0012 FF                   59 	.db #0xff	; 255
   0013 80                   60 	.db #0x80	; 128
   0014 FF                   61 	.db #0xff	; 255
   0015 40                   62 	.db #0x40	; 64
   0016 7F                   63 	.db #0x7f	; 127
   0017 42                   64 	.db #0x42	; 66	'B'
   0018 7F                   65 	.db #0x7f	; 127
   0019 45                   66 	.db #0x45	; 69	'E'
   001A 7D                   67 	.db #0x7d	; 125
   001B 38                   68 	.db #0x38	; 56	'8'
   001C 38                   69 	.db #0x38	; 56	'8'
   001D 00                   70 	.db #0x00	; 0
   001E 00                   71 	.db #0x00	; 0
   001F 00                   72 	.db #0x00	; 0
   0020 00                   73 	.db #0x00	; 0
   0021 00                   74 	.db #0x00	; 0
   0022 00                   75 	.db #0x00	; 0
   0023 80                   76 	.db #0x80	; 128
   0024 80                   77 	.db #0x80	; 128
   0025 F0                   78 	.db #0xf0	; 240
   0026 70                   79 	.db #0x70	; 112	'p'
   0027 F8                   80 	.db #0xf8	; 248
   0028 08                   81 	.db #0x08	; 8
   0029 F8                   82 	.db #0xf8	; 248
   002A 08                   83 	.db #0x08	; 8
   002B F8                   84 	.db #0xf8	; 248
   002C 08                   85 	.db #0x08	; 8
   002D F0                   86 	.db #0xf0	; 240
   002E 10                   87 	.db #0x10	; 16
   002F E0                   88 	.db #0xe0	; 224
   0030 20                   89 	.db #0x20	; 32
   0031 70                   90 	.db #0x70	; 112	'p'
   0032 90                   91 	.db #0x90	; 144
   0033 78                   92 	.db #0x78	; 120	'x'
   0034 88                   93 	.db #0x88	; 136
   0035 3C                   94 	.db #0x3c	; 60
   0036 C4                   95 	.db #0xc4	; 196
   0037 1C                   96 	.db #0x1c	; 28
   0038 E4                   97 	.db #0xe4	; 228
   0039 0C                   98 	.db #0x0c	; 12
   003A F4                   99 	.db #0xf4	; 244
   003B 84                  100 	.db #0x84	; 132
   003C FC                  101 	.db #0xfc	; 252
   003D 78                  102 	.db #0x78	; 120	'x'
   003E 78                  103 	.db #0x78	; 120	'x'
   003F 00                  104 	.db #0x00	; 0
   0040 00                  105 	.db #0x00	; 0
   0041 00                  106 	.db #0x00	; 0
   0042 00                  107 	.db #0x00	; 0
   0043 7F                  108 	.db #0x7f	; 127
   0044 7F                  109 	.db #0x7f	; 127
   0045 BF                  110 	.db #0xbf	; 191
   0046 C0                  111 	.db #0xc0	; 192
   0047 8F                  112 	.db #0x8f	; 143
   0048 F0                  113 	.db #0xf0	; 240
   0049 87                  114 	.db #0x87	; 135
   004A F8                  115 	.db #0xf8	; 248
   004B 83                  116 	.db #0x83	; 131
   004C FC                  117 	.db #0xfc	; 252
   004D 81                  118 	.db #0x81	; 129
   004E FE                  119 	.db #0xfe	; 254
   004F 80                  120 	.db #0x80	; 128
   0050 FF                  121 	.db #0xff	; 255
   0051 81                  122 	.db #0x81	; 129
   0052 FF                  123 	.db #0xff	; 255
   0053 83                  124 	.db #0x83	; 131
   0054 FE                  125 	.db #0xfe	; 254
   0055 47                  126 	.db #0x47	; 71	'G'
   0056 7C                  127 	.db #0x7c	; 124
   0057 4F                  128 	.db #0x4f	; 79	'O'
   0058 78                  129 	.db #0x78	; 120	'x'
   0059 47                  130 	.db #0x47	; 71	'G'
   005A 7C                  131 	.db #0x7c	; 124
   005B 3B                  132 	.db #0x3b	; 59
   005C 3A                  133 	.db #0x3a	; 58
   005D 01                  134 	.db #0x01	; 1
   005E 01                  135 	.db #0x01	; 1
   005F 00                  136 	.db #0x00	; 0
   0060 00                  137 	.db #0x00	; 0
   0061 00                  138 	.db #0x00	; 0
   0062 00                  139 	.db #0x00	; 0
   0063 80                  140 	.db #0x80	; 128
   0064 80                  141 	.db #0x80	; 128
   0065 F0                  142 	.db #0xf0	; 240
   0066 70                  143 	.db #0x70	; 112	'p'
   0067 F8                  144 	.db #0xf8	; 248
   0068 08                  145 	.db #0x08	; 8
   0069 F8                  146 	.db #0xf8	; 248
   006A 08                  147 	.db #0x08	; 8
   006B F8                  148 	.db #0xf8	; 248
   006C 08                  149 	.db #0x08	; 8
   006D F4                  150 	.db #0xf4	; 244
   006E 14                  151 	.db #0x14	; 20
   006F EE                  152 	.db #0xee	; 238
   0070 2A                  153 	.db #0x2a	; 42
   0071 7F                  154 	.db #0x7f	; 127
   0072 91                  155 	.db #0x91	; 145
   0073 FF                  156 	.db #0xff	; 255
   0074 A0                  157 	.db #0xa0	; 160
   0075 FF                  158 	.db #0xff	; 255
   0076 41                  159 	.db #0x41	; 65	'A'
   0077 FE                  160 	.db #0xfe	; 254
   0078 02                  161 	.db #0x02	; 2
   0079 FC                  162 	.db #0xfc	; 252
   007A 04                  163 	.db #0x04	; 4
   007B FC                  164 	.db #0xfc	; 252
   007C 0C                  165 	.db #0x0c	; 12
   007D F8                  166 	.db #0xf8	; 248
   007E 18                  167 	.db #0x18	; 24
   007F E0                  168 	.db #0xe0	; 224
   0080 A0                  169 	.db #0xa0	; 160
   0081 40                  170 	.db #0x40	; 64
   0082 40                  171 	.db #0x40	; 64
   0083 7F                  172 	.db #0x7f	; 127
   0084 7F                  173 	.db #0x7f	; 127
   0085 BF                  174 	.db #0xbf	; 191
   0086 C0                  175 	.db #0xc0	; 192
   0087 8F                  176 	.db #0x8f	; 143
   0088 F0                  177 	.db #0xf0	; 240
   0089 87                  178 	.db #0x87	; 135
   008A F8                  179 	.db #0xf8	; 248
   008B 83                  180 	.db #0x83	; 131
   008C FC                  181 	.db #0xfc	; 252
   008D 87                  182 	.db #0x87	; 135
   008E FF                  183 	.db #0xff	; 255
   008F 87                  184 	.db #0x87	; 135
   0090 FC                  185 	.db #0xfc	; 252
   0091 87                  186 	.db #0x87	; 135
   0092 FC                  187 	.db #0xfc	; 252
   0093 83                  188 	.db #0x83	; 131
   0094 FE                  189 	.db #0xfe	; 254
   0095 41                  190 	.db #0x41	; 65	'A'
   0096 7F                  191 	.db #0x7f	; 127
   0097 42                  192 	.db #0x42	; 66	'B'
   0098 7F                  193 	.db #0x7f	; 127
   0099 45                  194 	.db #0x45	; 69	'E'
   009A 7D                  195 	.db #0x7d	; 125
   009B 3B                  196 	.db #0x3b	; 59
   009C 3A                  197 	.db #0x3a	; 58
   009D 07                  198 	.db #0x07	; 7
   009E 04                  199 	.db #0x04	; 4
   009F 07                  200 	.db #0x07	; 7
   00A0 04                  201 	.db #0x04	; 4
   00A1 07                  202 	.db #0x07	; 7
   00A2 07                  203 	.db #0x07	; 7
   00A3 80                  204 	.db #0x80	; 128
   00A4 80                  205 	.db #0x80	; 128
   00A5 F0                  206 	.db #0xf0	; 240
   00A6 70                  207 	.db #0x70	; 112	'p'
   00A7 F8                  208 	.db #0xf8	; 248
   00A8 08                  209 	.db #0x08	; 8
   00A9 F8                  210 	.db #0xf8	; 248
   00AA 08                  211 	.db #0x08	; 8
   00AB F8                  212 	.db #0xf8	; 248
   00AC 08                  213 	.db #0x08	; 8
   00AD F7                  214 	.db #0xf7	; 247
   00AE 17                  215 	.db #0x17	; 23
   00AF EF                  216 	.db #0xef	; 239
   00B0 A9                  217 	.db #0xa9	; 169
   00B1 FF                  218 	.db #0xff	; 255
   00B2 51                  219 	.db #0x51	; 81	'Q'
   00B3 FE                  220 	.db #0xfe	; 254
   00B4 22                  221 	.db #0x22	; 34
   00B5 FC                  222 	.db #0xfc	; 252
   00B6 04                  223 	.db #0x04	; 4
   00B7 FC                  224 	.db #0xfc	; 252
   00B8 8C                  225 	.db #0x8c	; 140
   00B9 FC                  226 	.db #0xfc	; 252
   00BA 04                  227 	.db #0x04	; 4
   00BB FE                  228 	.db #0xfe	; 254
   00BC 22                  229 	.db #0x22	; 34
   00BD FF                  230 	.db #0xff	; 255
   00BE 71                  231 	.db #0x71	; 113	'q'
   00BF 8F                  232 	.db #0x8f	; 143
   00C0 89                  233 	.db #0x89	; 137
   00C1 07                  234 	.db #0x07	; 7
   00C2 07                  235 	.db #0x07	; 7
                            236 	.area _CABS (ABS)
