                              1 ;--------------------------------------------------------
                              2 ; File Created by SDCC : free open source ANSI-C Compiler
                              3 ; Version 3.6.0 #9615 (MINGW32)
                              4 ;--------------------------------------------------------
                              5 	.module BankManager
                              6 	.optsdcc -mgbz80
                              7 	
                              8 ;--------------------------------------------------------
                              9 ; Public variables in this module
                             10 ;--------------------------------------------------------
                             11 	.globl _StackPop
                             12 	.globl _StackPush
                             13 	.globl _bank_stack
                             14 	.globl _PushBank
                             15 	.globl _PopBank
                             16 ;--------------------------------------------------------
                             17 ; ram data
                             18 ;--------------------------------------------------------
                             19 	.area _DATA
   0000                      20 _bank_stack::
   0000                      21 	.ds 11
                             22 ;--------------------------------------------------------
                             23 ; absolute external ram data
                             24 ;--------------------------------------------------------
                             25 	.area _DABS (ABS)
                             26 ;--------------------------------------------------------
                             27 ; global & static initialisations
                             28 ;--------------------------------------------------------
                             29 	.area _HOME
                             30 	.area _GSINIT
                             31 	.area _GSFINAL
                             32 	.area _GSINIT
                             33 ;C:/gbdk/ZGB/common/src/BankManager.c:3: DECLARE_STACK(bank_stack, N_PUSH_BANKS);
   0000 21r00r00             34 	ld	hl,#_bank_stack
   0003 36 00                35 	ld	(hl),#0x00
                             36 ;--------------------------------------------------------
                             37 ; Home
                             38 ;--------------------------------------------------------
                             39 	.area _HOME
                             40 	.area _HOME
                             41 ;--------------------------------------------------------
                             42 ; code
                             43 ;--------------------------------------------------------
                             44 	.area _CODE
                             45 ;C:/gbdk/ZGB/common/src/BankManager.c:5: void PushBank(UINT8 b) {
                             46 ;	---------------------------------
                             47 ; Function PushBank
                             48 ; ---------------------------------
   0000                      49 _PushBank::
                             50 ;C:/gbdk/ZGB/common/src/BankManager.c:6: StackPush(bank_stack, b); 
   0000 F8 02                51 	ldhl	sp,#2
   0002 7E                   52 	ld	a,(hl)
   0003 F5                   53 	push	af
   0004 33                   54 	inc	sp
   0005 21r00r00             55 	ld	hl,#_bank_stack
   0008 E5                   56 	push	hl
   0009 CDr00r00             57 	call	_StackPush
   000C E8 03                58 	add	sp, #3
                             59 ;C:/gbdk/ZGB/common/src/BankManager.c:7: SWITCH_ROM_MBC1(b);
   000E 11 00 20             60 	ld	de,#0x2000
   0011 F8 02                61 	ldhl	sp,#2
   0013 7E                   62 	ld	a,(hl)
   0014 12                   63 	ld	(de),a
   0015 C9                   64 	ret
                             65 ;C:/gbdk/ZGB/common/src/BankManager.c:10: void PopBank() {
                             66 ;	---------------------------------
                             67 ; Function PopBank
                             68 ; ---------------------------------
   0016                      69 _PopBank::
                             70 ;C:/gbdk/ZGB/common/src/BankManager.c:11: StackPop(bank_stack);
   0016 21r00r00             71 	ld	hl,#_bank_stack
   0019 E5                   72 	push	hl
   001A CDr00r00             73 	call	_StackPop
   001D E8 02                74 	add	sp, #2
                             75 ;C:/gbdk/ZGB/common/src/BankManager.c:12: REFRESH_BANK;
   001F 11r00r00             76 	ld	de, #_bank_stack + 0
   0022 1A                   77 	ld	a,(de)
   0023 C6r00                78 	add	a,#<(_bank_stack)
   0025 4F                   79 	ld	c,a
   0026 3Es00                80 	ld	a,#>(_bank_stack)
   0028 CE 00                81 	adc	a, #0x00
   002A 47                   82 	ld	b,a
   002B 0A                   83 	ld	a,(bc)
   002C 11 00 20             84 	ld	de,#0x2000
   002F 12                   85 	ld	(de),a
   0030 C9                   86 	ret
                             87 	.area _CODE
                             88 	.area _CABS (ABS)
