                              1 ;--------------------------------------------------------
                              2 ; File Created by SDCC : free open source ANSI-C Compiler
                              3 ; Version 3.6.0 #9615 (MINGW32)
                              4 ;--------------------------------------------------------
                              5 	.module Math
                              6 	.optsdcc -mgbz80
                              7 	
                              8 ;--------------------------------------------------------
                              9 ; Public variables in this module
                             10 ;--------------------------------------------------------
                             11 	.globl _DespRight
                             12 ;--------------------------------------------------------
                             13 ; ram data
                             14 ;--------------------------------------------------------
                             15 	.area _DATA
                             16 ;--------------------------------------------------------
                             17 ; absolute external ram data
                             18 ;--------------------------------------------------------
                             19 	.area _DABS (ABS)
                             20 ;--------------------------------------------------------
                             21 ; global & static initialisations
                             22 ;--------------------------------------------------------
                             23 	.area _HOME
                             24 	.area _GSINIT
                             25 	.area _GSFINAL
                             26 	.area _GSINIT
                             27 ;--------------------------------------------------------
                             28 ; Home
                             29 ;--------------------------------------------------------
                             30 	.area _HOME
                             31 	.area _HOME
                             32 ;--------------------------------------------------------
                             33 ; code
                             34 ;--------------------------------------------------------
                             35 	.area _CODE
                             36 ;C:/gbdk/ZGB/common/src/Math.c:3: INT16 DespRight(INT16 a, INT16 b) {
                             37 ;	---------------------------------
                             38 ; Function DespRight
                             39 ; ---------------------------------
   0000                      40 _DespRight::
                             41 ;C:/gbdk/ZGB/common/src/Math.c:4: return a >> b;
   0000 F8 04                42 	ldhl	sp,#4
   0002 7E                   43 	ld	a,(hl)
   0003 F5                   44 	push	af
   0004 2B                   45 	dec	hl
   0005 2B                   46 	dec	hl
   0006 5E                   47 	ld	e,(hl)
   0007 23                   48 	inc	hl
   0008 56                   49 	ld	d,(hl)
   0009 F1                   50 	pop	af
   000A 3C                   51 	inc	a
   000B 18 04                52 	jr	00104$
   000D                      53 00103$:
   000D CB 2A                54 	sra	d
   000F CB 1B                55 	rr	e
   0011                      56 00104$:
   0011 3D                   57 	dec	a
   0012 20 F9                58 	jr	NZ,00103$
   0014 C9                   59 	ret
                             60 	.area _CODE
                             61 	.area _CABS (ABS)
