                              1 ;--------------------------------------------------------
                              2 ; File Created by SDCC : free open source ANSI-C Compiler
                              3 ; Version 3.6.0 #9615 (MINGW32)
                              4 ;--------------------------------------------------------
                              5 	.module Parallax_tables_b1
                              6 	.optsdcc -mgbz80
                              7 	
                              8 ;--------------------------------------------------------
                              9 ; Public variables in this module
                             10 ;--------------------------------------------------------
                             11 	.globl _Parallax_TableY
                             12 	.globl _Parallax_TableX
                             13 ;--------------------------------------------------------
                             14 ; ram data
                             15 ;--------------------------------------------------------
                             16 	.area _DATA
                             17 ;--------------------------------------------------------
                             18 ; absolute external ram data
                             19 ;--------------------------------------------------------
                             20 	.area _DABS (ABS)
                             21 ;--------------------------------------------------------
                             22 ; global & static initialisations
                             23 ;--------------------------------------------------------
                             24 	.area _HOME
                             25 	.area _GSINIT
                             26 	.area _GSFINAL
                             27 	.area _GSINIT
                             28 ;--------------------------------------------------------
                             29 ; Home
                             30 ;--------------------------------------------------------
                             31 	.area _HOME
                             32 	.area _HOME
                             33 ;--------------------------------------------------------
                             34 ; code
                             35 ;--------------------------------------------------------
                             36 	.area _CODE_1
                             37 	.area _CODE_1
                             38 	.area _CODE_1
   0000                      39 _Parallax_TableX:
   0000 80 1D                40 	.dw #0x1d80
   0002 80 1D                41 	.dw #0x1d80
   0004 80 19                42 	.dw #0x1980
   0006 80 19                43 	.dw #0x1980
   0008 80 15                44 	.dw #0x1580
   000A 80 15                45 	.dw #0x1580
   000C 80 11                46 	.dw #0x1180
   000E 80 11                47 	.dw #0x1180
   0010 80 0D                48 	.dw #0x0d80
   0012 80 0D                49 	.dw #0x0d80
   0014 80 09                50 	.dw #0x0980
   0016 80 09                51 	.dw #0x0980
   0018 80 05                52 	.dw #0x0580
   001A 80 05                53 	.dw #0x0580
   001C 80 01                54 	.dw #0x0180
   001E 80 01                55 	.dw #0x0180
   0020 00 1D                56 	.dw #0x1d00
   0022 00 1D                57 	.dw #0x1d00
   0024 00 19                58 	.dw #0x1900
   0026 00 19                59 	.dw #0x1900
   0028 00 15                60 	.dw #0x1500
   002A 00 15                61 	.dw #0x1500
   002C 00 11                62 	.dw #0x1100
   002E 00 11                63 	.dw #0x1100
   0030 00 0D                64 	.dw #0x0d00
   0032 00 0D                65 	.dw #0x0d00
   0034 00 09                66 	.dw #0x0900
   0036 00 09                67 	.dw #0x0900
   0038 00 05                68 	.dw #0x0500
   003A 00 05                69 	.dw #0x0500
   003C 00 01                70 	.dw #0x0100
   003E 00 01                71 	.dw #0x0100
   0040 80 1C                72 	.dw #0x1c80
   0042 80 1C                73 	.dw #0x1c80
   0044 80 18                74 	.dw #0x1880
   0046 80 18                75 	.dw #0x1880
   0048 80 14                76 	.dw #0x1480
   004A 80 14                77 	.dw #0x1480
   004C 80 10                78 	.dw #0x1080
   004E 80 10                79 	.dw #0x1080
   0050 80 0C                80 	.dw #0x0c80
   0052 80 0C                81 	.dw #0x0c80
   0054 80 08                82 	.dw #0x0880
   0056 80 08                83 	.dw #0x0880
   0058 80 04                84 	.dw #0x0480
   005A 80 04                85 	.dw #0x0480
   005C 80 00                86 	.dw #0x0080
   005E 80 00                87 	.dw #0x0080
   0060 00 1C                88 	.dw #0x1c00
   0062 00 1C                89 	.dw #0x1c00
   0064 00 18                90 	.dw #0x1800
   0066 00 18                91 	.dw #0x1800
   0068 00 14                92 	.dw #0x1400
   006A 00 14                93 	.dw #0x1400
   006C 00 10                94 	.dw #0x1000
   006E 00 10                95 	.dw #0x1000
   0070 00 0C                96 	.dw #0x0c00
   0072 00 0C                97 	.dw #0x0c00
   0074 00 08                98 	.dw #0x0800
   0076 00 08                99 	.dw #0x0800
   0078 00 04               100 	.dw #0x0400
   007A 00 04               101 	.dw #0x0400
   007C 00 00               102 	.dw #0x0000
   007E 00 00               103 	.dw #0x0000
   0080 80 1D               104 	.dw #0x1d80
   0082 80 1D               105 	.dw #0x1d80
   0084 80 19               106 	.dw #0x1980
   0086 80 19               107 	.dw #0x1980
   0088 80 15               108 	.dw #0x1580
   008A 80 15               109 	.dw #0x1580
   008C 80 11               110 	.dw #0x1180
   008E 80 11               111 	.dw #0x1180
   0090 80 0D               112 	.dw #0x0d80
   0092 80 0D               113 	.dw #0x0d80
   0094 80 09               114 	.dw #0x0980
   0096 80 09               115 	.dw #0x0980
   0098 80 05               116 	.dw #0x0580
   009A 80 05               117 	.dw #0x0580
   009C 80 01               118 	.dw #0x0180
   009E 80 01               119 	.dw #0x0180
   00A0 00 1D               120 	.dw #0x1d00
   00A2 00 1D               121 	.dw #0x1d00
   00A4 00 19               122 	.dw #0x1900
   00A6 00 19               123 	.dw #0x1900
   00A8 00 15               124 	.dw #0x1500
   00AA 00 15               125 	.dw #0x1500
   00AC 00 11               126 	.dw #0x1100
   00AE 00 11               127 	.dw #0x1100
   00B0 00 0D               128 	.dw #0x0d00
   00B2 00 0D               129 	.dw #0x0d00
   00B4 00 09               130 	.dw #0x0900
   00B6 00 09               131 	.dw #0x0900
   00B8 00 05               132 	.dw #0x0500
   00BA 00 05               133 	.dw #0x0500
   00BC 00 01               134 	.dw #0x0100
   00BE 00 01               135 	.dw #0x0100
   00C0 80 1C               136 	.dw #0x1c80
   00C2 80 1C               137 	.dw #0x1c80
   00C4 80 18               138 	.dw #0x1880
   00C6 80 18               139 	.dw #0x1880
   00C8 80 14               140 	.dw #0x1480
   00CA 80 14               141 	.dw #0x1480
   00CC 80 10               142 	.dw #0x1080
   00CE 80 10               143 	.dw #0x1080
   00D0 80 0C               144 	.dw #0x0c80
   00D2 80 0C               145 	.dw #0x0c80
   00D4 80 08               146 	.dw #0x0880
   00D6 80 08               147 	.dw #0x0880
   00D8 80 04               148 	.dw #0x0480
   00DA 80 04               149 	.dw #0x0480
   00DC 80 00               150 	.dw #0x0080
   00DE 80 00               151 	.dw #0x0080
   00E0 00 1C               152 	.dw #0x1c00
   00E2 00 1C               153 	.dw #0x1c00
   00E4 00 18               154 	.dw #0x1800
   00E6 00 18               155 	.dw #0x1800
   00E8 00 14               156 	.dw #0x1400
   00EA 00 14               157 	.dw #0x1400
   00EC 00 10               158 	.dw #0x1000
   00EE 00 10               159 	.dw #0x1000
   00F0 00 0C               160 	.dw #0x0c00
   00F2 00 0C               161 	.dw #0x0c00
   00F4 00 08               162 	.dw #0x0800
   00F6 00 08               163 	.dw #0x0800
   00F8 00 04               164 	.dw #0x0400
   00FA 00 04               165 	.dw #0x0400
   00FC 00 00               166 	.dw #0x0000
   00FE 00 00               167 	.dw #0x0000
   0100 80 1D               168 	.dw #0x1d80
   0102 80 1D               169 	.dw #0x1d80
   0104 80 19               170 	.dw #0x1980
   0106 80 19               171 	.dw #0x1980
   0108 80 15               172 	.dw #0x1580
   010A 80 15               173 	.dw #0x1580
   010C 80 11               174 	.dw #0x1180
   010E 80 11               175 	.dw #0x1180
   0110 80 0D               176 	.dw #0x0d80
   0112 80 0D               177 	.dw #0x0d80
   0114 80 09               178 	.dw #0x0980
   0116 80 09               179 	.dw #0x0980
   0118 80 05               180 	.dw #0x0580
   011A 80 05               181 	.dw #0x0580
   011C 80 01               182 	.dw #0x0180
   011E 80 01               183 	.dw #0x0180
   0120 00 1D               184 	.dw #0x1d00
   0122 00 1D               185 	.dw #0x1d00
   0124 00 19               186 	.dw #0x1900
   0126 00 19               187 	.dw #0x1900
   0128 00 15               188 	.dw #0x1500
   012A 00 15               189 	.dw #0x1500
   012C 00 11               190 	.dw #0x1100
   012E 00 11               191 	.dw #0x1100
   0130 00 0D               192 	.dw #0x0d00
   0132 00 0D               193 	.dw #0x0d00
   0134 00 09               194 	.dw #0x0900
   0136 00 09               195 	.dw #0x0900
   0138 00 05               196 	.dw #0x0500
   013A 00 05               197 	.dw #0x0500
   013C 00 01               198 	.dw #0x0100
   013E 00 01               199 	.dw #0x0100
   0140 80 1C               200 	.dw #0x1c80
   0142 80 1C               201 	.dw #0x1c80
   0144 80 18               202 	.dw #0x1880
   0146 80 18               203 	.dw #0x1880
   0148 80 14               204 	.dw #0x1480
   014A 80 14               205 	.dw #0x1480
   014C 80 10               206 	.dw #0x1080
   014E 80 10               207 	.dw #0x1080
   0150 80 0C               208 	.dw #0x0c80
   0152 80 0C               209 	.dw #0x0c80
   0154 80 08               210 	.dw #0x0880
   0156 80 08               211 	.dw #0x0880
   0158 80 04               212 	.dw #0x0480
   015A 80 04               213 	.dw #0x0480
   015C 80 00               214 	.dw #0x0080
   015E 80 00               215 	.dw #0x0080
   0160 00 1C               216 	.dw #0x1c00
   0162 00 1C               217 	.dw #0x1c00
   0164 00 18               218 	.dw #0x1800
   0166 00 18               219 	.dw #0x1800
   0168 00 14               220 	.dw #0x1400
   016A 00 14               221 	.dw #0x1400
   016C 00 10               222 	.dw #0x1000
   016E 00 10               223 	.dw #0x1000
   0170 00 0C               224 	.dw #0x0c00
   0172 00 0C               225 	.dw #0x0c00
   0174 00 08               226 	.dw #0x0800
   0176 00 08               227 	.dw #0x0800
   0178 00 04               228 	.dw #0x0400
   017A 00 04               229 	.dw #0x0400
   017C 00 00               230 	.dw #0x0000
   017E 00 00               231 	.dw #0x0000
   0180 80 1D               232 	.dw #0x1d80
   0182 80 1D               233 	.dw #0x1d80
   0184 80 19               234 	.dw #0x1980
   0186 80 19               235 	.dw #0x1980
   0188 80 15               236 	.dw #0x1580
   018A 80 15               237 	.dw #0x1580
   018C 80 11               238 	.dw #0x1180
   018E 80 11               239 	.dw #0x1180
   0190 80 0D               240 	.dw #0x0d80
   0192 80 0D               241 	.dw #0x0d80
   0194 80 09               242 	.dw #0x0980
   0196 80 09               243 	.dw #0x0980
   0198 80 05               244 	.dw #0x0580
   019A 80 05               245 	.dw #0x0580
   019C 80 01               246 	.dw #0x0180
   019E 80 01               247 	.dw #0x0180
   01A0 00 1D               248 	.dw #0x1d00
   01A2 00 1D               249 	.dw #0x1d00
   01A4 00 19               250 	.dw #0x1900
   01A6 00 19               251 	.dw #0x1900
   01A8 00 15               252 	.dw #0x1500
   01AA 00 15               253 	.dw #0x1500
   01AC 00 11               254 	.dw #0x1100
   01AE 00 11               255 	.dw #0x1100
   01B0 00 0D               256 	.dw #0x0d00
   01B2 00 0D               257 	.dw #0x0d00
   01B4 00 09               258 	.dw #0x0900
   01B6 00 09               259 	.dw #0x0900
   01B8 00 05               260 	.dw #0x0500
   01BA 00 05               261 	.dw #0x0500
   01BC 00 01               262 	.dw #0x0100
   01BE 00 01               263 	.dw #0x0100
   01C0 80 1C               264 	.dw #0x1c80
   01C2 80 1C               265 	.dw #0x1c80
   01C4 80 18               266 	.dw #0x1880
   01C6 80 18               267 	.dw #0x1880
   01C8 80 14               268 	.dw #0x1480
   01CA 80 14               269 	.dw #0x1480
   01CC 80 10               270 	.dw #0x1080
   01CE 80 10               271 	.dw #0x1080
   01D0 80 0C               272 	.dw #0x0c80
   01D2 80 0C               273 	.dw #0x0c80
   01D4 80 08               274 	.dw #0x0880
   01D6 80 08               275 	.dw #0x0880
   01D8 80 04               276 	.dw #0x0480
   01DA 80 04               277 	.dw #0x0480
   01DC 80 00               278 	.dw #0x0080
   01DE 80 00               279 	.dw #0x0080
   01E0 00 1C               280 	.dw #0x1c00
   01E2 00 1C               281 	.dw #0x1c00
   01E4 00 18               282 	.dw #0x1800
   01E6 00 18               283 	.dw #0x1800
   01E8 00 14               284 	.dw #0x1400
   01EA 00 14               285 	.dw #0x1400
   01EC 00 10               286 	.dw #0x1000
   01EE 00 10               287 	.dw #0x1000
   01F0 00 0C               288 	.dw #0x0c00
   01F2 00 0C               289 	.dw #0x0c00
   01F4 00 08               290 	.dw #0x0800
   01F6 00 08               291 	.dw #0x0800
   01F8 00 04               292 	.dw #0x0400
   01FA 00 04               293 	.dw #0x0400
   01FC 00 00               294 	.dw #0x0000
   01FE 00 00               295 	.dw #0x0000
   0200                     296 _Parallax_TableY:
   0200 3E 00               297 	.dw #0x003e
   0202 3E 00               298 	.dw #0x003e
   0204 3C 00               299 	.dw #0x003c
   0206 3C 00               300 	.dw #0x003c
   0208 3A 00               301 	.dw #0x003a
   020A 3A 00               302 	.dw #0x003a
   020C 38 00               303 	.dw #0x0038
   020E 38 00               304 	.dw #0x0038
   0210 36 00               305 	.dw #0x0036
   0212 36 00               306 	.dw #0x0036
   0214 34 00               307 	.dw #0x0034
   0216 34 00               308 	.dw #0x0034
   0218 32 00               309 	.dw #0x0032
   021A 32 00               310 	.dw #0x0032
   021C 30 00               311 	.dw #0x0030
   021E 30 00               312 	.dw #0x0030
   0220 2E 00               313 	.dw #0x002e
   0222 2E 00               314 	.dw #0x002e
   0224 2C 00               315 	.dw #0x002c
   0226 2C 00               316 	.dw #0x002c
   0228 2A 00               317 	.dw #0x002a
   022A 2A 00               318 	.dw #0x002a
   022C 28 00               319 	.dw #0x0028
   022E 28 00               320 	.dw #0x0028
   0230 26 00               321 	.dw #0x0026
   0232 26 00               322 	.dw #0x0026
   0234 24 00               323 	.dw #0x0024
   0236 24 00               324 	.dw #0x0024
   0238 22 00               325 	.dw #0x0022
   023A 22 00               326 	.dw #0x0022
   023C 20 00               327 	.dw #0x0020
   023E 20 00               328 	.dw #0x0020
   0240 1E 00               329 	.dw #0x001e
   0242 1E 00               330 	.dw #0x001e
   0244 1C 00               331 	.dw #0x001c
   0246 1C 00               332 	.dw #0x001c
   0248 1A 00               333 	.dw #0x001a
   024A 1A 00               334 	.dw #0x001a
   024C 18 00               335 	.dw #0x0018
   024E 18 00               336 	.dw #0x0018
   0250 16 00               337 	.dw #0x0016
   0252 16 00               338 	.dw #0x0016
   0254 14 00               339 	.dw #0x0014
   0256 14 00               340 	.dw #0x0014
   0258 12 00               341 	.dw #0x0012
   025A 12 00               342 	.dw #0x0012
   025C 10 00               343 	.dw #0x0010
   025E 10 00               344 	.dw #0x0010
   0260 0E 00               345 	.dw #0x000e
   0262 0E 00               346 	.dw #0x000e
   0264 0C 00               347 	.dw #0x000c
   0266 0C 00               348 	.dw #0x000c
   0268 0A 00               349 	.dw #0x000a
   026A 0A 00               350 	.dw #0x000a
   026C 08 00               351 	.dw #0x0008
   026E 08 00               352 	.dw #0x0008
   0270 06 00               353 	.dw #0x0006
   0272 06 00               354 	.dw #0x0006
   0274 04 00               355 	.dw #0x0004
   0276 04 00               356 	.dw #0x0004
   0278 02 00               357 	.dw #0x0002
   027A 02 00               358 	.dw #0x0002
   027C 00 00               359 	.dw #0x0000
   027E 00 00               360 	.dw #0x0000
   0280 3E 00               361 	.dw #0x003e
   0282 3E 00               362 	.dw #0x003e
   0284 3C 00               363 	.dw #0x003c
   0286 3C 00               364 	.dw #0x003c
   0288 3A 00               365 	.dw #0x003a
   028A 3A 00               366 	.dw #0x003a
   028C 38 00               367 	.dw #0x0038
   028E 38 00               368 	.dw #0x0038
   0290 36 00               369 	.dw #0x0036
   0292 36 00               370 	.dw #0x0036
   0294 34 00               371 	.dw #0x0034
   0296 34 00               372 	.dw #0x0034
   0298 32 00               373 	.dw #0x0032
   029A 32 00               374 	.dw #0x0032
   029C 30 00               375 	.dw #0x0030
   029E 30 00               376 	.dw #0x0030
   02A0 2E 00               377 	.dw #0x002e
   02A2 2E 00               378 	.dw #0x002e
   02A4 2C 00               379 	.dw #0x002c
   02A6 2C 00               380 	.dw #0x002c
   02A8 2A 00               381 	.dw #0x002a
   02AA 2A 00               382 	.dw #0x002a
   02AC 28 00               383 	.dw #0x0028
   02AE 28 00               384 	.dw #0x0028
   02B0 26 00               385 	.dw #0x0026
   02B2 26 00               386 	.dw #0x0026
   02B4 24 00               387 	.dw #0x0024
   02B6 24 00               388 	.dw #0x0024
   02B8 22 00               389 	.dw #0x0022
   02BA 22 00               390 	.dw #0x0022
   02BC 20 00               391 	.dw #0x0020
   02BE 20 00               392 	.dw #0x0020
   02C0 1E 00               393 	.dw #0x001e
   02C2 1E 00               394 	.dw #0x001e
   02C4 1C 00               395 	.dw #0x001c
   02C6 1C 00               396 	.dw #0x001c
   02C8 1A 00               397 	.dw #0x001a
   02CA 1A 00               398 	.dw #0x001a
   02CC 18 00               399 	.dw #0x0018
   02CE 18 00               400 	.dw #0x0018
   02D0 16 00               401 	.dw #0x0016
   02D2 16 00               402 	.dw #0x0016
   02D4 14 00               403 	.dw #0x0014
   02D6 14 00               404 	.dw #0x0014
   02D8 12 00               405 	.dw #0x0012
   02DA 12 00               406 	.dw #0x0012
   02DC 10 00               407 	.dw #0x0010
   02DE 10 00               408 	.dw #0x0010
   02E0 0E 00               409 	.dw #0x000e
   02E2 0E 00               410 	.dw #0x000e
   02E4 0C 00               411 	.dw #0x000c
   02E6 0C 00               412 	.dw #0x000c
   02E8 0A 00               413 	.dw #0x000a
   02EA 0A 00               414 	.dw #0x000a
   02EC 08 00               415 	.dw #0x0008
   02EE 08 00               416 	.dw #0x0008
   02F0 06 00               417 	.dw #0x0006
   02F2 06 00               418 	.dw #0x0006
   02F4 04 00               419 	.dw #0x0004
   02F6 04 00               420 	.dw #0x0004
   02F8 02 00               421 	.dw #0x0002
   02FA 02 00               422 	.dw #0x0002
   02FC 00 00               423 	.dw #0x0000
   02FE 00 00               424 	.dw #0x0000
   0300 3E 00               425 	.dw #0x003e
   0302 3E 00               426 	.dw #0x003e
   0304 3C 00               427 	.dw #0x003c
   0306 3C 00               428 	.dw #0x003c
   0308 3A 00               429 	.dw #0x003a
   030A 3A 00               430 	.dw #0x003a
   030C 38 00               431 	.dw #0x0038
   030E 38 00               432 	.dw #0x0038
   0310 36 00               433 	.dw #0x0036
   0312 36 00               434 	.dw #0x0036
   0314 34 00               435 	.dw #0x0034
   0316 34 00               436 	.dw #0x0034
   0318 32 00               437 	.dw #0x0032
   031A 32 00               438 	.dw #0x0032
   031C 30 00               439 	.dw #0x0030
   031E 30 00               440 	.dw #0x0030
   0320 2E 00               441 	.dw #0x002e
   0322 2E 00               442 	.dw #0x002e
   0324 2C 00               443 	.dw #0x002c
   0326 2C 00               444 	.dw #0x002c
   0328 2A 00               445 	.dw #0x002a
   032A 2A 00               446 	.dw #0x002a
   032C 28 00               447 	.dw #0x0028
   032E 28 00               448 	.dw #0x0028
   0330 26 00               449 	.dw #0x0026
   0332 26 00               450 	.dw #0x0026
   0334 24 00               451 	.dw #0x0024
   0336 24 00               452 	.dw #0x0024
   0338 22 00               453 	.dw #0x0022
   033A 22 00               454 	.dw #0x0022
   033C 20 00               455 	.dw #0x0020
   033E 20 00               456 	.dw #0x0020
   0340 1E 00               457 	.dw #0x001e
   0342 1E 00               458 	.dw #0x001e
   0344 1C 00               459 	.dw #0x001c
   0346 1C 00               460 	.dw #0x001c
   0348 1A 00               461 	.dw #0x001a
   034A 1A 00               462 	.dw #0x001a
   034C 18 00               463 	.dw #0x0018
   034E 18 00               464 	.dw #0x0018
   0350 16 00               465 	.dw #0x0016
   0352 16 00               466 	.dw #0x0016
   0354 14 00               467 	.dw #0x0014
   0356 14 00               468 	.dw #0x0014
   0358 12 00               469 	.dw #0x0012
   035A 12 00               470 	.dw #0x0012
   035C 10 00               471 	.dw #0x0010
   035E 10 00               472 	.dw #0x0010
   0360 0E 00               473 	.dw #0x000e
   0362 0E 00               474 	.dw #0x000e
   0364 0C 00               475 	.dw #0x000c
   0366 0C 00               476 	.dw #0x000c
   0368 0A 00               477 	.dw #0x000a
   036A 0A 00               478 	.dw #0x000a
   036C 08 00               479 	.dw #0x0008
   036E 08 00               480 	.dw #0x0008
   0370 06 00               481 	.dw #0x0006
   0372 06 00               482 	.dw #0x0006
   0374 04 00               483 	.dw #0x0004
   0376 04 00               484 	.dw #0x0004
   0378 02 00               485 	.dw #0x0002
   037A 02 00               486 	.dw #0x0002
   037C 00 00               487 	.dw #0x0000
   037E 00 00               488 	.dw #0x0000
   0380 3E 00               489 	.dw #0x003e
   0382 3E 00               490 	.dw #0x003e
   0384 3C 00               491 	.dw #0x003c
   0386 3C 00               492 	.dw #0x003c
   0388 3A 00               493 	.dw #0x003a
   038A 3A 00               494 	.dw #0x003a
   038C 38 00               495 	.dw #0x0038
   038E 38 00               496 	.dw #0x0038
   0390 36 00               497 	.dw #0x0036
   0392 36 00               498 	.dw #0x0036
   0394 34 00               499 	.dw #0x0034
   0396 34 00               500 	.dw #0x0034
   0398 32 00               501 	.dw #0x0032
   039A 32 00               502 	.dw #0x0032
   039C 30 00               503 	.dw #0x0030
   039E 30 00               504 	.dw #0x0030
   03A0 2E 00               505 	.dw #0x002e
   03A2 2E 00               506 	.dw #0x002e
   03A4 2C 00               507 	.dw #0x002c
   03A6 2C 00               508 	.dw #0x002c
   03A8 2A 00               509 	.dw #0x002a
   03AA 2A 00               510 	.dw #0x002a
   03AC 28 00               511 	.dw #0x0028
   03AE 28 00               512 	.dw #0x0028
   03B0 26 00               513 	.dw #0x0026
   03B2 26 00               514 	.dw #0x0026
   03B4 24 00               515 	.dw #0x0024
   03B6 24 00               516 	.dw #0x0024
   03B8 22 00               517 	.dw #0x0022
   03BA 22 00               518 	.dw #0x0022
   03BC 20 00               519 	.dw #0x0020
   03BE 20 00               520 	.dw #0x0020
   03C0 1E 00               521 	.dw #0x001e
   03C2 1E 00               522 	.dw #0x001e
   03C4 1C 00               523 	.dw #0x001c
   03C6 1C 00               524 	.dw #0x001c
   03C8 1A 00               525 	.dw #0x001a
   03CA 1A 00               526 	.dw #0x001a
   03CC 18 00               527 	.dw #0x0018
   03CE 18 00               528 	.dw #0x0018
   03D0 16 00               529 	.dw #0x0016
   03D2 16 00               530 	.dw #0x0016
   03D4 14 00               531 	.dw #0x0014
   03D6 14 00               532 	.dw #0x0014
   03D8 12 00               533 	.dw #0x0012
   03DA 12 00               534 	.dw #0x0012
   03DC 10 00               535 	.dw #0x0010
   03DE 10 00               536 	.dw #0x0010
   03E0 0E 00               537 	.dw #0x000e
   03E2 0E 00               538 	.dw #0x000e
   03E4 0C 00               539 	.dw #0x000c
   03E6 0C 00               540 	.dw #0x000c
   03E8 0A 00               541 	.dw #0x000a
   03EA 0A 00               542 	.dw #0x000a
   03EC 08 00               543 	.dw #0x0008
   03EE 08 00               544 	.dw #0x0008
   03F0 06 00               545 	.dw #0x0006
   03F2 06 00               546 	.dw #0x0006
   03F4 04 00               547 	.dw #0x0004
   03F6 04 00               548 	.dw #0x0004
   03F8 02 00               549 	.dw #0x0002
   03FA 02 00               550 	.dw #0x0002
   03FC 00 00               551 	.dw #0x0000
   03FE 00 00               552 	.dw #0x0000
                            553 	.area _CABS (ABS)
