                              1 ;--------------------------------------------------------
                              2 ; File Created by SDCC : free open source ANSI-C Compiler
                              3 ; Version 3.6.0 #9615 (MINGW32)
                              4 ;--------------------------------------------------------
                              5 	.module Vector
                              6 	.optsdcc -mgbz80
                              7 	
                              8 ;--------------------------------------------------------
                              9 ; Public variables in this module
                             10 ;--------------------------------------------------------
                             11 	.globl _memcpy
                             12 	.globl _VectorAdd
                             13 	.globl _VectorRemovePos
                             14 ;--------------------------------------------------------
                             15 ; ram data
                             16 ;--------------------------------------------------------
                             17 	.area _DATA
                             18 ;--------------------------------------------------------
                             19 ; absolute external ram data
                             20 ;--------------------------------------------------------
                             21 	.area _DABS (ABS)
                             22 ;--------------------------------------------------------
                             23 ; global & static initialisations
                             24 ;--------------------------------------------------------
                             25 	.area _HOME
                             26 	.area _GSINIT
                             27 	.area _GSFINAL
                             28 	.area _GSINIT
                             29 ;--------------------------------------------------------
                             30 ; Home
                             31 ;--------------------------------------------------------
                             32 	.area _HOME
                             33 	.area _HOME
                             34 ;--------------------------------------------------------
                             35 ; code
                             36 ;--------------------------------------------------------
                             37 	.area _CODE
                             38 ;C:/gbdk/ZGB/common/src/Vector.c:5: void VectorAdd(UINT8* v, UINT8 elem) {
                             39 ;	---------------------------------
                             40 ; Function VectorAdd
                             41 ; ---------------------------------
   0000                      42 _VectorAdd::
   0000 3B                   43 	dec	sp
                             44 ;C:/gbdk/ZGB/common/src/Vector.c:6: v[++ v[0]] = elem;
   0001 F8 03                45 	ldhl	sp,#(4 - 1)
   0003 4E                   46 	ld	c,(hl)
   0004 23                   47 	inc	hl
   0005 46                   48 	ld	b,(hl)
   0006 0A                   49 	ld	a,(bc)
   0007 3C                   50 	inc	a
   0008 F8 00                51 	ldhl	sp,#0
   000A 77                   52 	ld	(hl),a
   000B 7E                   53 	ld	a,(hl)
   000C 02                   54 	ld	(bc),a
   000D 6E                   55 	ld	l,(hl)
   000E 26 00                56 	ld	h,#0x00
   0010 09                   57 	add	hl,bc
   0011 4D                   58 	ld	c,l
   0012 44                   59 	ld	b,h
   0013 F8 05                60 	ldhl	sp,#5
   0015 7E                   61 	ld	a,(hl)
   0016 02                   62 	ld	(bc),a
   0017 33                   63 	inc	sp
   0018 C9                   64 	ret
                             65 ;C:/gbdk/ZGB/common/src/Vector.c:9: void VectorRemovePos(UINT8* v, UINT8 pos) {
                             66 ;	---------------------------------
                             67 ; Function VectorRemovePos
                             68 ; ---------------------------------
   0019                      69 _VectorRemovePos::
   0019 E8 F8                70 	add	sp, #-8
                             71 ;C:/gbdk/ZGB/common/src/Vector.c:10: memcpy(&v[pos + 1], &v[pos + 2], v[0] - pos);
   001B F8 0A                72 	ldhl	sp,#10
   001D 2A                   73 	ld	a,(hl+)
   001E 5E                   74 	ld	e, (hl)
   001F F8 04                75 	ldhl	sp,#4
   0021 22                   76 	ld	(hl+),a
   0022 73                   77 	ld	(hl),e
   0023 2B                   78 	dec	hl
   0024 5E                   79 	ld	e,(hl)
   0025 23                   80 	inc	hl
   0026 56                   81 	ld	d,(hl)
   0027 1A                   82 	ld	a,(de)
   0028 4F                   83 	ld	c,a
   0029 06 00                84 	ld	b,#0x00
   002B F8 0C                85 	ldhl	sp,#12
   002D 7E                   86 	ld	a,(hl)
   002E F8 06                87 	ldhl	sp,#6
   0030 22                   88 	ld	(hl+),a
   0031 36 00                89 	ld	(hl),#0x00
   0033 2B                   90 	dec	hl
   0034 5E                   91 	ld	e,(hl)
   0035 23                   92 	inc	hl
   0036 56                   93 	ld	d,(hl)
   0037 79                   94 	ld	a,c
   0038 93                   95 	sub	a,e
   0039 5F                   96 	ld	e,a
   003A 78                   97 	ld	a,b
   003B 9A                   98 	sbc	a,d
   003C F8 03                99 	ldhl	sp,#3
   003E 32                  100 	ld	(hl-),a
   003F 73                  101 	ld	(hl),e
   0040 F8 06               102 	ldhl	sp,#(7 - 1)
   0042 4E                  103 	ld	c,(hl)
   0043 23                  104 	inc	hl
   0044 46                  105 	ld	b,(hl)
   0045 03                  106 	inc	bc
   0046 03                  107 	inc	bc
   0047 F8 04               108 	ldhl	sp,#4
   0049 2A                  109 	ld	a,(hl+)
   004A 66                  110 	ld	h,(hl)
   004B 6F                  111 	ld	l,a
   004C 09                  112 	add	hl,bc
   004D 4D                  113 	ld	c,l
   004E 44                  114 	ld	b,h
   004F 33                  115 	inc	sp
   0050 33                  116 	inc	sp
   0051 C5                  117 	push	bc
   0052 F8 06               118 	ldhl	sp,#(7 - 1)
   0054 4E                  119 	ld	c,(hl)
   0055 23                  120 	inc	hl
   0056 46                  121 	ld	b,(hl)
   0057 03                  122 	inc	bc
   0058 F8 04               123 	ldhl	sp,#4
   005A 2A                  124 	ld	a,(hl+)
   005B 66                  125 	ld	h,(hl)
   005C 6F                  126 	ld	l,a
   005D 09                  127 	add	hl,bc
   005E 4D                  128 	ld	c,l
   005F 44                  129 	ld	b,h
   0060 D1                  130 	pop	de
   0061 E1                  131 	pop	hl
   0062 E5                  132 	push	hl
   0063 D5                  133 	push	de
   0064 E5                  134 	push	hl
   0065 D1                  135 	pop	de
   0066 E1                  136 	pop	hl
   0067 E5                  137 	push	hl
   0068 D5                  138 	push	de
   0069 E5                  139 	push	hl
   006A C5                  140 	push	bc
   006B CDr00r00            141 	call	_memcpy
   006E E8 06               142 	add	sp, #6
                            143 ;C:/gbdk/ZGB/common/src/Vector.c:11: v[0] --;
   0070 F8 04               144 	ldhl	sp,#(5 - 1)
   0072 5E                  145 	ld	e,(hl)
   0073 23                  146 	inc	hl
   0074 56                  147 	ld	d,(hl)
   0075 1A                  148 	ld	a,(de)
   0076 4F                  149 	ld	c,a
   0077 0D                  150 	dec	c
   0078 2B                  151 	dec	hl
   0079 2A                  152 	ld	a,(hl+)
   007A 66                  153 	ld	h,(hl)
   007B 6F                  154 	ld	l,a
   007C 71                  155 	ld	(hl),c
   007D E8 08               156 	add	sp, #8
   007F C9                  157 	ret
                            158 	.area _CODE
                            159 	.area _CABS (ABS)
