                              1 ;--------------------------------------------------------
                              2 ; File Created by SDCC : free open source ANSI-C Compiler
                              3 ; Version 3.6.0 #9615 (MINGW32)
                              4 ;--------------------------------------------------------
                              5 	.module font_b3
                              6 	.optsdcc -mgbz80
                              7 	
                              8 ;--------------------------------------------------------
                              9 ; Public variables in this module
                             10 ;--------------------------------------------------------
                             11 	.globl _font
                             12 ;--------------------------------------------------------
                             13 ; ram data
                             14 ;--------------------------------------------------------
                             15 	.area _DATA
                             16 ;--------------------------------------------------------
                             17 ; absolute external ram data
                             18 ;--------------------------------------------------------
                             19 	.area _DABS (ABS)
                             20 ;--------------------------------------------------------
                             21 ; global & static initialisations
                             22 ;--------------------------------------------------------
                             23 	.area _HOME
                             24 	.area _GSINIT
                             25 	.area _GSFINAL
                             26 	.area _GSINIT
                             27 ;--------------------------------------------------------
                             28 ; Home
                             29 ;--------------------------------------------------------
                             30 	.area _HOME
                             31 	.area _HOME
                             32 ;--------------------------------------------------------
                             33 ; code
                             34 ;--------------------------------------------------------
                             35 	.area _CODE
                             36 	.area _CODE
                             37 	.area _CODE_3
   0000                      38 _font:
   0000 00                   39 	.db #0x00	; 0
   0001 00                   40 	.db #0x00	; 0
   0002 00                   41 	.db #0x00	; 0
   0003 00                   42 	.db #0x00	; 0
   0004 00                   43 	.db #0x00	; 0
   0005 00                   44 	.db #0x00	; 0
   0006 00                   45 	.db #0x00	; 0
   0007 00                   46 	.db #0x00	; 0
   0008 00                   47 	.db #0x00	; 0
   0009 00                   48 	.db #0x00	; 0
   000A 00                   49 	.db #0x00	; 0
   000B 00                   50 	.db #0x00	; 0
   000C 00                   51 	.db #0x00	; 0
   000D 00                   52 	.db #0x00	; 0
   000E 00                   53 	.db #0x00	; 0
   000F 00                   54 	.db #0x00	; 0
   0010 00                   55 	.db #0x00	; 0
   0011 00                   56 	.db #0x00	; 0
   0012 7C                   57 	.db #0x7c	; 124
   0013 7C                   58 	.db #0x7c	; 124
   0014 FE                   59 	.db #0xfe	; 254
   0015 82                   60 	.db #0x82	; 130
   0016 FE                   61 	.db #0xfe	; 254
   0017 BA                   62 	.db #0xba	; 186
   0018 FE                   63 	.db #0xfe	; 254
   0019 BA                   64 	.db #0xba	; 186
   001A FE                   65 	.db #0xfe	; 254
   001B 82                   66 	.db #0x82	; 130
   001C FE                   67 	.db #0xfe	; 254
   001D BA                   68 	.db #0xba	; 186
   001E CC                   69 	.db #0xcc	; 204
   001F CC                   70 	.db #0xcc	; 204
   0020 00                   71 	.db #0x00	; 0
   0021 00                   72 	.db #0x00	; 0
   0022 F8                   73 	.db #0xf8	; 248
   0023 F8                   74 	.db #0xf8	; 248
   0024 FC                   75 	.db #0xfc	; 252
   0025 84                   76 	.db #0x84	; 132
   0026 FE                   77 	.db #0xfe	; 254
   0027 BA                   78 	.db #0xba	; 186
   0028 FC                   79 	.db #0xfc	; 252
   0029 84                   80 	.db #0x84	; 132
   002A FE                   81 	.db #0xfe	; 254
   002B BA                   82 	.db #0xba	; 186
   002C FC                   83 	.db #0xfc	; 252
   002D 84                   84 	.db #0x84	; 132
   002E F8                   85 	.db #0xf8	; 248
   002F F8                   86 	.db #0xf8	; 248
   0030 00                   87 	.db #0x00	; 0
   0031 00                   88 	.db #0x00	; 0
   0032 3E                   89 	.db #0x3e	; 62
   0033 3E                   90 	.db #0x3e	; 62
   0034 7E                   91 	.db #0x7e	; 126
   0035 42                   92 	.db #0x42	; 66	'B'
   0036 FC                   93 	.db #0xfc	; 252
   0037 BC                   94 	.db #0xbc	; 188
   0038 E0                   95 	.db #0xe0	; 224
   0039 A0                   96 	.db #0xa0	; 160
   003A FE                   97 	.db #0xfe	; 254
   003B BE                   98 	.db #0xbe	; 190
   003C 7E                   99 	.db #0x7e	; 126
   003D 42                  100 	.db #0x42	; 66	'B'
   003E 3C                  101 	.db #0x3c	; 60
   003F 3C                  102 	.db #0x3c	; 60
   0040 00                  103 	.db #0x00	; 0
   0041 00                  104 	.db #0x00	; 0
   0042 F8                  105 	.db #0xf8	; 248
   0043 F8                  106 	.db #0xf8	; 248
   0044 FC                  107 	.db #0xfc	; 252
   0045 84                  108 	.db #0x84	; 132
   0046 FE                  109 	.db #0xfe	; 254
   0047 BA                  110 	.db #0xba	; 186
   0048 EE                  111 	.db #0xee	; 238
   0049 AA                  112 	.db #0xaa	; 170
   004A FE                  113 	.db #0xfe	; 254
   004B BA                  114 	.db #0xba	; 186
   004C FC                  115 	.db #0xfc	; 252
   004D 84                  116 	.db #0x84	; 132
   004E F8                  117 	.db #0xf8	; 248
   004F F8                  118 	.db #0xf8	; 248
   0050 00                  119 	.db #0x00	; 0
   0051 00                  120 	.db #0x00	; 0
   0052 FE                  121 	.db #0xfe	; 254
   0053 FE                  122 	.db #0xfe	; 254
   0054 FE                  123 	.db #0xfe	; 254
   0055 82                  124 	.db #0x82	; 130
   0056 FC                  125 	.db #0xfc	; 252
   0057 BC                  126 	.db #0xbc	; 188
   0058 FE                  127 	.db #0xfe	; 254
   0059 82                  128 	.db #0x82	; 130
   005A FC                  129 	.db #0xfc	; 252
   005B BC                  130 	.db #0xbc	; 188
   005C FE                  131 	.db #0xfe	; 254
   005D 82                  132 	.db #0x82	; 130
   005E FC                  133 	.db #0xfc	; 252
   005F FC                  134 	.db #0xfc	; 252
   0060 00                  135 	.db #0x00	; 0
   0061 00                  136 	.db #0x00	; 0
   0062 FE                  137 	.db #0xfe	; 254
   0063 FE                  138 	.db #0xfe	; 254
   0064 FE                  139 	.db #0xfe	; 254
   0065 82                  140 	.db #0x82	; 130
   0066 FC                  141 	.db #0xfc	; 252
   0067 BC                  142 	.db #0xbc	; 188
   0068 FE                  143 	.db #0xfe	; 254
   0069 82                  144 	.db #0x82	; 130
   006A FC                  145 	.db #0xfc	; 252
   006B BC                  146 	.db #0xbc	; 188
   006C E0                  147 	.db #0xe0	; 224
   006D A0                  148 	.db #0xa0	; 160
   006E E0                  149 	.db #0xe0	; 224
   006F E0                  150 	.db #0xe0	; 224
   0070 00                  151 	.db #0x00	; 0
   0071 00                  152 	.db #0x00	; 0
   0072 3C                  153 	.db #0x3c	; 60
   0073 3C                  154 	.db #0x3c	; 60
   0074 7E                  155 	.db #0x7e	; 126
   0075 42                  156 	.db #0x42	; 66	'B'
   0076 FC                  157 	.db #0xfc	; 252
   0077 BC                  158 	.db #0xbc	; 188
   0078 FE                  159 	.db #0xfe	; 254
   0079 B2                  160 	.db #0xb2	; 178
   007A FE                  161 	.db #0xfe	; 254
   007B BA                  162 	.db #0xba	; 186
   007C 7C                  163 	.db #0x7c	; 124
   007D 44                  164 	.db #0x44	; 68	'D'
   007E 38                  165 	.db #0x38	; 56	'8'
   007F 38                  166 	.db #0x38	; 56	'8'
   0080 00                  167 	.db #0x00	; 0
   0081 00                  168 	.db #0x00	; 0
   0082 E6                  169 	.db #0xe6	; 230
   0083 E6                  170 	.db #0xe6	; 230
   0084 EE                  171 	.db #0xee	; 238
   0085 AA                  172 	.db #0xaa	; 170
   0086 FE                  173 	.db #0xfe	; 254
   0087 BA                  174 	.db #0xba	; 186
   0088 FE                  175 	.db #0xfe	; 254
   0089 82                  176 	.db #0x82	; 130
   008A FE                  177 	.db #0xfe	; 254
   008B BA                  178 	.db #0xba	; 186
   008C EE                  179 	.db #0xee	; 238
   008D AA                  180 	.db #0xaa	; 170
   008E CC                  181 	.db #0xcc	; 204
   008F CC                  182 	.db #0xcc	; 204
   0090 00                  183 	.db #0x00	; 0
   0091 00                  184 	.db #0x00	; 0
   0092 FE                  185 	.db #0xfe	; 254
   0093 FE                  186 	.db #0xfe	; 254
   0094 FE                  187 	.db #0xfe	; 254
   0095 82                  188 	.db #0x82	; 130
   0096 FE                  189 	.db #0xfe	; 254
   0097 EE                  190 	.db #0xee	; 238
   0098 38                  191 	.db #0x38	; 56	'8'
   0099 28                  192 	.db #0x28	; 40
   009A FE                  193 	.db #0xfe	; 254
   009B EE                  194 	.db #0xee	; 238
   009C FE                  195 	.db #0xfe	; 254
   009D 82                  196 	.db #0x82	; 130
   009E FE                  197 	.db #0xfe	; 254
   009F FE                  198 	.db #0xfe	; 254
   00A0 00                  199 	.db #0x00	; 0
   00A1 00                  200 	.db #0x00	; 0
   00A2 0C                  201 	.db #0x0c	; 12
   00A3 0C                  202 	.db #0x0c	; 12
   00A4 0E                  203 	.db #0x0e	; 14
   00A5 0A                  204 	.db #0x0a	; 10
   00A6 0E                  205 	.db #0x0e	; 14
   00A7 0A                  206 	.db #0x0a	; 10
   00A8 0E                  207 	.db #0x0e	; 14
   00A9 0A                  208 	.db #0x0a	; 10
   00AA FE                  209 	.db #0xfe	; 254
   00AB FA                  210 	.db #0xfa	; 250
   00AC FC                  211 	.db #0xfc	; 252
   00AD 84                  212 	.db #0x84	; 132
   00AE 78                  213 	.db #0x78	; 120	'x'
   00AF 78                  214 	.db #0x78	; 120	'x'
   00B0 00                  215 	.db #0x00	; 0
   00B1 00                  216 	.db #0x00	; 0
   00B2 EE                  217 	.db #0xee	; 238
   00B3 EE                  218 	.db #0xee	; 238
   00B4 FE                  219 	.db #0xfe	; 254
   00B5 B2                  220 	.db #0xb2	; 178
   00B6 FC                  221 	.db #0xfc	; 252
   00B7 8C                  222 	.db #0x8c	; 140
   00B8 F8                  223 	.db #0xf8	; 248
   00B9 88                  224 	.db #0x88	; 136
   00BA FC                  225 	.db #0xfc	; 252
   00BB B4                  226 	.db #0xb4	; 180
   00BC EE                  227 	.db #0xee	; 238
   00BD AA                  228 	.db #0xaa	; 170
   00BE E6                  229 	.db #0xe6	; 230
   00BF E6                  230 	.db #0xe6	; 230
   00C0 00                  231 	.db #0x00	; 0
   00C1 00                  232 	.db #0x00	; 0
   00C2 E0                  233 	.db #0xe0	; 224
   00C3 E0                  234 	.db #0xe0	; 224
   00C4 E0                  235 	.db #0xe0	; 224
   00C5 A0                  236 	.db #0xa0	; 160
   00C6 E0                  237 	.db #0xe0	; 224
   00C7 A0                  238 	.db #0xa0	; 160
   00C8 E0                  239 	.db #0xe0	; 224
   00C9 A0                  240 	.db #0xa0	; 160
   00CA FE                  241 	.db #0xfe	; 254
   00CB BE                  242 	.db #0xbe	; 190
   00CC FE                  243 	.db #0xfe	; 254
   00CD C2                  244 	.db #0xc2	; 194
   00CE 3C                  245 	.db #0x3c	; 60
   00CF 3C                  246 	.db #0x3c	; 60
   00D0 00                  247 	.db #0x00	; 0
   00D1 00                  248 	.db #0x00	; 0
   00D2 6C                  249 	.db #0x6c	; 108	'l'
   00D3 6C                  250 	.db #0x6c	; 108	'l'
   00D4 FE                  251 	.db #0xfe	; 254
   00D5 92                  252 	.db #0x92	; 146
   00D6 FE                  253 	.db #0xfe	; 254
   00D7 AA                  254 	.db #0xaa	; 170
   00D8 FE                  255 	.db #0xfe	; 254
   00D9 BA                  256 	.db #0xba	; 186
   00DA EE                  257 	.db #0xee	; 238
   00DB AA                  258 	.db #0xaa	; 170
   00DC EE                  259 	.db #0xee	; 238
   00DD AA                  260 	.db #0xaa	; 170
   00DE CC                  261 	.db #0xcc	; 204
   00DF CC                  262 	.db #0xcc	; 204
   00E0 00                  263 	.db #0x00	; 0
   00E1 00                  264 	.db #0x00	; 0
   00E2 E6                  265 	.db #0xe6	; 230
   00E3 E6                  266 	.db #0xe6	; 230
   00E4 FE                  267 	.db #0xfe	; 254
   00E5 9A                  268 	.db #0x9a	; 154
   00E6 FE                  269 	.db #0xfe	; 254
   00E7 AA                  270 	.db #0xaa	; 170
   00E8 FE                  271 	.db #0xfe	; 254
   00E9 B2                  272 	.db #0xb2	; 178
   00EA EE                  273 	.db #0xee	; 238
   00EB AA                  274 	.db #0xaa	; 170
   00EC EE                  275 	.db #0xee	; 238
   00ED AA                  276 	.db #0xaa	; 170
   00EE CC                  277 	.db #0xcc	; 204
   00EF CC                  278 	.db #0xcc	; 204
   00F0 00                  279 	.db #0x00	; 0
   00F1 00                  280 	.db #0x00	; 0
   00F2 3C                  281 	.db #0x3c	; 60
   00F3 3C                  282 	.db #0x3c	; 60
   00F4 7E                  283 	.db #0x7e	; 126
   00F5 42                  284 	.db #0x42	; 66	'B'
   00F6 FE                  285 	.db #0xfe	; 254
   00F7 BA                  286 	.db #0xba	; 186
   00F8 EE                  287 	.db #0xee	; 238
   00F9 AA                  288 	.db #0xaa	; 170
   00FA FE                  289 	.db #0xfe	; 254
   00FB BA                  290 	.db #0xba	; 186
   00FC FC                  291 	.db #0xfc	; 252
   00FD 84                  292 	.db #0x84	; 132
   00FE 78                  293 	.db #0x78	; 120	'x'
   00FF 78                  294 	.db #0x78	; 120	'x'
   0100 00                  295 	.db #0x00	; 0
   0101 00                  296 	.db #0x00	; 0
   0102 FC                  297 	.db #0xfc	; 252
   0103 FC                  298 	.db #0xfc	; 252
   0104 FE                  299 	.db #0xfe	; 254
   0105 82                  300 	.db #0x82	; 130
   0106 FE                  301 	.db #0xfe	; 254
   0107 BA                  302 	.db #0xba	; 186
   0108 FE                  303 	.db #0xfe	; 254
   0109 82                  304 	.db #0x82	; 130
   010A FC                  305 	.db #0xfc	; 252
   010B BC                  306 	.db #0xbc	; 188
   010C E0                  307 	.db #0xe0	; 224
   010D A0                  308 	.db #0xa0	; 160
   010E C0                  309 	.db #0xc0	; 192
   010F C0                  310 	.db #0xc0	; 192
   0110 00                  311 	.db #0x00	; 0
   0111 00                  312 	.db #0x00	; 0
   0112 3C                  313 	.db #0x3c	; 60
   0113 3C                  314 	.db #0x3c	; 60
   0114 7E                  315 	.db #0x7e	; 126
   0115 42                  316 	.db #0x42	; 66	'B'
   0116 FE                  317 	.db #0xfe	; 254
   0117 BA                  318 	.db #0xba	; 186
   0118 EE                  319 	.db #0xee	; 238
   0119 AA                  320 	.db #0xaa	; 170
   011A FC                  321 	.db #0xfc	; 252
   011B B4                  322 	.db #0xb4	; 180
   011C FE                  323 	.db #0xfe	; 254
   011D 8A                  324 	.db #0x8a	; 138
   011E 76                  325 	.db #0x76	; 118	'v'
   011F 76                  326 	.db #0x76	; 118	'v'
   0120 00                  327 	.db #0x00	; 0
   0121 00                  328 	.db #0x00	; 0
   0122 FC                  329 	.db #0xfc	; 252
   0123 FC                  330 	.db #0xfc	; 252
   0124 FE                  331 	.db #0xfe	; 254
   0125 82                  332 	.db #0x82	; 130
   0126 FE                  333 	.db #0xfe	; 254
   0127 BA                  334 	.db #0xba	; 186
   0128 FC                  335 	.db #0xfc	; 252
   0129 84                  336 	.db #0x84	; 132
   012A F8                  337 	.db #0xf8	; 248
   012B A8                  338 	.db #0xa8	; 168
   012C FC                  339 	.db #0xfc	; 252
   012D B4                  340 	.db #0xb4	; 180
   012E DC                  341 	.db #0xdc	; 220
   012F DC                  342 	.db #0xdc	; 220
   0130 00                  343 	.db #0x00	; 0
   0131 00                  344 	.db #0x00	; 0
   0132 7E                  345 	.db #0x7e	; 126
   0133 7E                  346 	.db #0x7e	; 126
   0134 FE                  347 	.db #0xfe	; 254
   0135 C2                  348 	.db #0xc2	; 194
   0136 FC                  349 	.db #0xfc	; 252
   0137 BC                  350 	.db #0xbc	; 188
   0138 FC                  351 	.db #0xfc	; 252
   0139 84                  352 	.db #0x84	; 132
   013A 7E                  353 	.db #0x7e	; 126
   013B 7A                  354 	.db #0x7a	; 122	'z'
   013C FE                  355 	.db #0xfe	; 254
   013D 82                  356 	.db #0x82	; 130
   013E FC                  357 	.db #0xfc	; 252
   013F FC                  358 	.db #0xfc	; 252
   0140 00                  359 	.db #0x00	; 0
   0141 00                  360 	.db #0x00	; 0
   0142 FE                  361 	.db #0xfe	; 254
   0143 FE                  362 	.db #0xfe	; 254
   0144 FE                  363 	.db #0xfe	; 254
   0145 82                  364 	.db #0x82	; 130
   0146 FC                  365 	.db #0xfc	; 252
   0147 EC                  366 	.db #0xec	; 236
   0148 38                  367 	.db #0x38	; 56	'8'
   0149 28                  368 	.db #0x28	; 40
   014A 38                  369 	.db #0x38	; 56	'8'
   014B 28                  370 	.db #0x28	; 40
   014C 38                  371 	.db #0x38	; 56	'8'
   014D 28                  372 	.db #0x28	; 40
   014E 30                  373 	.db #0x30	; 48	'0'
   014F 30                  374 	.db #0x30	; 48	'0'
   0150 00                  375 	.db #0x00	; 0
   0151 00                  376 	.db #0x00	; 0
   0152 EE                  377 	.db #0xee	; 238
   0153 EE                  378 	.db #0xee	; 238
   0154 EE                  379 	.db #0xee	; 238
   0155 AA                  380 	.db #0xaa	; 170
   0156 EE                  381 	.db #0xee	; 238
   0157 AA                  382 	.db #0xaa	; 170
   0158 EE                  383 	.db #0xee	; 238
   0159 AA                  384 	.db #0xaa	; 170
   015A FE                  385 	.db #0xfe	; 254
   015B BA                  386 	.db #0xba	; 186
   015C FE                  387 	.db #0xfe	; 254
   015D 82                  388 	.db #0x82	; 130
   015E FE                  389 	.db #0xfe	; 254
   015F FE                  390 	.db #0xfe	; 254
   0160 00                  391 	.db #0x00	; 0
   0161 00                  392 	.db #0x00	; 0
   0162 EE                  393 	.db #0xee	; 238
   0163 EE                  394 	.db #0xee	; 238
   0164 EE                  395 	.db #0xee	; 238
   0165 AA                  396 	.db #0xaa	; 170
   0166 EE                  397 	.db #0xee	; 238
   0167 AA                  398 	.db #0xaa	; 170
   0168 EE                  399 	.db #0xee	; 238
   0169 AA                  400 	.db #0xaa	; 170
   016A FE                  401 	.db #0xfe	; 254
   016B BA                  402 	.db #0xba	; 186
   016C 7C                  403 	.db #0x7c	; 124
   016D 44                  404 	.db #0x44	; 68	'D'
   016E 38                  405 	.db #0x38	; 56	'8'
   016F 38                  406 	.db #0x38	; 56	'8'
   0170 00                  407 	.db #0x00	; 0
   0171 00                  408 	.db #0x00	; 0
   0172 C6                  409 	.db #0xc6	; 198
   0173 CE                  410 	.db #0xce	; 206
   0174 D6                  411 	.db #0xd6	; 214
   0175 BA                  412 	.db #0xba	; 186
   0176 FE                  413 	.db #0xfe	; 254
   0177 AA                  414 	.db #0xaa	; 170
   0178 FE                  415 	.db #0xfe	; 254
   0179 AA                  416 	.db #0xaa	; 170
   017A FE                  417 	.db #0xfe	; 254
   017B AA                  418 	.db #0xaa	; 170
   017C 38                  419 	.db #0x38	; 56	'8'
   017D 54                  420 	.db #0x54	; 84	'T'
   017E 78                  421 	.db #0x78	; 120	'x'
   017F 78                  422 	.db #0x78	; 120	'x'
   0180 00                  423 	.db #0x00	; 0
   0181 00                  424 	.db #0x00	; 0
   0182 EE                  425 	.db #0xee	; 238
   0183 EE                  426 	.db #0xee	; 238
   0184 D6                  427 	.db #0xd6	; 214
   0185 BA                  428 	.db #0xba	; 186
   0186 AA                  429 	.db #0xaa	; 170
   0187 D6                  430 	.db #0xd6	; 214
   0188 54                  431 	.db #0x54	; 84	'T'
   0189 6C                  432 	.db #0x6c	; 108	'l'
   018A AA                  433 	.db #0xaa	; 170
   018B D6                  434 	.db #0xd6	; 214
   018C F6                  435 	.db #0xf6	; 246
   018D BA                  436 	.db #0xba	; 186
   018E EE                  437 	.db #0xee	; 238
   018F EE                  438 	.db #0xee	; 238
   0190 00                  439 	.db #0x00	; 0
   0191 00                  440 	.db #0x00	; 0
   0192 EE                  441 	.db #0xee	; 238
   0193 EE                  442 	.db #0xee	; 238
   0194 EE                  443 	.db #0xee	; 238
   0195 AA                  444 	.db #0xaa	; 170
   0196 FE                  445 	.db #0xfe	; 254
   0197 BA                  446 	.db #0xba	; 186
   0198 7E                  447 	.db #0x7e	; 126
   0199 42                  448 	.db #0x42	; 66	'B'
   019A 3E                  449 	.db #0x3e	; 62
   019B 3A                  450 	.db #0x3a	; 58
   019C 7E                  451 	.db #0x7e	; 126
   019D 42                  452 	.db #0x42	; 66	'B'
   019E 3C                  453 	.db #0x3c	; 60
   019F 3C                  454 	.db #0x3c	; 60
   01A0 00                  455 	.db #0x00	; 0
   01A1 00                  456 	.db #0x00	; 0
   01A2 FE                  457 	.db #0xfe	; 254
   01A3 FE                  458 	.db #0xfe	; 254
   01A4 FE                  459 	.db #0xfe	; 254
   01A5 82                  460 	.db #0x82	; 130
   01A6 FC                  461 	.db #0xfc	; 252
   01A7 F4                  462 	.db #0xf4	; 244
   01A8 38                  463 	.db #0x38	; 56	'8'
   01A9 28                  464 	.db #0x28	; 40
   01AA 7E                  465 	.db #0x7e	; 126
   01AB 5E                  466 	.db #0x5e	; 94
   01AC FE                  467 	.db #0xfe	; 254
   01AD 82                  468 	.db #0x82	; 130
   01AE FC                  469 	.db #0xfc	; 252
   01AF FC                  470 	.db #0xfc	; 252
   01B0 00                  471 	.db #0x00	; 0
   01B1 00                  472 	.db #0x00	; 0
   01B2 3C                  473 	.db #0x3c	; 60
   01B3 3C                  474 	.db #0x3c	; 60
   01B4 7E                  475 	.db #0x7e	; 126
   01B5 42                  476 	.db #0x42	; 66	'B'
   01B6 7E                  477 	.db #0x7e	; 126
   01B7 5A                  478 	.db #0x5a	; 90	'Z'
   01B8 76                  479 	.db #0x76	; 118	'v'
   01B9 5A                  480 	.db #0x5a	; 90	'Z'
   01BA 6E                  481 	.db #0x6e	; 110	'n'
   01BB 5A                  482 	.db #0x5a	; 90	'Z'
   01BC 7E                  483 	.db #0x7e	; 126
   01BD 42                  484 	.db #0x42	; 66	'B'
   01BE 3C                  485 	.db #0x3c	; 60
   01BF 3C                  486 	.db #0x3c	; 60
   01C0 00                  487 	.db #0x00	; 0
   01C1 00                  488 	.db #0x00	; 0
   01C2 1C                  489 	.db #0x1c	; 28
   01C3 1C                  490 	.db #0x1c	; 28
   01C4 3C                  491 	.db #0x3c	; 60
   01C5 24                  492 	.db #0x24	; 36
   01C6 7C                  493 	.db #0x7c	; 124
   01C7 44                  494 	.db #0x44	; 68	'D'
   01C8 3C                  495 	.db #0x3c	; 60
   01C9 24                  496 	.db #0x24	; 36
   01CA 3C                  497 	.db #0x3c	; 60
   01CB 24                  498 	.db #0x24	; 36
   01CC 7E                  499 	.db #0x7e	; 126
   01CD 42                  500 	.db #0x42	; 66	'B'
   01CE 7E                  501 	.db #0x7e	; 126
   01CF 7E                  502 	.db #0x7e	; 126
   01D0 00                  503 	.db #0x00	; 0
   01D1 00                  504 	.db #0x00	; 0
   01D2 7C                  505 	.db #0x7c	; 124
   01D3 7C                  506 	.db #0x7c	; 124
   01D4 7E                  507 	.db #0x7e	; 126
   01D5 42                  508 	.db #0x42	; 66	'B'
   01D6 3E                  509 	.db #0x3e	; 62
   01D7 3A                  510 	.db #0x3a	; 58
   01D8 3E                  511 	.db #0x3e	; 62
   01D9 22                  512 	.db #0x22	; 34
   01DA 7C                  513 	.db #0x7c	; 124
   01DB 5C                  514 	.db #0x5c	; 92
   01DC 7E                  515 	.db #0x7e	; 126
   01DD 42                  516 	.db #0x42	; 66	'B'
   01DE 7E                  517 	.db #0x7e	; 126
   01DF 7E                  518 	.db #0x7e	; 126
   01E0 00                  519 	.db #0x00	; 0
   01E1 00                  520 	.db #0x00	; 0
   01E2 7C                  521 	.db #0x7c	; 124
   01E3 7C                  522 	.db #0x7c	; 124
   01E4 7E                  523 	.db #0x7e	; 126
   01E5 42                  524 	.db #0x42	; 66	'B'
   01E6 3E                  525 	.db #0x3e	; 62
   01E7 3A                  526 	.db #0x3a	; 58
   01E8 7E                  527 	.db #0x7e	; 126
   01E9 42                  528 	.db #0x42	; 66	'B'
   01EA 3E                  529 	.db #0x3e	; 62
   01EB 3A                  530 	.db #0x3a	; 58
   01EC 7E                  531 	.db #0x7e	; 126
   01ED 42                  532 	.db #0x42	; 66	'B'
   01EE 7C                  533 	.db #0x7c	; 124
   01EF 7C                  534 	.db #0x7c	; 124
   01F0 00                  535 	.db #0x00	; 0
   01F1 00                  536 	.db #0x00	; 0
   01F2 76                  537 	.db #0x76	; 118	'v'
   01F3 76                  538 	.db #0x76	; 118	'v'
   01F4 7E                  539 	.db #0x7e	; 126
   01F5 5A                  540 	.db #0x5a	; 90	'Z'
   01F6 7E                  541 	.db #0x7e	; 126
   01F7 5A                  542 	.db #0x5a	; 90	'Z'
   01F8 7E                  543 	.db #0x7e	; 126
   01F9 42                  544 	.db #0x42	; 66	'B'
   01FA 3E                  545 	.db #0x3e	; 62
   01FB 3A                  546 	.db #0x3a	; 58
   01FC 0E                  547 	.db #0x0e	; 14
   01FD 0A                  548 	.db #0x0a	; 10
   01FE 0E                  549 	.db #0x0e	; 14
   01FF 0E                  550 	.db #0x0e	; 14
   0200 00                  551 	.db #0x00	; 0
   0201 00                  552 	.db #0x00	; 0
   0202 7E                  553 	.db #0x7e	; 126
   0203 7E                  554 	.db #0x7e	; 126
   0204 7E                  555 	.db #0x7e	; 126
   0205 42                  556 	.db #0x42	; 66	'B'
   0206 7C                  557 	.db #0x7c	; 124
   0207 5C                  558 	.db #0x5c	; 92
   0208 7C                  559 	.db #0x7c	; 124
   0209 44                  560 	.db #0x44	; 68	'D'
   020A 3E                  561 	.db #0x3e	; 62
   020B 3A                  562 	.db #0x3a	; 58
   020C 7C                  563 	.db #0x7c	; 124
   020D 44                  564 	.db #0x44	; 68	'D'
   020E 78                  565 	.db #0x78	; 120	'x'
   020F 78                  566 	.db #0x78	; 120	'x'
   0210 00                  567 	.db #0x00	; 0
   0211 00                  568 	.db #0x00	; 0
   0212 3E                  569 	.db #0x3e	; 62
   0213 3E                  570 	.db #0x3e	; 62
   0214 7E                  571 	.db #0x7e	; 126
   0215 42                  572 	.db #0x42	; 66	'B'
   0216 7C                  573 	.db #0x7c	; 124
   0217 5C                  574 	.db #0x5c	; 92
   0218 7E                  575 	.db #0x7e	; 126
   0219 42                  576 	.db #0x42	; 66	'B'
   021A 7E                  577 	.db #0x7e	; 126
   021B 5A                  578 	.db #0x5a	; 90	'Z'
   021C 7E                  579 	.db #0x7e	; 126
   021D 42                  580 	.db #0x42	; 66	'B'
   021E 7C                  581 	.db #0x7c	; 124
   021F 7C                  582 	.db #0x7c	; 124
   0220 00                  583 	.db #0x00	; 0
   0221 00                  584 	.db #0x00	; 0
   0222 7E                  585 	.db #0x7e	; 126
   0223 7E                  586 	.db #0x7e	; 126
   0224 7E                  587 	.db #0x7e	; 126
   0225 42                  588 	.db #0x42	; 66	'B'
   0226 7E                  589 	.db #0x7e	; 126
   0227 7A                  590 	.db #0x7a	; 122	'z'
   0228 1E                  591 	.db #0x1e	; 30
   0229 12                  592 	.db #0x12	; 18
   022A 1E                  593 	.db #0x1e	; 30
   022B 1A                  594 	.db #0x1a	; 26
   022C 0E                  595 	.db #0x0e	; 14
   022D 0A                  596 	.db #0x0a	; 10
   022E 0E                  597 	.db #0x0e	; 14
   022F 0E                  598 	.db #0x0e	; 14
   0230 00                  599 	.db #0x00	; 0
   0231 00                  600 	.db #0x00	; 0
   0232 3C                  601 	.db #0x3c	; 60
   0233 3C                  602 	.db #0x3c	; 60
   0234 7E                  603 	.db #0x7e	; 126
   0235 42                  604 	.db #0x42	; 66	'B'
   0236 7E                  605 	.db #0x7e	; 126
   0237 5A                  606 	.db #0x5a	; 90	'Z'
   0238 7E                  607 	.db #0x7e	; 126
   0239 42                  608 	.db #0x42	; 66	'B'
   023A 7E                  609 	.db #0x7e	; 126
   023B 5A                  610 	.db #0x5a	; 90	'Z'
   023C 7E                  611 	.db #0x7e	; 126
   023D 42                  612 	.db #0x42	; 66	'B'
   023E 3C                  613 	.db #0x3c	; 60
   023F 3C                  614 	.db #0x3c	; 60
   0240 00                  615 	.db #0x00	; 0
   0241 00                  616 	.db #0x00	; 0
   0242 3E                  617 	.db #0x3e	; 62
   0243 3E                  618 	.db #0x3e	; 62
   0244 7E                  619 	.db #0x7e	; 126
   0245 42                  620 	.db #0x42	; 66	'B'
   0246 7E                  621 	.db #0x7e	; 126
   0247 5A                  622 	.db #0x5a	; 90	'Z'
   0248 7E                  623 	.db #0x7e	; 126
   0249 42                  624 	.db #0x42	; 66	'B'
   024A 3E                  625 	.db #0x3e	; 62
   024B 3A                  626 	.db #0x3a	; 58
   024C 0E                  627 	.db #0x0e	; 14
   024D 0A                  628 	.db #0x0a	; 10
   024E 0C                  629 	.db #0x0c	; 12
   024F 0C                  630 	.db #0x0c	; 12
   0250 70                  631 	.db #0x70	; 112	'p'
   0251 70                  632 	.db #0x70	; 112	'p'
   0252 70                  633 	.db #0x70	; 112	'p'
   0253 50                  634 	.db #0x50	; 80	'P'
   0254 70                  635 	.db #0x70	; 112	'p'
   0255 50                  636 	.db #0x50	; 80	'P'
   0256 70                  637 	.db #0x70	; 112	'p'
   0257 50                  638 	.db #0x50	; 80	'P'
   0258 60                  639 	.db #0x60	; 96
   0259 60                  640 	.db #0x60	; 96
   025A 00                  641 	.db #0x00	; 0
   025B 00                  642 	.db #0x00	; 0
   025C 60                  643 	.db #0x60	; 96
   025D 60                  644 	.db #0x60	; 96
   025E 60                  645 	.db #0x60	; 96
   025F 60                  646 	.db #0x60	; 96
   0260 30                  647 	.db #0x30	; 48	'0'
   0261 30                  648 	.db #0x30	; 48	'0'
   0262 30                  649 	.db #0x30	; 48	'0'
   0263 30                  650 	.db #0x30	; 48	'0'
   0264 30                  651 	.db #0x30	; 48	'0'
   0265 30                  652 	.db #0x30	; 48	'0'
   0266 60                  653 	.db #0x60	; 96
   0267 60                  654 	.db #0x60	; 96
   0268 00                  655 	.db #0x00	; 0
   0269 00                  656 	.db #0x00	; 0
   026A 00                  657 	.db #0x00	; 0
   026B 00                  658 	.db #0x00	; 0
   026C 00                  659 	.db #0x00	; 0
   026D 00                  660 	.db #0x00	; 0
   026E 00                  661 	.db #0x00	; 0
   026F 00                  662 	.db #0x00	; 0
   0270 1C                  663 	.db #0x1c	; 28
   0271 1C                  664 	.db #0x1c	; 28
   0272 3C                  665 	.db #0x3c	; 60
   0273 24                  666 	.db #0x24	; 36
   0274 38                  667 	.db #0x38	; 56	'8'
   0275 28                  668 	.db #0x28	; 40
   0276 38                  669 	.db #0x38	; 56	'8'
   0277 28                  670 	.db #0x28	; 40
   0278 38                  671 	.db #0x38	; 56	'8'
   0279 28                  672 	.db #0x28	; 40
   027A 38                  673 	.db #0x38	; 56	'8'
   027B 28                  674 	.db #0x28	; 40
   027C 3C                  675 	.db #0x3c	; 60
   027D 24                  676 	.db #0x24	; 36
   027E 1C                  677 	.db #0x1c	; 28
   027F 1C                  678 	.db #0x1c	; 28
   0280 38                  679 	.db #0x38	; 56	'8'
   0281 38                  680 	.db #0x38	; 56	'8'
   0282 3C                  681 	.db #0x3c	; 60
   0283 24                  682 	.db #0x24	; 36
   0284 1C                  683 	.db #0x1c	; 28
   0285 14                  684 	.db #0x14	; 20
   0286 1C                  685 	.db #0x1c	; 28
   0287 14                  686 	.db #0x14	; 20
   0288 1C                  687 	.db #0x1c	; 28
   0289 14                  688 	.db #0x14	; 20
   028A 1C                  689 	.db #0x1c	; 28
   028B 14                  690 	.db #0x14	; 20
   028C 3C                  691 	.db #0x3c	; 60
   028D 24                  692 	.db #0x24	; 36
   028E 38                  693 	.db #0x38	; 56	'8'
   028F 38                  694 	.db #0x38	; 56	'8'
   0290 00                  695 	.db #0x00	; 0
   0291 00                  696 	.db #0x00	; 0
   0292 00                  697 	.db #0x00	; 0
   0293 00                  698 	.db #0x00	; 0
   0294 7C                  699 	.db #0x7c	; 124
   0295 7C                  700 	.db #0x7c	; 124
   0296 FE                  701 	.db #0xfe	; 254
   0297 82                  702 	.db #0x82	; 130
   0298 82                  703 	.db #0x82	; 130
   0299 FE                  704 	.db #0xfe	; 254
   029A 7C                  705 	.db #0x7c	; 124
   029B 7C                  706 	.db #0x7c	; 124
   029C 00                  707 	.db #0x00	; 0
   029D 00                  708 	.db #0x00	; 0
   029E 00                  709 	.db #0x00	; 0
   029F 00                  710 	.db #0x00	; 0
   02A0 00                  711 	.db #0x00	; 0
   02A1 00                  712 	.db #0x00	; 0
   02A2 00                  713 	.db #0x00	; 0
   02A3 00                  714 	.db #0x00	; 0
   02A4 00                  715 	.db #0x00	; 0
   02A5 00                  716 	.db #0x00	; 0
   02A6 00                  717 	.db #0x00	; 0
   02A7 00                  718 	.db #0x00	; 0
   02A8 00                  719 	.db #0x00	; 0
   02A9 00                  720 	.db #0x00	; 0
   02AA 38                  721 	.db #0x38	; 56	'8'
   02AB 38                  722 	.db #0x38	; 56	'8'
   02AC 38                  723 	.db #0x38	; 56	'8'
   02AD 28                  724 	.db #0x28	; 40
   02AE 38                  725 	.db #0x38	; 56	'8'
   02AF 38                  726 	.db #0x38	; 56	'8'
   02B0 00                  727 	.db #0x00	; 0
   02B1 00                  728 	.db #0x00	; 0
   02B2 00                  729 	.db #0x00	; 0
   02B3 00                  730 	.db #0x00	; 0
   02B4 40                  731 	.db #0x40	; 64
   02B5 20                  732 	.db #0x20	; 32
   02B6 40                  733 	.db #0x40	; 64
   02B7 60                  734 	.db #0x60	; 96
   02B8 00                  735 	.db #0x00	; 0
   02B9 00                  736 	.db #0x00	; 0
   02BA 40                  737 	.db #0x40	; 64
   02BB 20                  738 	.db #0x20	; 32
   02BC 40                  739 	.db #0x40	; 64
   02BD 60                  740 	.db #0x60	; 96
   02BE 00                  741 	.db #0x00	; 0
   02BF 00                  742 	.db #0x00	; 0
   02C0 34                  743 	.db #0x34	; 52	'4'
   02C1 0C                  744 	.db #0x0c	; 12
   02C2 42                  745 	.db #0x42	; 66	'B'
   02C3 7C                  746 	.db #0x7c	; 124
   02C4 06                  747 	.db #0x06	; 6
   02C5 02                  748 	.db #0x02	; 2
   02C6 08                  749 	.db #0x08	; 8
   02C7 04                  750 	.db #0x04	; 4
   02C8 10                  751 	.db #0x10	; 16
   02C9 18                  752 	.db #0x18	; 24
   02CA 00                  753 	.db #0x00	; 0
   02CB 00                  754 	.db #0x00	; 0
   02CC 10                  755 	.db #0x10	; 16
   02CD 08                  756 	.db #0x08	; 8
   02CE 10                  757 	.db #0x10	; 16
   02CF 18                  758 	.db #0x18	; 24
                            759 	.area _CABS (ABS)
