                              1 ;--------------------------------------------------------
                              2 ; File Created by SDCC : free open source ANSI-C Compiler
                              3 ; Version 3.6.0 #9615 (MINGW32)
                              4 ;--------------------------------------------------------
                              5 	.module map_loading_b5
                              6 	.optsdcc -mgbz80
                              7 	
                              8 ;--------------------------------------------------------
                              9 ; Public variables in this module
                             10 ;--------------------------------------------------------
                             11 	.globl _map_loadingPLN1
                             12 	.globl _map_loadingPLN0
                             13 ;--------------------------------------------------------
                             14 ; ram data
                             15 ;--------------------------------------------------------
                             16 	.area _DATA
                             17 ;--------------------------------------------------------
                             18 ; absolute external ram data
                             19 ;--------------------------------------------------------
                             20 	.area _DABS (ABS)
                             21 ;--------------------------------------------------------
                             22 ; global & static initialisations
                             23 ;--------------------------------------------------------
                             24 	.area _HOME
                             25 	.area _GSINIT
                             26 	.area _GSFINAL
                             27 	.area _GSINIT
                             28 ;--------------------------------------------------------
                             29 ; Home
                             30 ;--------------------------------------------------------
                             31 	.area _HOME
                             32 	.area _HOME
                             33 ;--------------------------------------------------------
                             34 ; code
                             35 ;--------------------------------------------------------
                             36 	.area _CODE
                             37 	.area _CODE
                             38 	.area _CODE_5
   0000                      39 _map_loadingPLN0:
   0000 00                   40 	.db #0x00	; 0
   0001 E8                   41 	.db #0xe8	; 232
   0002 E7                   42 	.db #0xe7	; 231
   0003 E6                   43 	.db #0xe6	; 230
   0004 02                   44 	.db #0x02	; 2
   0005 03                   45 	.db #0x03	; 3
   0006 F1                   46 	.db #0xf1	; 241
   0007 E8                   47 	.db #0xe8	; 232
   0008 E9                   48 	.db #0xe9	; 233
   0009 E2                   49 	.db #0xe2	; 226
   000A E7                   50 	.db #0xe7	; 231
   000B E6                   51 	.db #0xe6	; 230
   000C 00                   52 	.db #0x00	; 0
   000D F2                   53 	.db #0xf2	; 242
   000E 00                   54 	.db #0x00	; 0
   000F 00                   55 	.db #0x00	; 0
   0010 F0                   56 	.db #0xf0	; 240
   0011 00                   57 	.db #0x00	; 0
   0012 00                   58 	.db #0x00	; 0
   0013 E2                   59 	.db #0xe2	; 226
   0014 00                   60 	.db #0x00	; 0
   0015 E2                   61 	.db #0xe2	; 226
   0016 E4                   62 	.db #0xe4	; 228
   0017 E5                   63 	.db #0xe5	; 229
   0018 05                   64 	.db #0x05	; 5
   0019 06                   65 	.db #0x06	; 6
   001A 00                   66 	.db #0x00	; 0
   001B 00                   67 	.db #0x00	; 0
   001C EB                   68 	.db #0xeb	; 235
   001D EA                   69 	.db #0xea	; 234
   001E E3                   70 	.db #0xe3	; 227
   001F E8                   71 	.db #0xe8	; 232
   0020 E9                   72 	.db #0xe9	; 233
   0021 00                   73 	.db #0x00	; 0
   0022 00                   74 	.db #0x00	; 0
   0023 00                   75 	.db #0x00	; 0
   0024 00                   76 	.db #0x00	; 0
   0025 00                   77 	.db #0x00	; 0
   0026 E2                   78 	.db #0xe2	; 226
   0027 E3                   79 	.db #0xe3	; 227
   0028 E2                   80 	.db #0xe2	; 226
   0029 E3                   81 	.db #0xe3	; 227
   002A 00                   82 	.db #0x00	; 0
   002B 0A                   83 	.db #0x0a	; 10
   002C 0B                   84 	.db #0x0b	; 11
   002D 0C                   85 	.db #0x0c	; 12
   002E 00                   86 	.db #0x00	; 0
   002F 00                   87 	.db #0x00	; 0
   0030 F2                   88 	.db #0xf2	; 242
   0031 00                   89 	.db #0x00	; 0
   0032 00                   90 	.db #0x00	; 0
   0033 E2                   91 	.db #0xe2	; 226
   0034 E3                   92 	.db #0xe3	; 227
   0035 00                   93 	.db #0x00	; 0
   0036 00                   94 	.db #0x00	; 0
   0037 F2                   95 	.db #0xf2	; 242
   0038 EC                   96 	.db #0xec	; 236
   0039 EF                   97 	.db #0xef	; 239
   003A E3                   98 	.db #0xe3	; 227
   003B 00                   99 	.db #0x00	; 0
   003C E3                  100 	.db #0xe3	; 227
   003D 00                  101 	.db #0x00	; 0
   003E 0E                  102 	.db #0x0e	; 14
   003F 0F                  103 	.db #0x0f	; 15
   0040 10                  104 	.db #0x10	; 16
   0041 11                  105 	.db #0x11	; 17
   0042 12                  106 	.db #0x12	; 18
   0043 F0                  107 	.db #0xf0	; 240
   0044 00                  108 	.db #0x00	; 0
   0045 00                  109 	.db #0x00	; 0
   0046 00                  110 	.db #0x00	; 0
   0047 ED                  111 	.db #0xed	; 237
   0048 00                  112 	.db #0x00	; 0
   0049 00                  113 	.db #0x00	; 0
   004A 00                  114 	.db #0x00	; 0
   004B E2                  115 	.db #0xe2	; 226
   004C E4                  116 	.db #0xe4	; 228
   004D E5                  117 	.db #0xe5	; 229
   004E 00                  118 	.db #0x00	; 0
   004F 00                  119 	.db #0x00	; 0
   0050 F2                  120 	.db #0xf2	; 242
   0051 13                  121 	.db #0x13	; 19
   0052 14                  122 	.db #0x14	; 20
   0053 15                  123 	.db #0x15	; 21
   0054 16                  124 	.db #0x16	; 22
   0055 17                  125 	.db #0x17	; 23
   0056 18                  126 	.db #0x18	; 24
   0057 19                  127 	.db #0x19	; 25
   0058 F3                  128 	.db #0xf3	; 243
   0059 F4                  129 	.db #0xf4	; 244
   005A F5                  130 	.db #0xf5	; 245
   005B F6                  131 	.db #0xf6	; 246
   005C F6                  132 	.db #0xf6	; 246
   005D E9                  133 	.db #0xe9	; 233
   005E F6                  134 	.db #0xf6	; 246
   005F F7                  135 	.db #0xf7	; 247
   0060 F8                  136 	.db #0xf8	; 248
   0061 F4                  137 	.db #0xf4	; 244
   0062 F7                  138 	.db #0xf7	; 247
   0063 00                  139 	.db #0x00	; 0
   0064 00                  140 	.db #0x00	; 0
   0065 1A                  141 	.db #0x1a	; 26
   0066 1B                  142 	.db #0x1b	; 27
   0067 1C                  143 	.db #0x1c	; 28
   0068 1D                  144 	.db #0x1d	; 29
   0069 1E                  145 	.db #0x1e	; 30
   006A 1F                  146 	.db #0x1f	; 31
   006B 20                  147 	.db #0x20	; 32
   006C F2                  148 	.db #0xf2	; 242
   006D 00                  149 	.db #0x00	; 0
   006E 00                  150 	.db #0x00	; 0
   006F EE                  151 	.db #0xee	; 238
   0070 E3                  152 	.db #0xe3	; 227
   0071 E8                  153 	.db #0xe8	; 232
   0072 E3                  154 	.db #0xe3	; 227
   0073 D6                  155 	.db #0xd6	; 214
   0074 D5                  156 	.db #0xd5	; 213
   0075 1D                  157 	.db #0x1d	; 29
   0076 1D                  158 	.db #0x1d	; 29
   0077 D4                  159 	.db #0xd4	; 212
   0078 00                  160 	.db #0x00	; 0
   0079 21                  161 	.db #0x21	; 33
   007A 1B                  162 	.db #0x1b	; 27
   007B 22                  163 	.db #0x22	; 34
   007C 23                  164 	.db #0x23	; 35
   007D 24                  165 	.db #0x24	; 36
   007E 25                  166 	.db #0x25	; 37
   007F 26                  167 	.db #0x26	; 38
   0080 00                  168 	.db #0x00	; 0
   0081 D6                  169 	.db #0xd6	; 214
   0082 D5                  170 	.db #0xd5	; 213
   0083 D4                  171 	.db #0xd4	; 212
   0084 D3                  172 	.db #0xd3	; 211
   0085 00                  173 	.db #0x00	; 0
   0086 00                  174 	.db #0x00	; 0
   0087 D7                  175 	.db #0xd7	; 215
   0088 1B                  176 	.db #0x1b	; 27
   0089 D8                  177 	.db #0xd8	; 216
   008A 1D                  178 	.db #0x1d	; 29
   008B 1D                  179 	.db #0x1d	; 29
   008C F1                  180 	.db #0xf1	; 241
   008D 27                  181 	.db #0x27	; 39
   008E 1B                  182 	.db #0x1b	; 27
   008F 28                  183 	.db #0x28	; 40
   0090 29                  184 	.db #0x29	; 41
   0091 2A                  185 	.db #0x2a	; 42
   0092 2B                  186 	.db #0x2b	; 43
   0093 2C                  187 	.db #0x2c	; 44
   0094 00                  188 	.db #0x00	; 0
   0095 D7                  189 	.db #0xd7	; 215
   0096 1B                  190 	.db #0x1b	; 27
   0097 D8                  191 	.db #0xd8	; 216
   0098 D2                  192 	.db #0xd2	; 210
   0099 00                  193 	.db #0x00	; 0
   009A F1                  194 	.db #0xf1	; 241
   009B 1B                  195 	.db #0x1b	; 27
   009C 1B                  196 	.db #0x1b	; 27
   009D D9                  197 	.db #0xd9	; 217
   009E 1D                  198 	.db #0x1d	; 29
   009F 1D                  199 	.db #0x1d	; 29
   00A0 00                  200 	.db #0x00	; 0
   00A1 2D                  201 	.db #0x2d	; 45
   00A2 2E                  202 	.db #0x2e	; 46
   00A3 2F                  203 	.db #0x2f	; 47
   00A4 F9                  204 	.db #0xf9	; 249
   00A5 30                  205 	.db #0x30	; 48	'0'
   00A6 31                  206 	.db #0x31	; 49	'1'
   00A7 32                  207 	.db #0x32	; 50	'2'
   00A8 F1                  208 	.db #0xf1	; 241
   00A9 CD                  209 	.db #0xcd	; 205
   00AA 1B                  210 	.db #0x1b	; 27
   00AB DA                  211 	.db #0xda	; 218
   00AC D1                  212 	.db #0xd1	; 209
   00AD 00                  213 	.db #0x00	; 0
   00AE 00                  214 	.db #0x00	; 0
   00AF DE                  215 	.db #0xde	; 222
   00B0 1B                  216 	.db #0x1b	; 27
   00B1 DA                  217 	.db #0xda	; 218
   00B2 1D                  218 	.db #0x1d	; 29
   00B3 1D                  219 	.db #0x1d	; 29
   00B4 00                  220 	.db #0x00	; 0
   00B5 33                  221 	.db #0x33	; 51	'3'
   00B6 34                  222 	.db #0x34	; 52	'4'
   00B7 35                  223 	.db #0x35	; 53	'5'
   00B8 36                  224 	.db #0x36	; 54	'6'
   00B9 37                  225 	.db #0x37	; 55	'7'
   00BA 38                  226 	.db #0x38	; 56	'8'
   00BB 39                  227 	.db #0x39	; 57	'9'
   00BC 00                  228 	.db #0x00	; 0
   00BD CC                  229 	.db #0xcc	; 204
   00BE CB                  230 	.db #0xcb	; 203
   00BF CE                  231 	.db #0xce	; 206
   00C0 D0                  232 	.db #0xd0	; 208
   00C1 F0                  233 	.db #0xf0	; 240
   00C2 00                  234 	.db #0x00	; 0
   00C3 D6                  235 	.db #0xd6	; 214
   00C4 DD                  236 	.db #0xdd	; 221
   00C5 DF                  237 	.db #0xdf	; 223
   00C6 E0                  238 	.db #0xe0	; 224
   00C7 E1                  239 	.db #0xe1	; 225
   00C8 3A                  240 	.db #0x3a	; 58
   00C9 3B                  241 	.db #0x3b	; 59
   00CA 3C                  242 	.db #0x3c	; 60
   00CB 3D                  243 	.db #0x3d	; 61
   00CC 3E                  244 	.db #0x3e	; 62
   00CD 3F                  245 	.db #0x3f	; 63
   00CE 40                  246 	.db #0x40	; 64
   00CF 41                  247 	.db #0x41	; 65	'A'
   00D0 42                  248 	.db #0x42	; 66	'B'
   00D1 F2                  249 	.db #0xf2	; 242
   00D2 DB                  250 	.db #0xdb	; 219
   00D3 DC                  251 	.db #0xdc	; 220
   00D4 00                  252 	.db #0x00	; 0
   00D5 00                  253 	.db #0x00	; 0
   00D6 F2                  254 	.db #0xf2	; 242
   00D7 CC                  255 	.db #0xcc	; 204
   00D8 CB                  256 	.db #0xcb	; 203
   00D9 CA                  257 	.db #0xca	; 202
   00DA 08                  258 	.db #0x08	; 8
   00DB C7                  259 	.db #0xc7	; 199
   00DC 43                  260 	.db #0x43	; 67	'C'
   00DD 44                  261 	.db #0x44	; 68	'D'
   00DE 45                  262 	.db #0x45	; 69	'E'
   00DF 46                  263 	.db #0x46	; 70	'F'
   00E0 47                  264 	.db #0x47	; 71	'G'
   00E1 48                  265 	.db #0x48	; 72	'H'
   00E2 49                  266 	.db #0x49	; 73	'I'
   00E3 4A                  267 	.db #0x4a	; 74	'J'
   00E4 4B                  268 	.db #0x4b	; 75	'K'
   00E5 4C                  269 	.db #0x4c	; 76	'L'
   00E6 4D                  270 	.db #0x4d	; 77	'M'
   00E7 4E                  271 	.db #0x4e	; 78	'N'
   00E8 4F                  272 	.db #0x4f	; 79	'O'
   00E9 50                  273 	.db #0x50	; 80	'P'
   00EA 51                  274 	.db #0x51	; 81	'Q'
   00EB 52                  275 	.db #0x52	; 82	'R'
   00EC 53                  276 	.db #0x53	; 83	'S'
   00ED 00                  277 	.db #0x00	; 0
   00EE 09                  278 	.db #0x09	; 9
   00EF 0D                  279 	.db #0x0d	; 13
   00F0 54                  280 	.db #0x54	; 84	'T'
   00F1 55                  281 	.db #0x55	; 85	'U'
   00F2 56                  282 	.db #0x56	; 86	'V'
   00F3 57                  283 	.db #0x57	; 87	'W'
   00F4 58                  284 	.db #0x58	; 88	'X'
   00F5 59                  285 	.db #0x59	; 89	'Y'
   00F6 5A                  286 	.db #0x5a	; 90	'Z'
   00F7 5B                  287 	.db #0x5b	; 91
   00F8 5C                  288 	.db #0x5c	; 92
   00F9 5D                  289 	.db #0x5d	; 93
   00FA 5E                  290 	.db #0x5e	; 94
   00FB 00                  291 	.db #0x00	; 0
   00FC 5F                  292 	.db #0x5f	; 95
   00FD 60                  293 	.db #0x60	; 96
   00FE 61                  294 	.db #0x61	; 97	'a'
   00FF 62                  295 	.db #0x62	; 98	'b'
   0100 63                  296 	.db #0x63	; 99	'c'
   0101 64                  297 	.db #0x64	; 100	'd'
   0102 65                  298 	.db #0x65	; 101	'e'
   0103 01                  299 	.db #0x01	; 1
   0104 66                  300 	.db #0x66	; 102	'f'
   0105 67                  301 	.db #0x67	; 103	'g'
   0106 68                  302 	.db #0x68	; 104	'h'
   0107 69                  303 	.db #0x69	; 105	'i'
   0108 6A                  304 	.db #0x6a	; 106	'j'
   0109 6B                  305 	.db #0x6b	; 107	'k'
   010A 6C                  306 	.db #0x6c	; 108	'l'
   010B 6D                  307 	.db #0x6d	; 109	'm'
   010C 6E                  308 	.db #0x6e	; 110	'n'
   010D 6F                  309 	.db #0x6f	; 111	'o'
   010E 70                  310 	.db #0x70	; 112	'p'
   010F 71                  311 	.db #0x71	; 113	'q'
   0110 72                  312 	.db #0x72	; 114	'r'
   0111 73                  313 	.db #0x73	; 115	's'
   0112 74                  314 	.db #0x74	; 116	't'
   0113 75                  315 	.db #0x75	; 117	'u'
   0114 76                  316 	.db #0x76	; 118	'v'
   0115 77                  317 	.db #0x77	; 119	'w'
   0116 78                  318 	.db #0x78	; 120	'x'
   0117 07                  319 	.db #0x07	; 7
   0118 79                  320 	.db #0x79	; 121	'y'
   0119 7A                  321 	.db #0x7a	; 122	'z'
   011A 7B                  322 	.db #0x7b	; 123
   011B 7C                  323 	.db #0x7c	; 124
   011C 7D                  324 	.db #0x7d	; 125
   011D 7E                  325 	.db #0x7e	; 126
   011E 7F                  326 	.db #0x7f	; 127
   011F 80                  327 	.db #0x80	; 128
   0120 81                  328 	.db #0x81	; 129
   0121 82                  329 	.db #0x82	; 130
   0122 83                  330 	.db #0x83	; 131
   0123 84                  331 	.db #0x84	; 132
   0124 85                  332 	.db #0x85	; 133
   0125 86                  333 	.db #0x86	; 134
   0126 87                  334 	.db #0x87	; 135
   0127 88                  335 	.db #0x88	; 136
   0128 89                  336 	.db #0x89	; 137
   0129 8A                  337 	.db #0x8a	; 138
   012A 8B                  338 	.db #0x8b	; 139
   012B 8C                  339 	.db #0x8c	; 140
   012C 8D                  340 	.db #0x8d	; 141
   012D 8E                  341 	.db #0x8e	; 142
   012E 8F                  342 	.db #0x8f	; 143
   012F 90                  343 	.db #0x90	; 144
   0130 91                  344 	.db #0x91	; 145
   0131 92                  345 	.db #0x92	; 146
   0132 00                  346 	.db #0x00	; 0
   0133 00                  347 	.db #0x00	; 0
   0134 93                  348 	.db #0x93	; 147
   0135 94                  349 	.db #0x94	; 148
   0136 95                  350 	.db #0x95	; 149
   0137 96                  351 	.db #0x96	; 150
   0138 97                  352 	.db #0x97	; 151
   0139 98                  353 	.db #0x98	; 152
   013A 99                  354 	.db #0x99	; 153
   013B 9A                  355 	.db #0x9a	; 154
   013C 9B                  356 	.db #0x9b	; 155
   013D 9C                  357 	.db #0x9c	; 156
   013E 9D                  358 	.db #0x9d	; 157
   013F 9E                  359 	.db #0x9e	; 158
   0140 9F                  360 	.db #0x9f	; 159
   0141 A0                  361 	.db #0xa0	; 160
   0142 A1                  362 	.db #0xa1	; 161
   0143 A2                  363 	.db #0xa2	; 162
   0144 A3                  364 	.db #0xa3	; 163
   0145 A4                  365 	.db #0xa4	; 164
   0146 A5                  366 	.db #0xa5	; 165
   0147 A6                  367 	.db #0xa6	; 166
   0148 A7                  368 	.db #0xa7	; 167
   0149 A8                  369 	.db #0xa8	; 168
   014A A9                  370 	.db #0xa9	; 169
   014B AA                  371 	.db #0xaa	; 170
   014C AB                  372 	.db #0xab	; 171
   014D AC                  373 	.db #0xac	; 172
   014E AD                  374 	.db #0xad	; 173
   014F AE                  375 	.db #0xae	; 174
   0150 AF                  376 	.db #0xaf	; 175
   0151 B0                  377 	.db #0xb0	; 176
   0152 B1                  378 	.db #0xb1	; 177
   0153 B2                  379 	.db #0xb2	; 178
   0154 B3                  380 	.db #0xb3	; 179
   0155 B4                  381 	.db #0xb4	; 180
   0156 B5                  382 	.db #0xb5	; 181
   0157 B6                  383 	.db #0xb6	; 182
   0158 B7                  384 	.db #0xb7	; 183
   0159 B8                  385 	.db #0xb8	; 184
   015A B9                  386 	.db #0xb9	; 185
   015B BA                  387 	.db #0xba	; 186
   015C BB                  388 	.db #0xbb	; 187
   015D BC                  389 	.db #0xbc	; 188
   015E BD                  390 	.db #0xbd	; 189
   015F BE                  391 	.db #0xbe	; 190
   0160 BF                  392 	.db #0xbf	; 191
   0161 C0                  393 	.db #0xc0	; 192
   0162 C1                  394 	.db #0xc1	; 193
   0163 C2                  395 	.db #0xc2	; 194
   0164 C3                  396 	.db #0xc3	; 195
   0165 C4                  397 	.db #0xc4	; 196
   0166 C5                  398 	.db #0xc5	; 197
   0167 C6                  399 	.db #0xc6	; 198
   0168                     400 _map_loadingPLN1:
   0168 00                  401 	.db #0x00	; 0
   0169 00                  402 	.db #0x00	; 0
   016A 00                  403 	.db #0x00	; 0
   016B 00                  404 	.db #0x00	; 0
   016C 04                  405 	.db #0x04	; 4
   016D 04                  406 	.db #0x04	; 4
   016E 00                  407 	.db #0x00	; 0
   016F 00                  408 	.db #0x00	; 0
   0170 00                  409 	.db #0x00	; 0
   0171 00                  410 	.db #0x00	; 0
   0172 00                  411 	.db #0x00	; 0
   0173 00                  412 	.db #0x00	; 0
   0174 00                  413 	.db #0x00	; 0
   0175 00                  414 	.db #0x00	; 0
   0176 00                  415 	.db #0x00	; 0
   0177 00                  416 	.db #0x00	; 0
   0178 00                  417 	.db #0x00	; 0
   0179 00                  418 	.db #0x00	; 0
   017A 00                  419 	.db #0x00	; 0
   017B 00                  420 	.db #0x00	; 0
   017C 00                  421 	.db #0x00	; 0
   017D 00                  422 	.db #0x00	; 0
   017E 00                  423 	.db #0x00	; 0
   017F 00                  424 	.db #0x00	; 0
   0180 04                  425 	.db #0x04	; 4
   0181 04                  426 	.db #0x04	; 4
   0182 00                  427 	.db #0x00	; 0
   0183 00                  428 	.db #0x00	; 0
   0184 00                  429 	.db #0x00	; 0
   0185 00                  430 	.db #0x00	; 0
   0186 00                  431 	.db #0x00	; 0
   0187 00                  432 	.db #0x00	; 0
   0188 00                  433 	.db #0x00	; 0
   0189 00                  434 	.db #0x00	; 0
   018A 00                  435 	.db #0x00	; 0
   018B 00                  436 	.db #0x00	; 0
   018C 00                  437 	.db #0x00	; 0
   018D 00                  438 	.db #0x00	; 0
   018E 00                  439 	.db #0x00	; 0
   018F 00                  440 	.db #0x00	; 0
   0190 00                  441 	.db #0x00	; 0
   0191 00                  442 	.db #0x00	; 0
   0192 06                  443 	.db #0x06	; 6
   0193 06                  444 	.db #0x06	; 6
   0194 06                  445 	.db #0x06	; 6
   0195 06                  446 	.db #0x06	; 6
   0196 06                  447 	.db #0x06	; 6
   0197 00                  448 	.db #0x00	; 0
   0198 00                  449 	.db #0x00	; 0
   0199 00                  450 	.db #0x00	; 0
   019A 00                  451 	.db #0x00	; 0
   019B 00                  452 	.db #0x00	; 0
   019C 00                  453 	.db #0x00	; 0
   019D 00                  454 	.db #0x00	; 0
   019E 00                  455 	.db #0x00	; 0
   019F 00                  456 	.db #0x00	; 0
   01A0 00                  457 	.db #0x00	; 0
   01A1 00                  458 	.db #0x00	; 0
   01A2 00                  459 	.db #0x00	; 0
   01A3 00                  460 	.db #0x00	; 0
   01A4 00                  461 	.db #0x00	; 0
   01A5 00                  462 	.db #0x00	; 0
   01A6 06                  463 	.db #0x06	; 6
   01A7 06                  464 	.db #0x06	; 6
   01A8 06                  465 	.db #0x06	; 6
   01A9 06                  466 	.db #0x06	; 6
   01AA 06                  467 	.db #0x06	; 6
   01AB 00                  468 	.db #0x00	; 0
   01AC 00                  469 	.db #0x00	; 0
   01AD 00                  470 	.db #0x00	; 0
   01AE 00                  471 	.db #0x00	; 0
   01AF 00                  472 	.db #0x00	; 0
   01B0 00                  473 	.db #0x00	; 0
   01B1 00                  474 	.db #0x00	; 0
   01B2 00                  475 	.db #0x00	; 0
   01B3 00                  476 	.db #0x00	; 0
   01B4 00                  477 	.db #0x00	; 0
   01B5 00                  478 	.db #0x00	; 0
   01B6 00                  479 	.db #0x00	; 0
   01B7 00                  480 	.db #0x00	; 0
   01B8 00                  481 	.db #0x00	; 0
   01B9 06                  482 	.db #0x06	; 6
   01BA 06                  483 	.db #0x06	; 6
   01BB 06                  484 	.db #0x06	; 6
   01BC 06                  485 	.db #0x06	; 6
   01BD 06                  486 	.db #0x06	; 6
   01BE 06                  487 	.db #0x06	; 6
   01BF 06                  488 	.db #0x06	; 6
   01C0 04                  489 	.db #0x04	; 4
   01C1 04                  490 	.db #0x04	; 4
   01C2 04                  491 	.db #0x04	; 4
   01C3 04                  492 	.db #0x04	; 4
   01C4 04                  493 	.db #0x04	; 4
   01C5 00                  494 	.db #0x00	; 0
   01C6 04                  495 	.db #0x04	; 4
   01C7 04                  496 	.db #0x04	; 4
   01C8 04                  497 	.db #0x04	; 4
   01C9 04                  498 	.db #0x04	; 4
   01CA 04                  499 	.db #0x04	; 4
   01CB 00                  500 	.db #0x00	; 0
   01CC 00                  501 	.db #0x00	; 0
   01CD 06                  502 	.db #0x06	; 6
   01CE 06                  503 	.db #0x06	; 6
   01CF 06                  504 	.db #0x06	; 6
   01D0 06                  505 	.db #0x06	; 6
   01D1 07                  506 	.db #0x07	; 7
   01D2 07                  507 	.db #0x07	; 7
   01D3 07                  508 	.db #0x07	; 7
   01D4 00                  509 	.db #0x00	; 0
   01D5 00                  510 	.db #0x00	; 0
   01D6 00                  511 	.db #0x00	; 0
   01D7 00                  512 	.db #0x00	; 0
   01D8 00                  513 	.db #0x00	; 0
   01D9 00                  514 	.db #0x00	; 0
   01DA 00                  515 	.db #0x00	; 0
   01DB 03                  516 	.db #0x03	; 3
   01DC 03                  517 	.db #0x03	; 3
   01DD 03                  518 	.db #0x03	; 3
   01DE 03                  519 	.db #0x03	; 3
   01DF 03                  520 	.db #0x03	; 3
   01E0 00                  521 	.db #0x00	; 0
   01E1 06                  522 	.db #0x06	; 6
   01E2 06                  523 	.db #0x06	; 6
   01E3 06                  524 	.db #0x06	; 6
   01E4 06                  525 	.db #0x06	; 6
   01E5 07                  526 	.db #0x07	; 7
   01E6 04                  527 	.db #0x04	; 4
   01E7 07                  528 	.db #0x07	; 7
   01E8 00                  529 	.db #0x00	; 0
   01E9 03                  530 	.db #0x03	; 3
   01EA 03                  531 	.db #0x03	; 3
   01EB 03                  532 	.db #0x03	; 3
   01EC 03                  533 	.db #0x03	; 3
   01ED 00                  534 	.db #0x00	; 0
   01EE 00                  535 	.db #0x00	; 0
   01EF 03                  536 	.db #0x03	; 3
   01F0 03                  537 	.db #0x03	; 3
   01F1 03                  538 	.db #0x03	; 3
   01F2 03                  539 	.db #0x03	; 3
   01F3 03                  540 	.db #0x03	; 3
   01F4 00                  541 	.db #0x00	; 0
   01F5 06                  542 	.db #0x06	; 6
   01F6 06                  543 	.db #0x06	; 6
   01F7 06                  544 	.db #0x06	; 6
   01F8 06                  545 	.db #0x06	; 6
   01F9 07                  546 	.db #0x07	; 7
   01FA 07                  547 	.db #0x07	; 7
   01FB 07                  548 	.db #0x07	; 7
   01FC 00                  549 	.db #0x00	; 0
   01FD 03                  550 	.db #0x03	; 3
   01FE 03                  551 	.db #0x03	; 3
   01FF 03                  552 	.db #0x03	; 3
   0200 03                  553 	.db #0x03	; 3
   0201 00                  554 	.db #0x00	; 0
   0202 00                  555 	.db #0x00	; 0
   0203 03                  556 	.db #0x03	; 3
   0204 03                  557 	.db #0x03	; 3
   0205 03                  558 	.db #0x03	; 3
   0206 03                  559 	.db #0x03	; 3
   0207 03                  560 	.db #0x03	; 3
   0208 00                  561 	.db #0x00	; 0
   0209 06                  562 	.db #0x06	; 6
   020A 06                  563 	.db #0x06	; 6
   020B 06                  564 	.db #0x06	; 6
   020C 05                  565 	.db #0x05	; 5
   020D 07                  566 	.db #0x07	; 7
   020E 07                  567 	.db #0x07	; 7
   020F 07                  568 	.db #0x07	; 7
   0210 00                  569 	.db #0x00	; 0
   0211 03                  570 	.db #0x03	; 3
   0212 03                  571 	.db #0x03	; 3
   0213 03                  572 	.db #0x03	; 3
   0214 03                  573 	.db #0x03	; 3
   0215 00                  574 	.db #0x00	; 0
   0216 00                  575 	.db #0x00	; 0
   0217 03                  576 	.db #0x03	; 3
   0218 03                  577 	.db #0x03	; 3
   0219 03                  578 	.db #0x03	; 3
   021A 03                  579 	.db #0x03	; 3
   021B 03                  580 	.db #0x03	; 3
   021C 00                  581 	.db #0x00	; 0
   021D 06                  582 	.db #0x06	; 6
   021E 06                  583 	.db #0x06	; 6
   021F 06                  584 	.db #0x06	; 6
   0220 06                  585 	.db #0x06	; 6
   0221 06                  586 	.db #0x06	; 6
   0222 06                  587 	.db #0x06	; 6
   0223 06                  588 	.db #0x06	; 6
   0224 00                  589 	.db #0x00	; 0
   0225 03                  590 	.db #0x03	; 3
   0226 03                  591 	.db #0x03	; 3
   0227 03                  592 	.db #0x03	; 3
   0228 03                  593 	.db #0x03	; 3
   0229 00                  594 	.db #0x00	; 0
   022A 00                  595 	.db #0x00	; 0
   022B 03                  596 	.db #0x03	; 3
   022C 03                  597 	.db #0x03	; 3
   022D 03                  598 	.db #0x03	; 3
   022E 03                  599 	.db #0x03	; 3
   022F 03                  600 	.db #0x03	; 3
   0230 03                  601 	.db #0x03	; 3
   0231 03                  602 	.db #0x03	; 3
   0232 05                  603 	.db #0x05	; 5
   0233 05                  604 	.db #0x05	; 5
   0234 05                  605 	.db #0x05	; 5
   0235 06                  606 	.db #0x06	; 6
   0236 06                  607 	.db #0x06	; 6
   0237 05                  608 	.db #0x05	; 5
   0238 03                  609 	.db #0x03	; 3
   0239 00                  610 	.db #0x00	; 0
   023A 03                  611 	.db #0x03	; 3
   023B 01                  612 	.db #0x01	; 1
   023C 00                  613 	.db #0x00	; 0
   023D 00                  614 	.db #0x00	; 0
   023E 00                  615 	.db #0x00	; 0
   023F 03                  616 	.db #0x03	; 3
   0240 03                  617 	.db #0x03	; 3
   0241 03                  618 	.db #0x03	; 3
   0242 01                  619 	.db #0x01	; 1
   0243 01                  620 	.db #0x01	; 1
   0244 03                  621 	.db #0x03	; 3
   0245 03                  622 	.db #0x03	; 3
   0246 04                  623 	.db #0x04	; 4
   0247 04                  624 	.db #0x04	; 4
   0248 04                  625 	.db #0x04	; 4
   0249 04                  626 	.db #0x04	; 4
   024A 04                  627 	.db #0x04	; 4
   024B 04                  628 	.db #0x04	; 4
   024C 03                  629 	.db #0x03	; 3
   024D 03                  630 	.db #0x03	; 3
   024E 03                  631 	.db #0x03	; 3
   024F 01                  632 	.db #0x01	; 1
   0250 03                  633 	.db #0x03	; 3
   0251 03                  634 	.db #0x03	; 3
   0252 03                  635 	.db #0x03	; 3
   0253 03                  636 	.db #0x03	; 3
   0254 03                  637 	.db #0x03	; 3
   0255 03                  638 	.db #0x03	; 3
   0256 01                  639 	.db #0x01	; 1
   0257 01                  640 	.db #0x01	; 1
   0258 02                  641 	.db #0x02	; 2
   0259 02                  642 	.db #0x02	; 2
   025A 03                  643 	.db #0x03	; 3
   025B 03                  644 	.db #0x03	; 3
   025C 02                  645 	.db #0x02	; 2
   025D 02                  646 	.db #0x02	; 2
   025E 02                  647 	.db #0x02	; 2
   025F 02                  648 	.db #0x02	; 2
   0260 02                  649 	.db #0x02	; 2
   0261 02                  650 	.db #0x02	; 2
   0262 02                  651 	.db #0x02	; 2
   0263 02                  652 	.db #0x02	; 2
   0264 03                  653 	.db #0x03	; 3
   0265 03                  654 	.db #0x03	; 3
   0266 03                  655 	.db #0x03	; 3
   0267 03                  656 	.db #0x03	; 3
   0268 03                  657 	.db #0x03	; 3
   0269 03                  658 	.db #0x03	; 3
   026A 03                  659 	.db #0x03	; 3
   026B 01                  660 	.db #0x01	; 1
   026C 02                  661 	.db #0x02	; 2
   026D 02                  662 	.db #0x02	; 2
   026E 02                  663 	.db #0x02	; 2
   026F 02                  664 	.db #0x02	; 2
   0270 02                  665 	.db #0x02	; 2
   0271 02                  666 	.db #0x02	; 2
   0272 02                  667 	.db #0x02	; 2
   0273 02                  668 	.db #0x02	; 2
   0274 02                  669 	.db #0x02	; 2
   0275 02                  670 	.db #0x02	; 2
   0276 02                  671 	.db #0x02	; 2
   0277 02                  672 	.db #0x02	; 2
   0278 02                  673 	.db #0x02	; 2
   0279 02                  674 	.db #0x02	; 2
   027A 02                  675 	.db #0x02	; 2
   027B 03                  676 	.db #0x03	; 3
   027C 03                  677 	.db #0x03	; 3
   027D 03                  678 	.db #0x03	; 3
   027E 03                  679 	.db #0x03	; 3
   027F 01                  680 	.db #0x01	; 1
   0280 02                  681 	.db #0x02	; 2
   0281 02                  682 	.db #0x02	; 2
   0282 02                  683 	.db #0x02	; 2
   0283 02                  684 	.db #0x02	; 2
   0284 02                  685 	.db #0x02	; 2
   0285 02                  686 	.db #0x02	; 2
   0286 02                  687 	.db #0x02	; 2
   0287 02                  688 	.db #0x02	; 2
   0288 02                  689 	.db #0x02	; 2
   0289 02                  690 	.db #0x02	; 2
   028A 02                  691 	.db #0x02	; 2
   028B 02                  692 	.db #0x02	; 2
   028C 02                  693 	.db #0x02	; 2
   028D 02                  694 	.db #0x02	; 2
   028E 02                  695 	.db #0x02	; 2
   028F 03                  696 	.db #0x03	; 3
   0290 03                  697 	.db #0x03	; 3
   0291 03                  698 	.db #0x03	; 3
   0292 03                  699 	.db #0x03	; 3
   0293 03                  700 	.db #0x03	; 3
   0294 02                  701 	.db #0x02	; 2
   0295 02                  702 	.db #0x02	; 2
   0296 02                  703 	.db #0x02	; 2
   0297 02                  704 	.db #0x02	; 2
   0298 02                  705 	.db #0x02	; 2
   0299 02                  706 	.db #0x02	; 2
   029A 02                  707 	.db #0x02	; 2
   029B 02                  708 	.db #0x02	; 2
   029C 02                  709 	.db #0x02	; 2
   029D 02                  710 	.db #0x02	; 2
   029E 02                  711 	.db #0x02	; 2
   029F 02                  712 	.db #0x02	; 2
   02A0 02                  713 	.db #0x02	; 2
   02A1 02                  714 	.db #0x02	; 2
   02A2 02                  715 	.db #0x02	; 2
   02A3 02                  716 	.db #0x02	; 2
   02A4 02                  717 	.db #0x02	; 2
   02A5 02                  718 	.db #0x02	; 2
   02A6 02                  719 	.db #0x02	; 2
   02A7 02                  720 	.db #0x02	; 2
   02A8 02                  721 	.db #0x02	; 2
   02A9 02                  722 	.db #0x02	; 2
   02AA 02                  723 	.db #0x02	; 2
   02AB 02                  724 	.db #0x02	; 2
   02AC 02                  725 	.db #0x02	; 2
   02AD 02                  726 	.db #0x02	; 2
   02AE 02                  727 	.db #0x02	; 2
   02AF 02                  728 	.db #0x02	; 2
   02B0 02                  729 	.db #0x02	; 2
   02B1 02                  730 	.db #0x02	; 2
   02B2 02                  731 	.db #0x02	; 2
   02B3 02                  732 	.db #0x02	; 2
   02B4 02                  733 	.db #0x02	; 2
   02B5 02                  734 	.db #0x02	; 2
   02B6 02                  735 	.db #0x02	; 2
   02B7 02                  736 	.db #0x02	; 2
   02B8 02                  737 	.db #0x02	; 2
   02B9 02                  738 	.db #0x02	; 2
   02BA 02                  739 	.db #0x02	; 2
   02BB 02                  740 	.db #0x02	; 2
   02BC 02                  741 	.db #0x02	; 2
   02BD 02                  742 	.db #0x02	; 2
   02BE 02                  743 	.db #0x02	; 2
   02BF 02                  744 	.db #0x02	; 2
   02C0 02                  745 	.db #0x02	; 2
   02C1 02                  746 	.db #0x02	; 2
   02C2 02                  747 	.db #0x02	; 2
   02C3 02                  748 	.db #0x02	; 2
   02C4 02                  749 	.db #0x02	; 2
   02C5 02                  750 	.db #0x02	; 2
   02C6 02                  751 	.db #0x02	; 2
   02C7 02                  752 	.db #0x02	; 2
   02C8 02                  753 	.db #0x02	; 2
   02C9 02                  754 	.db #0x02	; 2
   02CA 02                  755 	.db #0x02	; 2
   02CB 02                  756 	.db #0x02	; 2
   02CC 02                  757 	.db #0x02	; 2
   02CD 02                  758 	.db #0x02	; 2
   02CE 02                  759 	.db #0x02	; 2
   02CF 02                  760 	.db #0x02	; 2
                            761 	.area _CABS (ABS)
