                              1 ;--------------------------------------------------------
                              2 ; File Created by SDCC : free open source ANSI-C Compiler
                              3 ; Version 3.6.0 #9615 (MINGW32)
                              4 ;--------------------------------------------------------
                              5 	.module map_menu_anim_asteroid_b3
                              6 	.optsdcc -mgbz80
                              7 	
                              8 ;--------------------------------------------------------
                              9 ; Public variables in this module
                             10 ;--------------------------------------------------------
                             11 	.globl _map_menu_anim_asteroid
                             12 ;--------------------------------------------------------
                             13 ; ram data
                             14 ;--------------------------------------------------------
                             15 	.area _DATA
                             16 ;--------------------------------------------------------
                             17 ; absolute external ram data
                             18 ;--------------------------------------------------------
                             19 	.area _DABS (ABS)
                             20 ;--------------------------------------------------------
                             21 ; global & static initialisations
                             22 ;--------------------------------------------------------
                             23 	.area _HOME
                             24 	.area _GSINIT
                             25 	.area _GSFINAL
                             26 	.area _GSINIT
                             27 ;--------------------------------------------------------
                             28 ; Home
                             29 ;--------------------------------------------------------
                             30 	.area _HOME
                             31 	.area _HOME
                             32 ;--------------------------------------------------------
                             33 ; code
                             34 ;--------------------------------------------------------
                             35 	.area _CODE
                             36 	.area _CODE
                             37 	.area _CODE_3
   0000                      38 _map_menu_anim_asteroid:
   0000 B3                   39 	.db #0xb3	; 179
   0001 B4                   40 	.db #0xb4	; 180
   0002 B5                   41 	.db #0xb5	; 181
   0003 B6                   42 	.db #0xb6	; 182
   0004 B7                   43 	.db #0xb7	; 183
   0005 B8                   44 	.db #0xb8	; 184
   0006 B9                   45 	.db #0xb9	; 185
   0007 BA                   46 	.db #0xba	; 186
   0008 BB                   47 	.db #0xbb	; 187
   0009 BC                   48 	.db #0xbc	; 188
   000A BD                   49 	.db #0xbd	; 189
   000B BE                   50 	.db #0xbe	; 190
   000C BF                   51 	.db #0xbf	; 191
   000D C0                   52 	.db #0xc0	; 192
   000E C1                   53 	.db #0xc1	; 193
   000F C2                   54 	.db #0xc2	; 194
   0010 C3                   55 	.db #0xc3	; 195
   0011 C4                   56 	.db #0xc4	; 196
   0012 C5                   57 	.db #0xc5	; 197
   0013 C6                   58 	.db #0xc6	; 198
   0014 C7                   59 	.db #0xc7	; 199
   0015 C8                   60 	.db #0xc8	; 200
   0016 C9                   61 	.db #0xc9	; 201
   0017 CA                   62 	.db #0xca	; 202
   0018 CB                   63 	.db #0xcb	; 203
   0019 CC                   64 	.db #0xcc	; 204
   001A CD                   65 	.db #0xcd	; 205
   001B BC                   66 	.db #0xbc	; 188
   001C BD                   67 	.db #0xbd	; 189
   001D BE                   68 	.db #0xbe	; 190
   001E BF                   69 	.db #0xbf	; 191
   001F C0                   70 	.db #0xc0	; 192
   0020 C1                   71 	.db #0xc1	; 193
   0021 C2                   72 	.db #0xc2	; 194
   0022 C3                   73 	.db #0xc3	; 195
   0023 C4                   74 	.db #0xc4	; 196
                             75 	.area _CABS (ABS)
