                              1 ;--------------------------------------------------------
                              2 ; File Created by SDCC : free open source ANSI-C Compiler
                              3 ; Version 3.6.0 #9615 (MINGW32)
                              4 ;--------------------------------------------------------
                              5 	.module spriteufo_b3
                              6 	.optsdcc -mgbz80
                              7 	
                              8 ;--------------------------------------------------------
                              9 ; Public variables in this module
                             10 ;--------------------------------------------------------
                             11 	.globl _spriteufo
                             12 	.globl _spriteufoCGB
                             13 ;--------------------------------------------------------
                             14 ; ram data
                             15 ;--------------------------------------------------------
                             16 	.area _DATA
                             17 ;--------------------------------------------------------
                             18 ; absolute external ram data
                             19 ;--------------------------------------------------------
                             20 	.area _DABS (ABS)
                             21 ;--------------------------------------------------------
                             22 ; global & static initialisations
                             23 ;--------------------------------------------------------
                             24 	.area _HOME
                             25 	.area _GSINIT
                             26 	.area _GSFINAL
                             27 	.area _GSINIT
                             28 ;--------------------------------------------------------
                             29 ; Home
                             30 ;--------------------------------------------------------
                             31 	.area _HOME
                             32 	.area _HOME
                             33 ;--------------------------------------------------------
                             34 ; code
                             35 ;--------------------------------------------------------
                             36 	.area _CODE
                             37 	.area _CODE
                             38 	.area _CODE_3
   0000                      39 _spriteufoCGB:
   0000 02                   40 	.db #0x02	; 2
   0001 02                   41 	.db #0x02	; 2
   0002 02                   42 	.db #0x02	; 2
   0003 02                   43 	.db #0x02	; 2
   0004                      44 _spriteufo:
   0004 03                   45 	.db #0x03	; 3
   0005 03                   46 	.db #0x03	; 3
   0006 0F                   47 	.db #0x0f	; 15
   0007 0C                   48 	.db #0x0c	; 12
   0008 1F                   49 	.db #0x1f	; 31
   0009 10                   50 	.db #0x10	; 16
   000A 1F                   51 	.db #0x1f	; 31
   000B 10                   52 	.db #0x10	; 16
   000C 3F                   53 	.db #0x3f	; 63
   000D 20                   54 	.db #0x20	; 32
   000E 3F                   55 	.db #0x3f	; 63
   000F 20                   56 	.db #0x20	; 32
   0010 3F                   57 	.db #0x3f	; 63
   0011 21                   58 	.db #0x21	; 33
   0012 3F                   59 	.db #0x3f	; 63
   0013 3F                   60 	.db #0x3f	; 63
   0014 40                   61 	.db #0x40	; 64
   0015 7F                   62 	.db #0x7f	; 127
   0016 80                   63 	.db #0x80	; 128
   0017 FF                   64 	.db #0xff	; 255
   0018 FF                   65 	.db #0xff	; 255
   0019 FF                   66 	.db #0xff	; 255
   001A 80                   67 	.db #0x80	; 128
   001B FF                   68 	.db #0xff	; 255
   001C 40                   69 	.db #0x40	; 64
   001D 7F                   70 	.db #0x7f	; 127
   001E 38                   71 	.db #0x38	; 56	'8'
   001F 3F                   72 	.db #0x3f	; 63
   0020 07                   73 	.db #0x07	; 7
   0021 07                   74 	.db #0x07	; 7
   0022 00                   75 	.db #0x00	; 0
   0023 00                   76 	.db #0x00	; 0
   0024 C0                   77 	.db #0xc0	; 192
   0025 C0                   78 	.db #0xc0	; 192
   0026 F0                   79 	.db #0xf0	; 240
   0027 30                   80 	.db #0x30	; 48	'0'
   0028 F8                   81 	.db #0xf8	; 248
   0029 18                   82 	.db #0x18	; 24
   002A F8                   83 	.db #0xf8	; 248
   002B 28                   84 	.db #0x28	; 40
   002C FC                   85 	.db #0xfc	; 252
   002D 54                   86 	.db #0x54	; 84	'T'
   002E FC                   87 	.db #0xfc	; 252
   002F AC                   88 	.db #0xac	; 172
   0030 FC                   89 	.db #0xfc	; 252
   0031 54                   90 	.db #0x54	; 84	'T'
   0032 FC                   91 	.db #0xfc	; 252
   0033 FC                   92 	.db #0xfc	; 252
   0034 02                   93 	.db #0x02	; 2
   0035 FE                   94 	.db #0xfe	; 254
   0036 01                   95 	.db #0x01	; 1
   0037 FF                   96 	.db #0xff	; 255
   0038 FF                   97 	.db #0xff	; 255
   0039 FF                   98 	.db #0xff	; 255
   003A 01                   99 	.db #0x01	; 1
   003B FF                  100 	.db #0xff	; 255
   003C 02                  101 	.db #0x02	; 2
   003D FE                  102 	.db #0xfe	; 254
   003E 0C                  103 	.db #0x0c	; 12
   003F FC                  104 	.db #0xfc	; 252
   0040 F0                  105 	.db #0xf0	; 240
   0041 F0                  106 	.db #0xf0	; 240
   0042 00                  107 	.db #0x00	; 0
   0043 00                  108 	.db #0x00	; 0
   0044 03                  109 	.db #0x03	; 3
   0045 03                  110 	.db #0x03	; 3
   0046 0F                  111 	.db #0x0f	; 15
   0047 0C                  112 	.db #0x0c	; 12
   0048 1F                  113 	.db #0x1f	; 31
   0049 10                  114 	.db #0x10	; 16
   004A 1F                  115 	.db #0x1f	; 31
   004B 10                  116 	.db #0x10	; 16
   004C 3F                  117 	.db #0x3f	; 63
   004D 20                  118 	.db #0x20	; 32
   004E 3F                  119 	.db #0x3f	; 63
   004F 20                  120 	.db #0x20	; 32
   0050 3F                  121 	.db #0x3f	; 63
   0051 21                  122 	.db #0x21	; 33
   0052 3F                  123 	.db #0x3f	; 63
   0053 3A                  124 	.db #0x3a	; 58
   0054 47                  125 	.db #0x47	; 71	'G'
   0055 7F                  126 	.db #0x7f	; 127
   0056 80                  127 	.db #0x80	; 128
   0057 FF                  128 	.db #0xff	; 255
   0058 F8                  129 	.db #0xf8	; 248
   0059 FF                  130 	.db #0xff	; 255
   005A 87                  131 	.db #0x87	; 135
   005B FF                  132 	.db #0xff	; 255
   005C 40                  133 	.db #0x40	; 64
   005D 7F                  134 	.db #0x7f	; 127
   005E 30                  135 	.db #0x30	; 48	'0'
   005F 3F                  136 	.db #0x3f	; 63
   0060 0E                  137 	.db #0x0e	; 14
   0061 0F                  138 	.db #0x0f	; 15
   0062 01                  139 	.db #0x01	; 1
   0063 01                  140 	.db #0x01	; 1
   0064 80                  141 	.db #0x80	; 128
   0065 80                  142 	.db #0x80	; 128
   0066 F0                  143 	.db #0xf0	; 240
   0067 70                  144 	.db #0x70	; 112	'p'
   0068 F8                  145 	.db #0xf8	; 248
   0069 58                  146 	.db #0x58	; 88	'X'
   006A F8                  147 	.db #0xf8	; 248
   006B 28                  148 	.db #0x28	; 40
   006C FC                  149 	.db #0xfc	; 252
   006D 54                  150 	.db #0x54	; 84	'T'
   006E FC                  151 	.db #0xfc	; 252
   006F AC                  152 	.db #0xac	; 172
   0070 FC                  153 	.db #0xfc	; 252
   0071 54                  154 	.db #0x54	; 84	'T'
   0072 FC                  155 	.db #0xfc	; 252
   0073 BC                  156 	.db #0xbc	; 188
   0074 E2                  157 	.db #0xe2	; 226
   0075 FE                  158 	.db #0xfe	; 254
   0076 01                  159 	.db #0x01	; 1
   0077 FF                  160 	.db #0xff	; 255
   0078 07                  161 	.db #0x07	; 7
   0079 FF                  162 	.db #0xff	; 255
   007A F9                  163 	.db #0xf9	; 249
   007B FF                  164 	.db #0xff	; 255
   007C 02                  165 	.db #0x02	; 2
   007D FE                  166 	.db #0xfe	; 254
   007E 04                  167 	.db #0x04	; 4
   007F FC                  168 	.db #0xfc	; 252
   0080 38                  169 	.db #0x38	; 56	'8'
   0081 F8                  170 	.db #0xf8	; 248
   0082 C0                  171 	.db #0xc0	; 192
   0083 C0                  172 	.db #0xc0	; 192
   0084 03                  173 	.db #0x03	; 3
   0085 03                  174 	.db #0x03	; 3
   0086 0F                  175 	.db #0x0f	; 15
   0087 0C                  176 	.db #0x0c	; 12
   0088 1F                  177 	.db #0x1f	; 31
   0089 10                  178 	.db #0x10	; 16
   008A 1F                  179 	.db #0x1f	; 31
   008B 10                  180 	.db #0x10	; 16
   008C 3F                  181 	.db #0x3f	; 63
   008D 20                  182 	.db #0x20	; 32
   008E 3F                  183 	.db #0x3f	; 63
   008F 20                  184 	.db #0x20	; 32
   0090 3F                  185 	.db #0x3f	; 63
   0091 21                  186 	.db #0x21	; 33
   0092 3F                  187 	.db #0x3f	; 63
   0093 3F                  188 	.db #0x3f	; 63
   0094 40                  189 	.db #0x40	; 64
   0095 7F                  190 	.db #0x7f	; 127
   0096 80                  191 	.db #0x80	; 128
   0097 FF                  192 	.db #0xff	; 255
   0098 FF                  193 	.db #0xff	; 255
   0099 FF                  194 	.db #0xff	; 255
   009A 80                  195 	.db #0x80	; 128
   009B FF                  196 	.db #0xff	; 255
   009C 40                  197 	.db #0x40	; 64
   009D 7F                  198 	.db #0x7f	; 127
   009E 38                  199 	.db #0x38	; 56	'8'
   009F 3F                  200 	.db #0x3f	; 63
   00A0 07                  201 	.db #0x07	; 7
   00A1 07                  202 	.db #0x07	; 7
   00A2 00                  203 	.db #0x00	; 0
   00A3 00                  204 	.db #0x00	; 0
   00A4 C0                  205 	.db #0xc0	; 192
   00A5 C0                  206 	.db #0xc0	; 192
   00A6 F0                  207 	.db #0xf0	; 240
   00A7 30                  208 	.db #0x30	; 48	'0'
   00A8 F8                  209 	.db #0xf8	; 248
   00A9 18                  210 	.db #0x18	; 24
   00AA F8                  211 	.db #0xf8	; 248
   00AB 28                  212 	.db #0x28	; 40
   00AC FC                  213 	.db #0xfc	; 252
   00AD 54                  214 	.db #0x54	; 84	'T'
   00AE FC                  215 	.db #0xfc	; 252
   00AF AC                  216 	.db #0xac	; 172
   00B0 FC                  217 	.db #0xfc	; 252
   00B1 54                  218 	.db #0x54	; 84	'T'
   00B2 FC                  219 	.db #0xfc	; 252
   00B3 FC                  220 	.db #0xfc	; 252
   00B4 02                  221 	.db #0x02	; 2
   00B5 FE                  222 	.db #0xfe	; 254
   00B6 01                  223 	.db #0x01	; 1
   00B7 FF                  224 	.db #0xff	; 255
   00B8 FF                  225 	.db #0xff	; 255
   00B9 FF                  226 	.db #0xff	; 255
   00BA 01                  227 	.db #0x01	; 1
   00BB FF                  228 	.db #0xff	; 255
   00BC 02                  229 	.db #0x02	; 2
   00BD FE                  230 	.db #0xfe	; 254
   00BE 0C                  231 	.db #0x0c	; 12
   00BF FC                  232 	.db #0xfc	; 252
   00C0 F0                  233 	.db #0xf0	; 240
   00C1 F0                  234 	.db #0xf0	; 240
   00C2 00                  235 	.db #0x00	; 0
   00C3 00                  236 	.db #0x00	; 0
   00C4 03                  237 	.db #0x03	; 3
   00C5 03                  238 	.db #0x03	; 3
   00C6 07                  239 	.db #0x07	; 7
   00C7 04                  240 	.db #0x04	; 4
   00C8 1F                  241 	.db #0x1f	; 31
   00C9 18                  242 	.db #0x18	; 24
   00CA 1F                  243 	.db #0x1f	; 31
   00CB 10                  244 	.db #0x10	; 16
   00CC 3F                  245 	.db #0x3f	; 63
   00CD 20                  246 	.db #0x20	; 32
   00CE 3F                  247 	.db #0x3f	; 63
   00CF 20                  248 	.db #0x20	; 32
   00D0 3F                  249 	.db #0x3f	; 63
   00D1 27                  250 	.db #0x27	; 39
   00D2 38                  251 	.db #0x38	; 56	'8'
   00D3 3F                  252 	.db #0x3f	; 63
   00D4 40                  253 	.db #0x40	; 64
   00D5 7F                  254 	.db #0x7f	; 127
   00D6 8F                  255 	.db #0x8f	; 143
   00D7 FF                  256 	.db #0xff	; 255
   00D8 F0                  257 	.db #0xf0	; 240
   00D9 FF                  258 	.db #0xff	; 255
   00DA 80                  259 	.db #0x80	; 128
   00DB FF                  260 	.db #0xff	; 255
   00DC 40                  261 	.db #0x40	; 64
   00DD 7F                  262 	.db #0x7f	; 127
   00DE 3C                  263 	.db #0x3c	; 60
   00DF 3F                  264 	.db #0x3f	; 63
   00E0 03                  265 	.db #0x03	; 3
   00E1 03                  266 	.db #0x03	; 3
   00E2 00                  267 	.db #0x00	; 0
   00E3 00                  268 	.db #0x00	; 0
   00E4 C0                  269 	.db #0xc0	; 192
   00E5 C0                  270 	.db #0xc0	; 192
   00E6 F0                  271 	.db #0xf0	; 240
   00E7 70                  272 	.db #0x70	; 112	'p'
   00E8 F8                  273 	.db #0xf8	; 248
   00E9 58                  274 	.db #0x58	; 88	'X'
   00EA F8                  275 	.db #0xf8	; 248
   00EB 28                  276 	.db #0x28	; 40
   00EC FC                  277 	.db #0xfc	; 252
   00ED 54                  278 	.db #0x54	; 84	'T'
   00EE FC                  279 	.db #0xfc	; 252
   00EF AC                  280 	.db #0xac	; 172
   00F0 FC                  281 	.db #0xfc	; 252
   00F1 F4                  282 	.db #0xf4	; 244
   00F2 0C                  283 	.db #0x0c	; 12
   00F3 FC                  284 	.db #0xfc	; 252
   00F4 02                  285 	.db #0x02	; 2
   00F5 FE                  286 	.db #0xfe	; 254
   00F6 F9                  287 	.db #0xf9	; 249
   00F7 FF                  288 	.db #0xff	; 255
   00F8 07                  289 	.db #0x07	; 7
   00F9 FF                  290 	.db #0xff	; 255
   00FA 01                  291 	.db #0x01	; 1
   00FB FF                  292 	.db #0xff	; 255
   00FC 02                  293 	.db #0x02	; 2
   00FD FE                  294 	.db #0xfe	; 254
   00FE 1C                  295 	.db #0x1c	; 28
   00FF FC                  296 	.db #0xfc	; 252
   0100 E0                  297 	.db #0xe0	; 224
   0101 E0                  298 	.db #0xe0	; 224
   0102 00                  299 	.db #0x00	; 0
   0103 00                  300 	.db #0x00	; 0
                            301 	.area _CABS (ABS)
